<html>
<head>
<title>TestNG:  Filters</title>
<link href="../testng.css" rel="stylesheet" type="text/css" />
<link href="../my-testng.css" rel="stylesheet" type="text/css" />

<style type="text/css">
.log { display: none;} 
.stack-trace { display: none;} 
</style>
<script type="text/javascript">
<!--
function flip(e) {
  current = e.style.display;
  if (current == 'block') {
    e.style.display = 'none';
    return 0;
  }
  else {
    e.style.display = 'block';
    return 1;
  }
}

function toggleBox(szDivId, elem, msg1, msg2)
{
  var res = -1;  if (document.getElementById) {
    res = flip(document.getElementById(szDivId));
  }
  else if (document.all) {
    // this is the way old msie versions work
    res = flip(document.all[szDivId]);
  }
  if(elem) {
    if(res == 0) elem.innerHTML = msg1; else elem.innerHTML = msg2;
  }

}

function toggleAllBoxes() {
  if (document.getElementsByTagName) {
    d = document.getElementsByTagName('div');
    for (i = 0; i < d.length; i++) {
      if (d[i].className == 'log') {
        flip(d[i]);
      }
    }
  }
}

// -->
</script>

</head>
<body>
<h2 align='center'>Filters</h2><table border='1' align="center">
<tr>
<td>Tests passed/Failed/Skipped:</td><td>0/10/0</td>
</tr><tr>
<td>Started on:</td><td>Fri Oct 04 17:25:04 EEST 2019</td>
</tr>
<tr><td>Total time:</td><td>166 seconds (166719 ms)</td>
</tr><tr>
<td>Included groups:</td><td></td>
</tr><tr>
<td>Excluded groups:</td><td></td>
</tr>
</table><p/>
<small><i>(Hover the method name to see the test class name)</i></small><p/>
<table width='100%' border='1' class='invocation-failed'>
<tr><td colspan='4' align='center'><b>FAILED TESTS</b></td></tr>
<tr><td><b>Test method</b></td>
<td width="30%"><b>Exception</b></td>
<td width="10%"><b>Time (seconds)</b></td>
<td><b>Instance</b></td>
</tr>
<tr>
<td title='com.ei.test_cases.filter.FiltersOnAlalrmsPage.navigationToAlarmsPageTest()'><b>navigationToAlarmsPageTest</b><br>Test class: com.ei.test_cases.filter.FiltersOnAlalrmsPage</td>
<td><div><pre>java.lang.AssertionError: The following asserts failed:
	expected [true] but found [false],
	expected [true] but found [false]
	at com.ei.util.EISoftAssert.assertAll(EISoftAssert.java:52)
	at com.ei.test_cases.filter.FiltersOnAlalrmsPage.navigationToAlarmsPageTest(FiltersOnAlalrmsPage.java:30)
... Removed 28 stack frames</pre></div><a href='#' onClick='toggleBox("stack-trace1026281226", this, "Click to show all stack frames", "Click to hide stack frames")'>Click to show all stack frames</a>
<div class='stack-trace' id='stack-trace1026281226'><pre>java.lang.AssertionError: The following asserts failed:
	expected [true] but found [false],
	expected [true] but found [false]
	at com.ei.util.EISoftAssert.assertAll(EISoftAssert.java:52)
	at com.ei.test_cases.filter.FiltersOnAlalrmsPage.navigationToAlarmsPageTest(FiltersOnAlalrmsPage.java:30)
	at sun.reflect.NativeMethodAccessorImpl.invoke0(Native Method)
	at sun.reflect.NativeMethodAccessorImpl.invoke(NativeMethodAccessorImpl.java:62)
	at sun.reflect.DelegatingMethodAccessorImpl.invoke(DelegatingMethodAccessorImpl.java:43)
	at java.lang.reflect.Method.invoke(Method.java:498)
	at org.testng.internal.MethodInvocationHelper.invokeMethod(MethodInvocationHelper.java:124)
	at org.testng.internal.Invoker.invokeMethod(Invoker.java:583)
	at org.testng.internal.Invoker.invokeTestMethod(Invoker.java:719)
	at org.testng.internal.Invoker.invokeTestMethods(Invoker.java:989)
	at org.testng.internal.TestMethodWorker.invokeTestMethods(TestMethodWorker.java:125)
	at org.testng.internal.TestMethodWorker.run(TestMethodWorker.java:109)
	at org.testng.TestRunner.privateRun(TestRunner.java:648)
	at org.testng.TestRunner.run(TestRunner.java:505)
	at org.testng.SuiteRunner.runTest(SuiteRunner.java:455)
	at org.testng.SuiteRunner.runSequentially(SuiteRunner.java:450)
	at org.testng.SuiteRunner.privateRun(SuiteRunner.java:415)
	at org.testng.SuiteRunner.run(SuiteRunner.java:364)
	at org.testng.SuiteRunnerWorker.runSuite(SuiteRunnerWorker.java:52)
	at org.testng.SuiteRunnerWorker.run(SuiteRunnerWorker.java:84)
	at org.testng.TestNG.runSuitesSequentially(TestNG.java:1208)
	at org.testng.TestNG.runSuitesLocally(TestNG.java:1137)
	at org.testng.TestNG.runSuites(TestNG.java:1049)
	at org.testng.TestNG.run(TestNG.java:1017)
	at org.apache.maven.surefire.testng.TestNGExecutor.run(TestNGExecutor.java:283)
	at org.apache.maven.surefire.testng.TestNGXmlTestSuite.execute(TestNGXmlTestSuite.java:75)
	at org.apache.maven.surefire.testng.TestNGProvider.invoke(TestNGProvider.java:120)
	at org.apache.maven.surefire.booter.ForkedBooter.invokeProviderInSameClassLoader(ForkedBooter.java:386)
	at org.apache.maven.surefire.booter.ForkedBooter.runSuitesInProcess(ForkedBooter.java:323)
	at org.apache.maven.surefire.booter.ForkedBooter.main(ForkedBooter.java:143)
</pre></div></td>
<td>1</td>
<td>com.ei.test_cases.filter.FiltersOnAlalrmsPage@332a7fce</td></tr>
<tr>
<td title='com.ei.test_cases.filter.FiltersOnAlalrmsPage.numericFiltersTest()'><b>numericFiltersTest</b><br>Test class: com.ei.test_cases.filter.FiltersOnAlalrmsPage</td>
<td><div><pre>java.lang.AssertionError: The following asserts failed:
	expected [true] but found [false],
	expected [true] but found [false],
	imap_client.exe (10232) doesn`t match file.exe (10232) expected [true] but found [false],
	imap_client.exe (10232) doesn`t match file.exe (10232) expected [true] but found [false],
	imap_client.exe (10232) doesn`t match file.exe (10232) expected [true] but found [false],
	imap_client.exe (10232) doesn`t match file.exe (10232) expected [true] but found [false],
	imap_client.exe (10232) doesn`t match file.exe (10232) expected [true] but found [false],
	imap_client.exe (10232) doesn`t match file.exe (10232) expected [true] but found [false],
	imap_client.exe (10232) doesn`t match file.exe (10232) expected [true] but found [false],
	imap_client.exe (10232) doesn`t match file.exe (10232) expected [true] but found [false],
	imap_client.exe (10232) doesn`t match file.exe (10232) expected [true] but found [false],
	imap_client.exe (10232) doesn`t match registry.exe (10232) expected [true] but found [false],
	imap_client.exe (10232) doesn`t match registry.exe (10232) expected [true] but found [false],
	imap_client.exe (10232) doesn`t match file.exe (10232) expected [true] but found [false],
	imap_client.exe (10232) doesn`t match file.exe (10232) expected [true] but found [false],
	imap_client.exe (10232) doesn`t match file.exe (10232) expected [true] but found [false],
	imap_client.exe (10232) doesn`t match file.exe (10232) expected [true] but found [false],
	imap_client.exe (10232) doesn`t match registry.exe (10232) expected [true] but found [false],
	imap_client.exe (10232) doesn`t match registry.exe (10232) expected [true] but found [false],
	imap_client.exe (10232) doesn`t match file.exe (10232) expected [true] but found [false],
	imap_client.exe (10232) doesn`t match file.exe (10232) expected [true] but found [false],
	imap_client.exe (10232) doesn`t match file.exe (10232) expected [true] but found [false],
	imap_client.exe (10232) doesn`t match file.exe (10232) expected [true] but found [false],
	imap_client.exe (10232) doesn`t match file.exe (10232) expected [true] but found [false],
	imap_client.exe (10232) doesn`t match file.exe (10232) expected [true] but found [false],
	imap_client.exe (10232) doesn`t match registry.exe (10232) expected [true] but found [false],
	imap_client.exe (10232) doesn`t match registry.exe (10232) expected [true] but found [false],
	imap_client.exe (10232) doesn`t match registry.exe (10232) expected [true] but found [false]
	at com.ei.util.EISoftAssert.assertAll(EISoftAssert.java:52)
	at com.ei.test_cases.filter.FiltersOnAlalrmsPage.numericFiltersTest(FiltersOnAlalrmsPage.java:61)
... Removed 28 stack frames</pre></div><a href='#' onClick='toggleBox("stack-trace918523964", this, "Click to show all stack frames", "Click to hide stack frames")'>Click to show all stack frames</a>
<div class='stack-trace' id='stack-trace918523964'><pre>java.lang.AssertionError: The following asserts failed:
	expected [true] but found [false],
	expected [true] but found [false],
	imap_client.exe (10232) doesn`t match file.exe (10232) expected [true] but found [false],
	imap_client.exe (10232) doesn`t match file.exe (10232) expected [true] but found [false],
	imap_client.exe (10232) doesn`t match file.exe (10232) expected [true] but found [false],
	imap_client.exe (10232) doesn`t match file.exe (10232) expected [true] but found [false],
	imap_client.exe (10232) doesn`t match file.exe (10232) expected [true] but found [false],
	imap_client.exe (10232) doesn`t match file.exe (10232) expected [true] but found [false],
	imap_client.exe (10232) doesn`t match file.exe (10232) expected [true] but found [false],
	imap_client.exe (10232) doesn`t match file.exe (10232) expected [true] but found [false],
	imap_client.exe (10232) doesn`t match file.exe (10232) expected [true] but found [false],
	imap_client.exe (10232) doesn`t match registry.exe (10232) expected [true] but found [false],
	imap_client.exe (10232) doesn`t match registry.exe (10232) expected [true] but found [false],
	imap_client.exe (10232) doesn`t match file.exe (10232) expected [true] but found [false],
	imap_client.exe (10232) doesn`t match file.exe (10232) expected [true] but found [false],
	imap_client.exe (10232) doesn`t match file.exe (10232) expected [true] but found [false],
	imap_client.exe (10232) doesn`t match file.exe (10232) expected [true] but found [false],
	imap_client.exe (10232) doesn`t match registry.exe (10232) expected [true] but found [false],
	imap_client.exe (10232) doesn`t match registry.exe (10232) expected [true] but found [false],
	imap_client.exe (10232) doesn`t match file.exe (10232) expected [true] but found [false],
	imap_client.exe (10232) doesn`t match file.exe (10232) expected [true] but found [false],
	imap_client.exe (10232) doesn`t match file.exe (10232) expected [true] but found [false],
	imap_client.exe (10232) doesn`t match file.exe (10232) expected [true] but found [false],
	imap_client.exe (10232) doesn`t match file.exe (10232) expected [true] but found [false],
	imap_client.exe (10232) doesn`t match file.exe (10232) expected [true] but found [false],
	imap_client.exe (10232) doesn`t match registry.exe (10232) expected [true] but found [false],
	imap_client.exe (10232) doesn`t match registry.exe (10232) expected [true] but found [false],
	imap_client.exe (10232) doesn`t match registry.exe (10232) expected [true] but found [false]
	at com.ei.util.EISoftAssert.assertAll(EISoftAssert.java:52)
	at com.ei.test_cases.filter.FiltersOnAlalrmsPage.numericFiltersTest(FiltersOnAlalrmsPage.java:61)
	at sun.reflect.NativeMethodAccessorImpl.invoke0(Native Method)
	at sun.reflect.NativeMethodAccessorImpl.invoke(NativeMethodAccessorImpl.java:62)
	at sun.reflect.DelegatingMethodAccessorImpl.invoke(DelegatingMethodAccessorImpl.java:43)
	at java.lang.reflect.Method.invoke(Method.java:498)
	at org.testng.internal.MethodInvocationHelper.invokeMethod(MethodInvocationHelper.java:124)
	at org.testng.internal.Invoker.invokeMethod(Invoker.java:583)
	at org.testng.internal.Invoker.invokeTestMethod(Invoker.java:719)
	at org.testng.internal.Invoker.invokeTestMethods(Invoker.java:989)
	at org.testng.internal.TestMethodWorker.invokeTestMethods(TestMethodWorker.java:125)
	at org.testng.internal.TestMethodWorker.run(TestMethodWorker.java:109)
	at org.testng.TestRunner.privateRun(TestRunner.java:648)
	at org.testng.TestRunner.run(TestRunner.java:505)
	at org.testng.SuiteRunner.runTest(SuiteRunner.java:455)
	at org.testng.SuiteRunner.runSequentially(SuiteRunner.java:450)
	at org.testng.SuiteRunner.privateRun(SuiteRunner.java:415)
	at org.testng.SuiteRunner.run(SuiteRunner.java:364)
	at org.testng.SuiteRunnerWorker.runSuite(SuiteRunnerWorker.java:52)
	at org.testng.SuiteRunnerWorker.run(SuiteRunnerWorker.java:84)
	at org.testng.TestNG.runSuitesSequentially(TestNG.java:1208)
	at org.testng.TestNG.runSuitesLocally(TestNG.java:1137)
	at org.testng.TestNG.runSuites(TestNG.java:1049)
	at org.testng.TestNG.run(TestNG.java:1017)
	at org.apache.maven.surefire.testng.TestNGExecutor.run(TestNGExecutor.java:283)
	at org.apache.maven.surefire.testng.TestNGXmlTestSuite.execute(TestNGXmlTestSuite.java:75)
	at org.apache.maven.surefire.testng.TestNGProvider.invoke(TestNGProvider.java:120)
	at org.apache.maven.surefire.booter.ForkedBooter.invokeProviderInSameClassLoader(ForkedBooter.java:386)
	at org.apache.maven.surefire.booter.ForkedBooter.runSuitesInProcess(ForkedBooter.java:323)
	at org.apache.maven.surefire.booter.ForkedBooter.main(ForkedBooter.java:143)
</pre></div></td>
<td>28</td>
<td>com.ei.test_cases.filter.FiltersOnAlalrmsPage@332a7fce</td></tr>
<tr>
<td title='com.ei.test_cases.filter.FiltersOnAlarmRulesPage.numericFiltersTest()'><b>numericFiltersTest</b><br>Test class: com.ei.test_cases.filter.FiltersOnAlarmRulesPage</td>
<td><div><pre>java.lang.AssertionError: The following asserts failed:
	expected [true] but found [false],
	expected [true] but found [false],
	imap_client.exe (10232) doesn`t match file.exe (10232) expected [true] but found [false],
	imap_client.exe (10232) doesn`t match file.exe (10232) expected [true] but found [false],
	imap_client.exe (10232) doesn`t match file.exe (10232) expected [true] but found [false],
	imap_client.exe (10232) doesn`t match file.exe (10232) expected [true] but found [false],
	imap_client.exe (10232) doesn`t match file.exe (10232) expected [true] but found [false],
	imap_client.exe (10232) doesn`t match file.exe (10232) expected [true] but found [false],
	imap_client.exe (10232) doesn`t match file.exe (10232) expected [true] but found [false],
	imap_client.exe (10232) doesn`t match file.exe (10232) expected [true] but found [false],
	imap_client.exe (10232) doesn`t match file.exe (10232) expected [true] but found [false],
	imap_client.exe (10232) doesn`t match registry.exe (10232) expected [true] but found [false],
	imap_client.exe (10232) doesn`t match registry.exe (10232) expected [true] but found [false],
	imap_client.exe (10232) doesn`t match file.exe (10232) expected [true] but found [false],
	imap_client.exe (10232) doesn`t match file.exe (10232) expected [true] but found [false],
	imap_client.exe (10232) doesn`t match file.exe (10232) expected [true] but found [false],
	imap_client.exe (10232) doesn`t match file.exe (10232) expected [true] but found [false],
	imap_client.exe (10232) doesn`t match registry.exe (10232) expected [true] but found [false],
	imap_client.exe (10232) doesn`t match registry.exe (10232) expected [true] but found [false],
	imap_client.exe (10232) doesn`t match file.exe (10232) expected [true] but found [false],
	imap_client.exe (10232) doesn`t match file.exe (10232) expected [true] but found [false],
	imap_client.exe (10232) doesn`t match file.exe (10232) expected [true] but found [false],
	imap_client.exe (10232) doesn`t match file.exe (10232) expected [true] but found [false],
	imap_client.exe (10232) doesn`t match file.exe (10232) expected [true] but found [false],
	imap_client.exe (10232) doesn`t match file.exe (10232) expected [true] but found [false],
	imap_client.exe (10232) doesn`t match registry.exe (10232) expected [true] but found [false],
	imap_client.exe (10232) doesn`t match registry.exe (10232) expected [true] but found [false],
	imap_client.exe (10232) doesn`t match registry.exe (10232) expected [true] but found [false],
	PROCESS_NAME set to imap_client.exe (1944). 0 records returned, had to be at least 1 record expected [true] but found [false],
	PARENT_PROCESS_NAME set to Unknown. 0 records returned, had to be at least 1 record expected [true] but found [false],
	COMMAND_LINE set to files\http_request.exe http://allnod.com. 0 records returned, had to be at least 1 record expected [true] but found [false],
	USERNAME set to wserv2016ei\administrator. 0 records returned, had to be at least 1 record expected [true] but found [false],
	FULL_NAME set to Unknown. 0 records returned, had to be at least 1 record expected [true] but found [false],
	JOB_POSITION set to Unknown. 0 records returned, had to be at least 1 record expected [true] but found [false],
	USER_DEPARTMENT set to Unknown. 0 records returned, had to be at least 1 record expected [true] but found [false]
	at com.ei.util.EISoftAssert.assertAll(EISoftAssert.java:52)
	at com.ei.test_cases.filter.FiltersOnAlarmRulesPage.numericFiltersTest(FiltersOnAlarmRulesPage.java:53)
... Removed 28 stack frames</pre></div><a href='#' onClick='toggleBox("stack-trace545596759", this, "Click to show all stack frames", "Click to hide stack frames")'>Click to show all stack frames</a>
<div class='stack-trace' id='stack-trace545596759'><pre>java.lang.AssertionError: The following asserts failed:
	expected [true] but found [false],
	expected [true] but found [false],
	imap_client.exe (10232) doesn`t match file.exe (10232) expected [true] but found [false],
	imap_client.exe (10232) doesn`t match file.exe (10232) expected [true] but found [false],
	imap_client.exe (10232) doesn`t match file.exe (10232) expected [true] but found [false],
	imap_client.exe (10232) doesn`t match file.exe (10232) expected [true] but found [false],
	imap_client.exe (10232) doesn`t match file.exe (10232) expected [true] but found [false],
	imap_client.exe (10232) doesn`t match file.exe (10232) expected [true] but found [false],
	imap_client.exe (10232) doesn`t match file.exe (10232) expected [true] but found [false],
	imap_client.exe (10232) doesn`t match file.exe (10232) expected [true] but found [false],
	imap_client.exe (10232) doesn`t match file.exe (10232) expected [true] but found [false],
	imap_client.exe (10232) doesn`t match registry.exe (10232) expected [true] but found [false],
	imap_client.exe (10232) doesn`t match registry.exe (10232) expected [true] but found [false],
	imap_client.exe (10232) doesn`t match file.exe (10232) expected [true] but found [false],
	imap_client.exe (10232) doesn`t match file.exe (10232) expected [true] but found [false],
	imap_client.exe (10232) doesn`t match file.exe (10232) expected [true] but found [false],
	imap_client.exe (10232) doesn`t match file.exe (10232) expected [true] but found [false],
	imap_client.exe (10232) doesn`t match registry.exe (10232) expected [true] but found [false],
	imap_client.exe (10232) doesn`t match registry.exe (10232) expected [true] but found [false],
	imap_client.exe (10232) doesn`t match file.exe (10232) expected [true] but found [false],
	imap_client.exe (10232) doesn`t match file.exe (10232) expected [true] but found [false],
	imap_client.exe (10232) doesn`t match file.exe (10232) expected [true] but found [false],
	imap_client.exe (10232) doesn`t match file.exe (10232) expected [true] but found [false],
	imap_client.exe (10232) doesn`t match file.exe (10232) expected [true] but found [false],
	imap_client.exe (10232) doesn`t match file.exe (10232) expected [true] but found [false],
	imap_client.exe (10232) doesn`t match registry.exe (10232) expected [true] but found [false],
	imap_client.exe (10232) doesn`t match registry.exe (10232) expected [true] but found [false],
	imap_client.exe (10232) doesn`t match registry.exe (10232) expected [true] but found [false],
	PROCESS_NAME set to imap_client.exe (1944). 0 records returned, had to be at least 1 record expected [true] but found [false],
	PARENT_PROCESS_NAME set to Unknown. 0 records returned, had to be at least 1 record expected [true] but found [false],
	COMMAND_LINE set to files\http_request.exe http://allnod.com. 0 records returned, had to be at least 1 record expected [true] but found [false],
	USERNAME set to wserv2016ei\administrator. 0 records returned, had to be at least 1 record expected [true] but found [false],
	FULL_NAME set to Unknown. 0 records returned, had to be at least 1 record expected [true] but found [false],
	JOB_POSITION set to Unknown. 0 records returned, had to be at least 1 record expected [true] but found [false],
	USER_DEPARTMENT set to Unknown. 0 records returned, had to be at least 1 record expected [true] but found [false]
	at com.ei.util.EISoftAssert.assertAll(EISoftAssert.java:52)
	at com.ei.test_cases.filter.FiltersOnAlarmRulesPage.numericFiltersTest(FiltersOnAlarmRulesPage.java:53)
	at sun.reflect.NativeMethodAccessorImpl.invoke0(Native Method)
	at sun.reflect.NativeMethodAccessorImpl.invoke(NativeMethodAccessorImpl.java:62)
	at sun.reflect.DelegatingMethodAccessorImpl.invoke(DelegatingMethodAccessorImpl.java:43)
	at java.lang.reflect.Method.invoke(Method.java:498)
	at org.testng.internal.MethodInvocationHelper.invokeMethod(MethodInvocationHelper.java:124)
	at org.testng.internal.Invoker.invokeMethod(Invoker.java:583)
	at org.testng.internal.Invoker.invokeTestMethod(Invoker.java:719)
	at org.testng.internal.Invoker.invokeTestMethods(Invoker.java:989)
	at org.testng.internal.TestMethodWorker.invokeTestMethods(TestMethodWorker.java:125)
	at org.testng.internal.TestMethodWorker.run(TestMethodWorker.java:109)
	at org.testng.TestRunner.privateRun(TestRunner.java:648)
	at org.testng.TestRunner.run(TestRunner.java:505)
	at org.testng.SuiteRunner.runTest(SuiteRunner.java:455)
	at org.testng.SuiteRunner.runSequentially(SuiteRunner.java:450)
	at org.testng.SuiteRunner.privateRun(SuiteRunner.java:415)
	at org.testng.SuiteRunner.run(SuiteRunner.java:364)
	at org.testng.SuiteRunnerWorker.runSuite(SuiteRunnerWorker.java:52)
	at org.testng.SuiteRunnerWorker.run(SuiteRunnerWorker.java:84)
	at org.testng.TestNG.runSuitesSequentially(TestNG.java:1208)
	at org.testng.TestNG.runSuitesLocally(TestNG.java:1137)
	at org.testng.TestNG.runSuites(TestNG.java:1049)
	at org.testng.TestNG.run(TestNG.java:1017)
	at org.apache.maven.surefire.testng.TestNGExecutor.run(TestNGExecutor.java:283)
	at org.apache.maven.surefire.testng.TestNGXmlTestSuite.execute(TestNGXmlTestSuite.java:75)
	at org.apache.maven.surefire.testng.TestNGProvider.invoke(TestNGProvider.java:120)
	at org.apache.maven.surefire.booter.ForkedBooter.invokeProviderInSameClassLoader(ForkedBooter.java:386)
	at org.apache.maven.surefire.booter.ForkedBooter.runSuitesInProcess(ForkedBooter.java:323)
	at org.apache.maven.surefire.booter.ForkedBooter.main(ForkedBooter.java:143)
</pre></div></td>
<td>8</td>
<td>com.ei.test_cases.filter.FiltersOnAlarmRulesPage@549621f3</td></tr>
<tr>
<td title='com.ei.test_cases.filter.FiltersOnAlalrmsPage.textFiltersSpecificCharactersTest()'><b>textFiltersSpecificCharactersTest</b><br>Test class: com.ei.test_cases.filter.FiltersOnAlalrmsPage<br>Parameters: !</td>
<td><div><pre>java.lang.AssertionError: The following asserts failed:
	expected [true] but found [false],
	expected [true] but found [false],
	imap_client.exe (10232) doesn`t match file.exe (10232) expected [true] but found [false],
	imap_client.exe (10232) doesn`t match file.exe (10232) expected [true] but found [false],
	imap_client.exe (10232) doesn`t match file.exe (10232) expected [true] but found [false],
	imap_client.exe (10232) doesn`t match file.exe (10232) expected [true] but found [false],
	imap_client.exe (10232) doesn`t match file.exe (10232) expected [true] but found [false],
	imap_client.exe (10232) doesn`t match file.exe (10232) expected [true] but found [false],
	imap_client.exe (10232) doesn`t match file.exe (10232) expected [true] but found [false],
	imap_client.exe (10232) doesn`t match file.exe (10232) expected [true] but found [false],
	imap_client.exe (10232) doesn`t match file.exe (10232) expected [true] but found [false],
	imap_client.exe (10232) doesn`t match registry.exe (10232) expected [true] but found [false],
	imap_client.exe (10232) doesn`t match registry.exe (10232) expected [true] but found [false],
	imap_client.exe (10232) doesn`t match file.exe (10232) expected [true] but found [false],
	imap_client.exe (10232) doesn`t match file.exe (10232) expected [true] but found [false],
	imap_client.exe (10232) doesn`t match file.exe (10232) expected [true] but found [false],
	imap_client.exe (10232) doesn`t match file.exe (10232) expected [true] but found [false],
	imap_client.exe (10232) doesn`t match registry.exe (10232) expected [true] but found [false],
	imap_client.exe (10232) doesn`t match registry.exe (10232) expected [true] but found [false],
	imap_client.exe (10232) doesn`t match file.exe (10232) expected [true] but found [false],
	imap_client.exe (10232) doesn`t match file.exe (10232) expected [true] but found [false],
	imap_client.exe (10232) doesn`t match file.exe (10232) expected [true] but found [false],
	imap_client.exe (10232) doesn`t match file.exe (10232) expected [true] but found [false],
	imap_client.exe (10232) doesn`t match file.exe (10232) expected [true] but found [false],
	imap_client.exe (10232) doesn`t match file.exe (10232) expected [true] but found [false],
	imap_client.exe (10232) doesn`t match registry.exe (10232) expected [true] but found [false],
	imap_client.exe (10232) doesn`t match registry.exe (10232) expected [true] but found [false],
	imap_client.exe (10232) doesn`t match registry.exe (10232) expected [true] but found [false]
	at com.ei.util.EISoftAssert.assertAll(EISoftAssert.java:52)
	at com.ei.test_cases.filter.FiltersOnAlalrmsPage.textFiltersSpecificCharactersTest(FiltersOnAlalrmsPage.java:72)
... Removed 28 stack frames</pre></div><a href='#' onClick='toggleBox("stack-trace421147720", this, "Click to show all stack frames", "Click to hide stack frames")'>Click to show all stack frames</a>
<div class='stack-trace' id='stack-trace421147720'><pre>java.lang.AssertionError: The following asserts failed:
	expected [true] but found [false],
	expected [true] but found [false],
	imap_client.exe (10232) doesn`t match file.exe (10232) expected [true] but found [false],
	imap_client.exe (10232) doesn`t match file.exe (10232) expected [true] but found [false],
	imap_client.exe (10232) doesn`t match file.exe (10232) expected [true] but found [false],
	imap_client.exe (10232) doesn`t match file.exe (10232) expected [true] but found [false],
	imap_client.exe (10232) doesn`t match file.exe (10232) expected [true] but found [false],
	imap_client.exe (10232) doesn`t match file.exe (10232) expected [true] but found [false],
	imap_client.exe (10232) doesn`t match file.exe (10232) expected [true] but found [false],
	imap_client.exe (10232) doesn`t match file.exe (10232) expected [true] but found [false],
	imap_client.exe (10232) doesn`t match file.exe (10232) expected [true] but found [false],
	imap_client.exe (10232) doesn`t match registry.exe (10232) expected [true] but found [false],
	imap_client.exe (10232) doesn`t match registry.exe (10232) expected [true] but found [false],
	imap_client.exe (10232) doesn`t match file.exe (10232) expected [true] but found [false],
	imap_client.exe (10232) doesn`t match file.exe (10232) expected [true] but found [false],
	imap_client.exe (10232) doesn`t match file.exe (10232) expected [true] but found [false],
	imap_client.exe (10232) doesn`t match file.exe (10232) expected [true] but found [false],
	imap_client.exe (10232) doesn`t match registry.exe (10232) expected [true] but found [false],
	imap_client.exe (10232) doesn`t match registry.exe (10232) expected [true] but found [false],
	imap_client.exe (10232) doesn`t match file.exe (10232) expected [true] but found [false],
	imap_client.exe (10232) doesn`t match file.exe (10232) expected [true] but found [false],
	imap_client.exe (10232) doesn`t match file.exe (10232) expected [true] but found [false],
	imap_client.exe (10232) doesn`t match file.exe (10232) expected [true] but found [false],
	imap_client.exe (10232) doesn`t match file.exe (10232) expected [true] but found [false],
	imap_client.exe (10232) doesn`t match file.exe (10232) expected [true] but found [false],
	imap_client.exe (10232) doesn`t match registry.exe (10232) expected [true] but found [false],
	imap_client.exe (10232) doesn`t match registry.exe (10232) expected [true] but found [false],
	imap_client.exe (10232) doesn`t match registry.exe (10232) expected [true] but found [false]
	at com.ei.util.EISoftAssert.assertAll(EISoftAssert.java:52)
	at com.ei.test_cases.filter.FiltersOnAlalrmsPage.textFiltersSpecificCharactersTest(FiltersOnAlalrmsPage.java:72)
	at sun.reflect.NativeMethodAccessorImpl.invoke0(Native Method)
	at sun.reflect.NativeMethodAccessorImpl.invoke(NativeMethodAccessorImpl.java:62)
	at sun.reflect.DelegatingMethodAccessorImpl.invoke(DelegatingMethodAccessorImpl.java:43)
	at java.lang.reflect.Method.invoke(Method.java:498)
	at org.testng.internal.MethodInvocationHelper.invokeMethod(MethodInvocationHelper.java:124)
	at org.testng.internal.Invoker.invokeMethod(Invoker.java:583)
	at org.testng.internal.Invoker.invokeTestMethod(Invoker.java:719)
	at org.testng.internal.Invoker.invokeTestMethods(Invoker.java:989)
	at org.testng.internal.TestMethodWorker.invokeTestMethods(TestMethodWorker.java:125)
	at org.testng.internal.TestMethodWorker.run(TestMethodWorker.java:109)
	at org.testng.TestRunner.privateRun(TestRunner.java:648)
	at org.testng.TestRunner.run(TestRunner.java:505)
	at org.testng.SuiteRunner.runTest(SuiteRunner.java:455)
	at org.testng.SuiteRunner.runSequentially(SuiteRunner.java:450)
	at org.testng.SuiteRunner.privateRun(SuiteRunner.java:415)
	at org.testng.SuiteRunner.run(SuiteRunner.java:364)
	at org.testng.SuiteRunnerWorker.runSuite(SuiteRunnerWorker.java:52)
	at org.testng.SuiteRunnerWorker.run(SuiteRunnerWorker.java:84)
	at org.testng.TestNG.runSuitesSequentially(TestNG.java:1208)
	at org.testng.TestNG.runSuitesLocally(TestNG.java:1137)
	at org.testng.TestNG.runSuites(TestNG.java:1049)
	at org.testng.TestNG.run(TestNG.java:1017)
	at org.apache.maven.surefire.testng.TestNGExecutor.run(TestNGExecutor.java:283)
	at org.apache.maven.surefire.testng.TestNGXmlTestSuite.execute(TestNGXmlTestSuite.java:75)
	at org.apache.maven.surefire.testng.TestNGProvider.invoke(TestNGProvider.java:120)
	at org.apache.maven.surefire.booter.ForkedBooter.invokeProviderInSameClassLoader(ForkedBooter.java:386)
	at org.apache.maven.surefire.booter.ForkedBooter.runSuitesInProcess(ForkedBooter.java:323)
	at org.apache.maven.surefire.booter.ForkedBooter.main(ForkedBooter.java:143)
</pre></div></td>
<td>5</td>
<td>com.ei.test_cases.filter.FiltersOnAlalrmsPage@332a7fce</td></tr>
<tr>
<td title='com.ei.test_cases.filter.FiltersOnAlalrmsPage.textFiltersSpecificCharactersTest()'><b>textFiltersSpecificCharactersTest</b><br>Test class: com.ei.test_cases.filter.FiltersOnAlalrmsPage<br>Parameters: @</td>
<td><div><pre>java.lang.AssertionError: The following asserts failed:
	expected [true] but found [false],
	expected [true] but found [false],
	imap_client.exe (10232) doesn`t match file.exe (10232) expected [true] but found [false],
	imap_client.exe (10232) doesn`t match file.exe (10232) expected [true] but found [false],
	imap_client.exe (10232) doesn`t match file.exe (10232) expected [true] but found [false],
	imap_client.exe (10232) doesn`t match file.exe (10232) expected [true] but found [false],
	imap_client.exe (10232) doesn`t match file.exe (10232) expected [true] but found [false],
	imap_client.exe (10232) doesn`t match file.exe (10232) expected [true] but found [false],
	imap_client.exe (10232) doesn`t match file.exe (10232) expected [true] but found [false],
	imap_client.exe (10232) doesn`t match file.exe (10232) expected [true] but found [false],
	imap_client.exe (10232) doesn`t match file.exe (10232) expected [true] but found [false],
	imap_client.exe (10232) doesn`t match registry.exe (10232) expected [true] but found [false],
	imap_client.exe (10232) doesn`t match registry.exe (10232) expected [true] but found [false],
	imap_client.exe (10232) doesn`t match file.exe (10232) expected [true] but found [false],
	imap_client.exe (10232) doesn`t match file.exe (10232) expected [true] but found [false],
	imap_client.exe (10232) doesn`t match file.exe (10232) expected [true] but found [false],
	imap_client.exe (10232) doesn`t match file.exe (10232) expected [true] but found [false],
	imap_client.exe (10232) doesn`t match registry.exe (10232) expected [true] but found [false],
	imap_client.exe (10232) doesn`t match registry.exe (10232) expected [true] but found [false],
	imap_client.exe (10232) doesn`t match file.exe (10232) expected [true] but found [false],
	imap_client.exe (10232) doesn`t match file.exe (10232) expected [true] but found [false],
	imap_client.exe (10232) doesn`t match file.exe (10232) expected [true] but found [false],
	imap_client.exe (10232) doesn`t match file.exe (10232) expected [true] but found [false],
	imap_client.exe (10232) doesn`t match file.exe (10232) expected [true] but found [false],
	imap_client.exe (10232) doesn`t match file.exe (10232) expected [true] but found [false],
	imap_client.exe (10232) doesn`t match registry.exe (10232) expected [true] but found [false],
	imap_client.exe (10232) doesn`t match registry.exe (10232) expected [true] but found [false],
	imap_client.exe (10232) doesn`t match registry.exe (10232) expected [true] but found [false]
	at com.ei.util.EISoftAssert.assertAll(EISoftAssert.java:52)
	at com.ei.test_cases.filter.FiltersOnAlalrmsPage.textFiltersSpecificCharactersTest(FiltersOnAlalrmsPage.java:72)
... Removed 28 stack frames</pre></div><a href='#' onClick='toggleBox("stack-trace36983358", this, "Click to show all stack frames", "Click to hide stack frames")'>Click to show all stack frames</a>
<div class='stack-trace' id='stack-trace36983358'><pre>java.lang.AssertionError: The following asserts failed:
	expected [true] but found [false],
	expected [true] but found [false],
	imap_client.exe (10232) doesn`t match file.exe (10232) expected [true] but found [false],
	imap_client.exe (10232) doesn`t match file.exe (10232) expected [true] but found [false],
	imap_client.exe (10232) doesn`t match file.exe (10232) expected [true] but found [false],
	imap_client.exe (10232) doesn`t match file.exe (10232) expected [true] but found [false],
	imap_client.exe (10232) doesn`t match file.exe (10232) expected [true] but found [false],
	imap_client.exe (10232) doesn`t match file.exe (10232) expected [true] but found [false],
	imap_client.exe (10232) doesn`t match file.exe (10232) expected [true] but found [false],
	imap_client.exe (10232) doesn`t match file.exe (10232) expected [true] but found [false],
	imap_client.exe (10232) doesn`t match file.exe (10232) expected [true] but found [false],
	imap_client.exe (10232) doesn`t match registry.exe (10232) expected [true] but found [false],
	imap_client.exe (10232) doesn`t match registry.exe (10232) expected [true] but found [false],
	imap_client.exe (10232) doesn`t match file.exe (10232) expected [true] but found [false],
	imap_client.exe (10232) doesn`t match file.exe (10232) expected [true] but found [false],
	imap_client.exe (10232) doesn`t match file.exe (10232) expected [true] but found [false],
	imap_client.exe (10232) doesn`t match file.exe (10232) expected [true] but found [false],
	imap_client.exe (10232) doesn`t match registry.exe (10232) expected [true] but found [false],
	imap_client.exe (10232) doesn`t match registry.exe (10232) expected [true] but found [false],
	imap_client.exe (10232) doesn`t match file.exe (10232) expected [true] but found [false],
	imap_client.exe (10232) doesn`t match file.exe (10232) expected [true] but found [false],
	imap_client.exe (10232) doesn`t match file.exe (10232) expected [true] but found [false],
	imap_client.exe (10232) doesn`t match file.exe (10232) expected [true] but found [false],
	imap_client.exe (10232) doesn`t match file.exe (10232) expected [true] but found [false],
	imap_client.exe (10232) doesn`t match file.exe (10232) expected [true] but found [false],
	imap_client.exe (10232) doesn`t match registry.exe (10232) expected [true] but found [false],
	imap_client.exe (10232) doesn`t match registry.exe (10232) expected [true] but found [false],
	imap_client.exe (10232) doesn`t match registry.exe (10232) expected [true] but found [false]
	at com.ei.util.EISoftAssert.assertAll(EISoftAssert.java:52)
	at com.ei.test_cases.filter.FiltersOnAlalrmsPage.textFiltersSpecificCharactersTest(FiltersOnAlalrmsPage.java:72)
	at sun.reflect.NativeMethodAccessorImpl.invoke0(Native Method)
	at sun.reflect.NativeMethodAccessorImpl.invoke(NativeMethodAccessorImpl.java:62)
	at sun.reflect.DelegatingMethodAccessorImpl.invoke(DelegatingMethodAccessorImpl.java:43)
	at java.lang.reflect.Method.invoke(Method.java:498)
	at org.testng.internal.MethodInvocationHelper.invokeMethod(MethodInvocationHelper.java:124)
	at org.testng.internal.Invoker.invokeMethod(Invoker.java:583)
	at org.testng.internal.Invoker.invokeTestMethod(Invoker.java:719)
	at org.testng.internal.Invoker.invokeTestMethods(Invoker.java:989)
	at org.testng.internal.TestMethodWorker.invokeTestMethods(TestMethodWorker.java:125)
	at org.testng.internal.TestMethodWorker.run(TestMethodWorker.java:109)
	at org.testng.TestRunner.privateRun(TestRunner.java:648)
	at org.testng.TestRunner.run(TestRunner.java:505)
	at org.testng.SuiteRunner.runTest(SuiteRunner.java:455)
	at org.testng.SuiteRunner.runSequentially(SuiteRunner.java:450)
	at org.testng.SuiteRunner.privateRun(SuiteRunner.java:415)
	at org.testng.SuiteRunner.run(SuiteRunner.java:364)
	at org.testng.SuiteRunnerWorker.runSuite(SuiteRunnerWorker.java:52)
	at org.testng.SuiteRunnerWorker.run(SuiteRunnerWorker.java:84)
	at org.testng.TestNG.runSuitesSequentially(TestNG.java:1208)
	at org.testng.TestNG.runSuitesLocally(TestNG.java:1137)
	at org.testng.TestNG.runSuites(TestNG.java:1049)
	at org.testng.TestNG.run(TestNG.java:1017)
	at org.apache.maven.surefire.testng.TestNGExecutor.run(TestNGExecutor.java:283)
	at org.apache.maven.surefire.testng.TestNGXmlTestSuite.execute(TestNGXmlTestSuite.java:75)
	at org.apache.maven.surefire.testng.TestNGProvider.invoke(TestNGProvider.java:120)
	at org.apache.maven.surefire.booter.ForkedBooter.invokeProviderInSameClassLoader(ForkedBooter.java:386)
	at org.apache.maven.surefire.booter.ForkedBooter.runSuitesInProcess(ForkedBooter.java:323)
	at org.apache.maven.surefire.booter.ForkedBooter.main(ForkedBooter.java:143)
</pre></div></td>
<td>5</td>
<td>com.ei.test_cases.filter.FiltersOnAlalrmsPage@332a7fce</td></tr>
<tr>
<td title='com.ei.test_cases.filter.FiltersOnAlalrmsPage.textFiltersSpecificCharactersTest()'><b>textFiltersSpecificCharactersTest</b><br>Test class: com.ei.test_cases.filter.FiltersOnAlalrmsPage<br>Parameters: #</td>
<td><div><pre>java.lang.AssertionError: The following asserts failed:
	expected [true] but found [false],
	expected [true] but found [false],
	imap_client.exe (10232) doesn`t match file.exe (10232) expected [true] but found [false],
	imap_client.exe (10232) doesn`t match file.exe (10232) expected [true] but found [false],
	imap_client.exe (10232) doesn`t match file.exe (10232) expected [true] but found [false],
	imap_client.exe (10232) doesn`t match file.exe (10232) expected [true] but found [false],
	imap_client.exe (10232) doesn`t match file.exe (10232) expected [true] but found [false],
	imap_client.exe (10232) doesn`t match file.exe (10232) expected [true] but found [false],
	imap_client.exe (10232) doesn`t match file.exe (10232) expected [true] but found [false],
	imap_client.exe (10232) doesn`t match file.exe (10232) expected [true] but found [false],
	imap_client.exe (10232) doesn`t match file.exe (10232) expected [true] but found [false],
	imap_client.exe (10232) doesn`t match registry.exe (10232) expected [true] but found [false],
	imap_client.exe (10232) doesn`t match registry.exe (10232) expected [true] but found [false],
	imap_client.exe (10232) doesn`t match file.exe (10232) expected [true] but found [false],
	imap_client.exe (10232) doesn`t match file.exe (10232) expected [true] but found [false],
	imap_client.exe (10232) doesn`t match file.exe (10232) expected [true] but found [false],
	imap_client.exe (10232) doesn`t match file.exe (10232) expected [true] but found [false],
	imap_client.exe (10232) doesn`t match registry.exe (10232) expected [true] but found [false],
	imap_client.exe (10232) doesn`t match registry.exe (10232) expected [true] but found [false],
	imap_client.exe (10232) doesn`t match file.exe (10232) expected [true] but found [false],
	imap_client.exe (10232) doesn`t match file.exe (10232) expected [true] but found [false],
	imap_client.exe (10232) doesn`t match file.exe (10232) expected [true] but found [false],
	imap_client.exe (10232) doesn`t match file.exe (10232) expected [true] but found [false],
	imap_client.exe (10232) doesn`t match file.exe (10232) expected [true] but found [false],
	imap_client.exe (10232) doesn`t match file.exe (10232) expected [true] but found [false],
	imap_client.exe (10232) doesn`t match registry.exe (10232) expected [true] but found [false],
	imap_client.exe (10232) doesn`t match registry.exe (10232) expected [true] but found [false],
	imap_client.exe (10232) doesn`t match registry.exe (10232) expected [true] but found [false]
	at com.ei.util.EISoftAssert.assertAll(EISoftAssert.java:52)
	at com.ei.test_cases.filter.FiltersOnAlalrmsPage.textFiltersSpecificCharactersTest(FiltersOnAlalrmsPage.java:72)
... Removed 28 stack frames</pre></div><a href='#' onClick='toggleBox("stack-trace1074078310", this, "Click to show all stack frames", "Click to hide stack frames")'>Click to show all stack frames</a>
<div class='stack-trace' id='stack-trace1074078310'><pre>java.lang.AssertionError: The following asserts failed:
	expected [true] but found [false],
	expected [true] but found [false],
	imap_client.exe (10232) doesn`t match file.exe (10232) expected [true] but found [false],
	imap_client.exe (10232) doesn`t match file.exe (10232) expected [true] but found [false],
	imap_client.exe (10232) doesn`t match file.exe (10232) expected [true] but found [false],
	imap_client.exe (10232) doesn`t match file.exe (10232) expected [true] but found [false],
	imap_client.exe (10232) doesn`t match file.exe (10232) expected [true] but found [false],
	imap_client.exe (10232) doesn`t match file.exe (10232) expected [true] but found [false],
	imap_client.exe (10232) doesn`t match file.exe (10232) expected [true] but found [false],
	imap_client.exe (10232) doesn`t match file.exe (10232) expected [true] but found [false],
	imap_client.exe (10232) doesn`t match file.exe (10232) expected [true] but found [false],
	imap_client.exe (10232) doesn`t match registry.exe (10232) expected [true] but found [false],
	imap_client.exe (10232) doesn`t match registry.exe (10232) expected [true] but found [false],
	imap_client.exe (10232) doesn`t match file.exe (10232) expected [true] but found [false],
	imap_client.exe (10232) doesn`t match file.exe (10232) expected [true] but found [false],
	imap_client.exe (10232) doesn`t match file.exe (10232) expected [true] but found [false],
	imap_client.exe (10232) doesn`t match file.exe (10232) expected [true] but found [false],
	imap_client.exe (10232) doesn`t match registry.exe (10232) expected [true] but found [false],
	imap_client.exe (10232) doesn`t match registry.exe (10232) expected [true] but found [false],
	imap_client.exe (10232) doesn`t match file.exe (10232) expected [true] but found [false],
	imap_client.exe (10232) doesn`t match file.exe (10232) expected [true] but found [false],
	imap_client.exe (10232) doesn`t match file.exe (10232) expected [true] but found [false],
	imap_client.exe (10232) doesn`t match file.exe (10232) expected [true] but found [false],
	imap_client.exe (10232) doesn`t match file.exe (10232) expected [true] but found [false],
	imap_client.exe (10232) doesn`t match file.exe (10232) expected [true] but found [false],
	imap_client.exe (10232) doesn`t match registry.exe (10232) expected [true] but found [false],
	imap_client.exe (10232) doesn`t match registry.exe (10232) expected [true] but found [false],
	imap_client.exe (10232) doesn`t match registry.exe (10232) expected [true] but found [false]
	at com.ei.util.EISoftAssert.assertAll(EISoftAssert.java:52)
	at com.ei.test_cases.filter.FiltersOnAlalrmsPage.textFiltersSpecificCharactersTest(FiltersOnAlalrmsPage.java:72)
	at sun.reflect.NativeMethodAccessorImpl.invoke0(Native Method)
	at sun.reflect.NativeMethodAccessorImpl.invoke(NativeMethodAccessorImpl.java:62)
	at sun.reflect.DelegatingMethodAccessorImpl.invoke(DelegatingMethodAccessorImpl.java:43)
	at java.lang.reflect.Method.invoke(Method.java:498)
	at org.testng.internal.MethodInvocationHelper.invokeMethod(MethodInvocationHelper.java:124)
	at org.testng.internal.Invoker.invokeMethod(Invoker.java:583)
	at org.testng.internal.Invoker.invokeTestMethod(Invoker.java:719)
	at org.testng.internal.Invoker.invokeTestMethods(Invoker.java:989)
	at org.testng.internal.TestMethodWorker.invokeTestMethods(TestMethodWorker.java:125)
	at org.testng.internal.TestMethodWorker.run(TestMethodWorker.java:109)
	at org.testng.TestRunner.privateRun(TestRunner.java:648)
	at org.testng.TestRunner.run(TestRunner.java:505)
	at org.testng.SuiteRunner.runTest(SuiteRunner.java:455)
	at org.testng.SuiteRunner.runSequentially(SuiteRunner.java:450)
	at org.testng.SuiteRunner.privateRun(SuiteRunner.java:415)
	at org.testng.SuiteRunner.run(SuiteRunner.java:364)
	at org.testng.SuiteRunnerWorker.runSuite(SuiteRunnerWorker.java:52)
	at org.testng.SuiteRunnerWorker.run(SuiteRunnerWorker.java:84)
	at org.testng.TestNG.runSuitesSequentially(TestNG.java:1208)
	at org.testng.TestNG.runSuitesLocally(TestNG.java:1137)
	at org.testng.TestNG.runSuites(TestNG.java:1049)
	at org.testng.TestNG.run(TestNG.java:1017)
	at org.apache.maven.surefire.testng.TestNGExecutor.run(TestNGExecutor.java:283)
	at org.apache.maven.surefire.testng.TestNGXmlTestSuite.execute(TestNGXmlTestSuite.java:75)
	at org.apache.maven.surefire.testng.TestNGProvider.invoke(TestNGProvider.java:120)
	at org.apache.maven.surefire.booter.ForkedBooter.invokeProviderInSameClassLoader(ForkedBooter.java:386)
	at org.apache.maven.surefire.booter.ForkedBooter.runSuitesInProcess(ForkedBooter.java:323)
	at org.apache.maven.surefire.booter.ForkedBooter.main(ForkedBooter.java:143)
</pre></div></td>
<td>6</td>
<td>com.ei.test_cases.filter.FiltersOnAlalrmsPage@332a7fce</td></tr>
<tr>
<td title='com.ei.test_cases.filter.FiltersOnAlalrmsPage.textFiltersSpecificCharactersTest()'><b>textFiltersSpecificCharactersTest</b><br>Test class: com.ei.test_cases.filter.FiltersOnAlalrmsPage<br>Parameters: $</td>
<td><div><pre>java.lang.AssertionError: The following asserts failed:
	expected [true] but found [false],
	expected [true] but found [false],
	imap_client.exe (10232) doesn`t match file.exe (10232) expected [true] but found [false],
	imap_client.exe (10232) doesn`t match file.exe (10232) expected [true] but found [false],
	imap_client.exe (10232) doesn`t match file.exe (10232) expected [true] but found [false],
	imap_client.exe (10232) doesn`t match file.exe (10232) expected [true] but found [false],
	imap_client.exe (10232) doesn`t match file.exe (10232) expected [true] but found [false],
	imap_client.exe (10232) doesn`t match file.exe (10232) expected [true] but found [false],
	imap_client.exe (10232) doesn`t match file.exe (10232) expected [true] but found [false],
	imap_client.exe (10232) doesn`t match file.exe (10232) expected [true] but found [false],
	imap_client.exe (10232) doesn`t match file.exe (10232) expected [true] but found [false],
	imap_client.exe (10232) doesn`t match registry.exe (10232) expected [true] but found [false],
	imap_client.exe (10232) doesn`t match registry.exe (10232) expected [true] but found [false],
	imap_client.exe (10232) doesn`t match file.exe (10232) expected [true] but found [false],
	imap_client.exe (10232) doesn`t match file.exe (10232) expected [true] but found [false],
	imap_client.exe (10232) doesn`t match file.exe (10232) expected [true] but found [false],
	imap_client.exe (10232) doesn`t match file.exe (10232) expected [true] but found [false],
	imap_client.exe (10232) doesn`t match registry.exe (10232) expected [true] but found [false],
	imap_client.exe (10232) doesn`t match registry.exe (10232) expected [true] but found [false],
	imap_client.exe (10232) doesn`t match file.exe (10232) expected [true] but found [false],
	imap_client.exe (10232) doesn`t match file.exe (10232) expected [true] but found [false],
	imap_client.exe (10232) doesn`t match file.exe (10232) expected [true] but found [false],
	imap_client.exe (10232) doesn`t match file.exe (10232) expected [true] but found [false],
	imap_client.exe (10232) doesn`t match file.exe (10232) expected [true] but found [false],
	imap_client.exe (10232) doesn`t match file.exe (10232) expected [true] but found [false],
	imap_client.exe (10232) doesn`t match registry.exe (10232) expected [true] but found [false],
	imap_client.exe (10232) doesn`t match registry.exe (10232) expected [true] but found [false],
	imap_client.exe (10232) doesn`t match registry.exe (10232) expected [true] but found [false]
	at com.ei.util.EISoftAssert.assertAll(EISoftAssert.java:52)
	at com.ei.test_cases.filter.FiltersOnAlalrmsPage.textFiltersSpecificCharactersTest(FiltersOnAlalrmsPage.java:72)
... Removed 28 stack frames</pre></div><a href='#' onClick='toggleBox("stack-trace530913105", this, "Click to show all stack frames", "Click to hide stack frames")'>Click to show all stack frames</a>
<div class='stack-trace' id='stack-trace530913105'><pre>java.lang.AssertionError: The following asserts failed:
	expected [true] but found [false],
	expected [true] but found [false],
	imap_client.exe (10232) doesn`t match file.exe (10232) expected [true] but found [false],
	imap_client.exe (10232) doesn`t match file.exe (10232) expected [true] but found [false],
	imap_client.exe (10232) doesn`t match file.exe (10232) expected [true] but found [false],
	imap_client.exe (10232) doesn`t match file.exe (10232) expected [true] but found [false],
	imap_client.exe (10232) doesn`t match file.exe (10232) expected [true] but found [false],
	imap_client.exe (10232) doesn`t match file.exe (10232) expected [true] but found [false],
	imap_client.exe (10232) doesn`t match file.exe (10232) expected [true] but found [false],
	imap_client.exe (10232) doesn`t match file.exe (10232) expected [true] but found [false],
	imap_client.exe (10232) doesn`t match file.exe (10232) expected [true] but found [false],
	imap_client.exe (10232) doesn`t match registry.exe (10232) expected [true] but found [false],
	imap_client.exe (10232) doesn`t match registry.exe (10232) expected [true] but found [false],
	imap_client.exe (10232) doesn`t match file.exe (10232) expected [true] but found [false],
	imap_client.exe (10232) doesn`t match file.exe (10232) expected [true] but found [false],
	imap_client.exe (10232) doesn`t match file.exe (10232) expected [true] but found [false],
	imap_client.exe (10232) doesn`t match file.exe (10232) expected [true] but found [false],
	imap_client.exe (10232) doesn`t match registry.exe (10232) expected [true] but found [false],
	imap_client.exe (10232) doesn`t match registry.exe (10232) expected [true] but found [false],
	imap_client.exe (10232) doesn`t match file.exe (10232) expected [true] but found [false],
	imap_client.exe (10232) doesn`t match file.exe (10232) expected [true] but found [false],
	imap_client.exe (10232) doesn`t match file.exe (10232) expected [true] but found [false],
	imap_client.exe (10232) doesn`t match file.exe (10232) expected [true] but found [false],
	imap_client.exe (10232) doesn`t match file.exe (10232) expected [true] but found [false],
	imap_client.exe (10232) doesn`t match file.exe (10232) expected [true] but found [false],
	imap_client.exe (10232) doesn`t match registry.exe (10232) expected [true] but found [false],
	imap_client.exe (10232) doesn`t match registry.exe (10232) expected [true] but found [false],
	imap_client.exe (10232) doesn`t match registry.exe (10232) expected [true] but found [false]
	at com.ei.util.EISoftAssert.assertAll(EISoftAssert.java:52)
	at com.ei.test_cases.filter.FiltersOnAlalrmsPage.textFiltersSpecificCharactersTest(FiltersOnAlalrmsPage.java:72)
	at sun.reflect.NativeMethodAccessorImpl.invoke0(Native Method)
	at sun.reflect.NativeMethodAccessorImpl.invoke(NativeMethodAccessorImpl.java:62)
	at sun.reflect.DelegatingMethodAccessorImpl.invoke(DelegatingMethodAccessorImpl.java:43)
	at java.lang.reflect.Method.invoke(Method.java:498)
	at org.testng.internal.MethodInvocationHelper.invokeMethod(MethodInvocationHelper.java:124)
	at org.testng.internal.Invoker.invokeMethod(Invoker.java:583)
	at org.testng.internal.Invoker.invokeTestMethod(Invoker.java:719)
	at org.testng.internal.Invoker.invokeTestMethods(Invoker.java:989)
	at org.testng.internal.TestMethodWorker.invokeTestMethods(TestMethodWorker.java:125)
	at org.testng.internal.TestMethodWorker.run(TestMethodWorker.java:109)
	at org.testng.TestRunner.privateRun(TestRunner.java:648)
	at org.testng.TestRunner.run(TestRunner.java:505)
	at org.testng.SuiteRunner.runTest(SuiteRunner.java:455)
	at org.testng.SuiteRunner.runSequentially(SuiteRunner.java:450)
	at org.testng.SuiteRunner.privateRun(SuiteRunner.java:415)
	at org.testng.SuiteRunner.run(SuiteRunner.java:364)
	at org.testng.SuiteRunnerWorker.runSuite(SuiteRunnerWorker.java:52)
	at org.testng.SuiteRunnerWorker.run(SuiteRunnerWorker.java:84)
	at org.testng.TestNG.runSuitesSequentially(TestNG.java:1208)
	at org.testng.TestNG.runSuitesLocally(TestNG.java:1137)
	at org.testng.TestNG.runSuites(TestNG.java:1049)
	at org.testng.TestNG.run(TestNG.java:1017)
	at org.apache.maven.surefire.testng.TestNGExecutor.run(TestNGExecutor.java:283)
	at org.apache.maven.surefire.testng.TestNGXmlTestSuite.execute(TestNGXmlTestSuite.java:75)
	at org.apache.maven.surefire.testng.TestNGProvider.invoke(TestNGProvider.java:120)
	at org.apache.maven.surefire.booter.ForkedBooter.invokeProviderInSameClassLoader(ForkedBooter.java:386)
	at org.apache.maven.surefire.booter.ForkedBooter.runSuitesInProcess(ForkedBooter.java:323)
	at org.apache.maven.surefire.booter.ForkedBooter.main(ForkedBooter.java:143)
</pre></div></td>
<td>7</td>
<td>com.ei.test_cases.filter.FiltersOnAlalrmsPage@332a7fce</td></tr>
<tr>
<td title='com.ei.test_cases.filter.FiltersOnAlalrmsPage.textFiltersSpecificCharactersTest()'><b>textFiltersSpecificCharactersTest</b><br>Test class: com.ei.test_cases.filter.FiltersOnAlalrmsPage<br>Parameters: \</td>
<td><div><pre>java.lang.AssertionError: The following asserts failed:
	expected [true] but found [false],
	expected [true] but found [false],
	imap_client.exe (10232) doesn`t match file.exe (10232) expected [true] but found [false],
	imap_client.exe (10232) doesn`t match file.exe (10232) expected [true] but found [false],
	imap_client.exe (10232) doesn`t match file.exe (10232) expected [true] but found [false],
	imap_client.exe (10232) doesn`t match file.exe (10232) expected [true] but found [false],
	imap_client.exe (10232) doesn`t match file.exe (10232) expected [true] but found [false],
	imap_client.exe (10232) doesn`t match file.exe (10232) expected [true] but found [false],
	imap_client.exe (10232) doesn`t match file.exe (10232) expected [true] but found [false],
	imap_client.exe (10232) doesn`t match file.exe (10232) expected [true] but found [false],
	imap_client.exe (10232) doesn`t match file.exe (10232) expected [true] but found [false],
	imap_client.exe (10232) doesn`t match registry.exe (10232) expected [true] but found [false],
	imap_client.exe (10232) doesn`t match registry.exe (10232) expected [true] but found [false],
	imap_client.exe (10232) doesn`t match file.exe (10232) expected [true] but found [false],
	imap_client.exe (10232) doesn`t match file.exe (10232) expected [true] but found [false],
	imap_client.exe (10232) doesn`t match file.exe (10232) expected [true] but found [false],
	imap_client.exe (10232) doesn`t match file.exe (10232) expected [true] but found [false],
	imap_client.exe (10232) doesn`t match registry.exe (10232) expected [true] but found [false],
	imap_client.exe (10232) doesn`t match registry.exe (10232) expected [true] but found [false],
	imap_client.exe (10232) doesn`t match file.exe (10232) expected [true] but found [false],
	imap_client.exe (10232) doesn`t match file.exe (10232) expected [true] but found [false],
	imap_client.exe (10232) doesn`t match file.exe (10232) expected [true] but found [false],
	imap_client.exe (10232) doesn`t match file.exe (10232) expected [true] but found [false],
	imap_client.exe (10232) doesn`t match file.exe (10232) expected [true] but found [false],
	imap_client.exe (10232) doesn`t match file.exe (10232) expected [true] but found [false],
	imap_client.exe (10232) doesn`t match registry.exe (10232) expected [true] but found [false],
	imap_client.exe (10232) doesn`t match registry.exe (10232) expected [true] but found [false],
	imap_client.exe (10232) doesn`t match registry.exe (10232) expected [true] but found [false]
	at com.ei.util.EISoftAssert.assertAll(EISoftAssert.java:52)
	at com.ei.test_cases.filter.FiltersOnAlalrmsPage.textFiltersSpecificCharactersTest(FiltersOnAlalrmsPage.java:72)
... Removed 28 stack frames</pre></div><a href='#' onClick='toggleBox("stack-trace574978104", this, "Click to show all stack frames", "Click to hide stack frames")'>Click to show all stack frames</a>
<div class='stack-trace' id='stack-trace574978104'><pre>java.lang.AssertionError: The following asserts failed:
	expected [true] but found [false],
	expected [true] but found [false],
	imap_client.exe (10232) doesn`t match file.exe (10232) expected [true] but found [false],
	imap_client.exe (10232) doesn`t match file.exe (10232) expected [true] but found [false],
	imap_client.exe (10232) doesn`t match file.exe (10232) expected [true] but found [false],
	imap_client.exe (10232) doesn`t match file.exe (10232) expected [true] but found [false],
	imap_client.exe (10232) doesn`t match file.exe (10232) expected [true] but found [false],
	imap_client.exe (10232) doesn`t match file.exe (10232) expected [true] but found [false],
	imap_client.exe (10232) doesn`t match file.exe (10232) expected [true] but found [false],
	imap_client.exe (10232) doesn`t match file.exe (10232) expected [true] but found [false],
	imap_client.exe (10232) doesn`t match file.exe (10232) expected [true] but found [false],
	imap_client.exe (10232) doesn`t match registry.exe (10232) expected [true] but found [false],
	imap_client.exe (10232) doesn`t match registry.exe (10232) expected [true] but found [false],
	imap_client.exe (10232) doesn`t match file.exe (10232) expected [true] but found [false],
	imap_client.exe (10232) doesn`t match file.exe (10232) expected [true] but found [false],
	imap_client.exe (10232) doesn`t match file.exe (10232) expected [true] but found [false],
	imap_client.exe (10232) doesn`t match file.exe (10232) expected [true] but found [false],
	imap_client.exe (10232) doesn`t match registry.exe (10232) expected [true] but found [false],
	imap_client.exe (10232) doesn`t match registry.exe (10232) expected [true] but found [false],
	imap_client.exe (10232) doesn`t match file.exe (10232) expected [true] but found [false],
	imap_client.exe (10232) doesn`t match file.exe (10232) expected [true] but found [false],
	imap_client.exe (10232) doesn`t match file.exe (10232) expected [true] but found [false],
	imap_client.exe (10232) doesn`t match file.exe (10232) expected [true] but found [false],
	imap_client.exe (10232) doesn`t match file.exe (10232) expected [true] but found [false],
	imap_client.exe (10232) doesn`t match file.exe (10232) expected [true] but found [false],
	imap_client.exe (10232) doesn`t match registry.exe (10232) expected [true] but found [false],
	imap_client.exe (10232) doesn`t match registry.exe (10232) expected [true] but found [false],
	imap_client.exe (10232) doesn`t match registry.exe (10232) expected [true] but found [false]
	at com.ei.util.EISoftAssert.assertAll(EISoftAssert.java:52)
	at com.ei.test_cases.filter.FiltersOnAlalrmsPage.textFiltersSpecificCharactersTest(FiltersOnAlalrmsPage.java:72)
	at sun.reflect.NativeMethodAccessorImpl.invoke0(Native Method)
	at sun.reflect.NativeMethodAccessorImpl.invoke(NativeMethodAccessorImpl.java:62)
	at sun.reflect.DelegatingMethodAccessorImpl.invoke(DelegatingMethodAccessorImpl.java:43)
	at java.lang.reflect.Method.invoke(Method.java:498)
	at org.testng.internal.MethodInvocationHelper.invokeMethod(MethodInvocationHelper.java:124)
	at org.testng.internal.Invoker.invokeMethod(Invoker.java:583)
	at org.testng.internal.Invoker.invokeTestMethod(Invoker.java:719)
	at org.testng.internal.Invoker.invokeTestMethods(Invoker.java:989)
	at org.testng.internal.TestMethodWorker.invokeTestMethods(TestMethodWorker.java:125)
	at org.testng.internal.TestMethodWorker.run(TestMethodWorker.java:109)
	at org.testng.TestRunner.privateRun(TestRunner.java:648)
	at org.testng.TestRunner.run(TestRunner.java:505)
	at org.testng.SuiteRunner.runTest(SuiteRunner.java:455)
	at org.testng.SuiteRunner.runSequentially(SuiteRunner.java:450)
	at org.testng.SuiteRunner.privateRun(SuiteRunner.java:415)
	at org.testng.SuiteRunner.run(SuiteRunner.java:364)
	at org.testng.SuiteRunnerWorker.runSuite(SuiteRunnerWorker.java:52)
	at org.testng.SuiteRunnerWorker.run(SuiteRunnerWorker.java:84)
	at org.testng.TestNG.runSuitesSequentially(TestNG.java:1208)
	at org.testng.TestNG.runSuitesLocally(TestNG.java:1137)
	at org.testng.TestNG.runSuites(TestNG.java:1049)
	at org.testng.TestNG.run(TestNG.java:1017)
	at org.apache.maven.surefire.testng.TestNGExecutor.run(TestNGExecutor.java:283)
	at org.apache.maven.surefire.testng.TestNGXmlTestSuite.execute(TestNGXmlTestSuite.java:75)
	at org.apache.maven.surefire.testng.TestNGProvider.invoke(TestNGProvider.java:120)
	at org.apache.maven.surefire.booter.ForkedBooter.invokeProviderInSameClassLoader(ForkedBooter.java:386)
	at org.apache.maven.surefire.booter.ForkedBooter.runSuitesInProcess(ForkedBooter.java:323)
	at org.apache.maven.surefire.booter.ForkedBooter.main(ForkedBooter.java:143)
</pre></div></td>
<td>6</td>
<td>com.ei.test_cases.filter.FiltersOnAlalrmsPage@332a7fce</td></tr>
<tr>
<td title='com.ei.test_cases.filter.FiltersOnAlalrmsPage.textFiltersTest()'><b>textFiltersTest</b><br>Test class: com.ei.test_cases.filter.FiltersOnAlalrmsPage</td>
<td><div><pre>org.openqa.selenium.NoSuchElementException: no such element: Unable to locate element: {&quot;method&quot;:&quot;xpath&quot;,&quot;selector&quot;:&quot;//div[contains(@id, &apos;r:0, c:17&apos;)]&quot;}
  (Session info: chrome=77.0.3865.90)
For documentation on this error, please visit: https://www.seleniumhq.org/exceptions/no_such_element.html
Build info: version: &apos;3.141.59&apos;, revision: &apos;e82be7d358&apos;, time: &apos;2018-11-14T08:17:03&apos;
System info: host: &apos;WS-LV-CP1904&apos;, ip: &apos;172.25.116.48&apos;, os.name: &apos;Windows 10&apos;, os.arch: &apos;amd64&apos;, os.version: &apos;10.0&apos;, java.version: &apos;1.8.0_181&apos;
Driver info: org.openqa.selenium.chrome.ChromeDriver
Capabilities {acceptInsecureCerts: false, browserName: chrome, browserVersion: 77.0.3865.90, chrome: {chromedriverVersion: 76.0.3809.68 (420c9498db8ce..., userDataDir: C:\Users\VITALI~1.OME\AppDa...}, goog:chromeOptions: {debuggerAddress: localhost:12335}, javascriptEnabled: true, networkConnectionEnabled: false, pageLoadStrategy: normal, platform: XP, platformName: XP, proxy: Proxy(), setWindowRect: true, strictFileInteractability: false, timeouts: {implicit: 0, pageLoad: 300000, script: 30000}, unhandledPromptBehavior: dismiss and notify}
Session ID: 6c1142abbf9f2a57edb1fb91846b6ae0
*** Element info: {Using=xpath, value=//div[contains(@id, &apos;r:0, c:17&apos;)]}
	at org.openqa.selenium.remote.http.W3CHttpResponseCodec.createException(W3CHttpResponseCodec.java:187)
	at org.openqa.selenium.remote.http.W3CHttpResponseCodec.decode(W3CHttpResponseCodec.java:122)
	at org.openqa.selenium.remote.http.W3CHttpResponseCodec.decode(W3CHttpResponseCodec.java:49)
	at org.openqa.selenium.remote.HttpCommandExecutor.execute(HttpCommandExecutor.java:158)
	at org.openqa.selenium.remote.service.DriverCommandExecutor.execute(DriverCommandExecutor.java:83)
	at org.openqa.selenium.remote.RemoteWebDriver.execute(RemoteWebDriver.java:552)
	at org.openqa.selenium.remote.RemoteWebDriver.findElement(RemoteWebDriver.java:323)
	at org.openqa.selenium.remote.RemoteWebDriver.findElementByXPath(RemoteWebDriver.java:428)
	at org.openqa.selenium.By$ByXPath.findElement(By.java:353)
	at org.openqa.selenium.remote.RemoteWebDriver.findElement(RemoteWebDriver.java:315)
	at com.ei.pageObjects.BasePage$3.apply(BasePage.java:85)
	at com.ei.pageObjects.BasePage$3.apply(BasePage.java:80)
	at org.openqa.selenium.support.ui.FluentWait.until(FluentWait.java:249)
	at com.ei.pageObjects.BasePage.waitForUnusualElement(BasePage.java:80)
	at com.ei.pageObjects.common.component.TableComponent.getWebElementByColumnNameAndRowNumber(TableComponent.java:42)
	at com.ei.businessObjects.FilterOperationsBO.getRandomValue(FilterOperationsBO.java:50)
	at com.ei.util.TestUtils.getFilterResult(TestUtils.java:55)
	at com.ei.test_cases.filter.FiltersOnAlalrmsPage.textFiltersTest(FiltersOnAlalrmsPage.java:43)
... Removed 31 stack frames</pre></div><a href='#' onClick='toggleBox("stack-trace822970708", this, "Click to show all stack frames", "Click to hide stack frames")'>Click to show all stack frames</a>
<div class='stack-trace' id='stack-trace822970708'><pre>org.openqa.selenium.NoSuchElementException: no such element: Unable to locate element: {&quot;method&quot;:&quot;xpath&quot;,&quot;selector&quot;:&quot;//div[contains(@id, &apos;r:0, c:17&apos;)]&quot;}
  (Session info: chrome=77.0.3865.90)
For documentation on this error, please visit: https://www.seleniumhq.org/exceptions/no_such_element.html
Build info: version: &apos;3.141.59&apos;, revision: &apos;e82be7d358&apos;, time: &apos;2018-11-14T08:17:03&apos;
System info: host: &apos;WS-LV-CP1904&apos;, ip: &apos;172.25.116.48&apos;, os.name: &apos;Windows 10&apos;, os.arch: &apos;amd64&apos;, os.version: &apos;10.0&apos;, java.version: &apos;1.8.0_181&apos;
Driver info: org.openqa.selenium.chrome.ChromeDriver
Capabilities {acceptInsecureCerts: false, browserName: chrome, browserVersion: 77.0.3865.90, chrome: {chromedriverVersion: 76.0.3809.68 (420c9498db8ce..., userDataDir: C:\Users\VITALI~1.OME\AppDa...}, goog:chromeOptions: {debuggerAddress: localhost:12335}, javascriptEnabled: true, networkConnectionEnabled: false, pageLoadStrategy: normal, platform: XP, platformName: XP, proxy: Proxy(), setWindowRect: true, strictFileInteractability: false, timeouts: {implicit: 0, pageLoad: 300000, script: 30000}, unhandledPromptBehavior: dismiss and notify}
Session ID: 6c1142abbf9f2a57edb1fb91846b6ae0
*** Element info: {Using=xpath, value=//div[contains(@id, &apos;r:0, c:17&apos;)]}
	at sun.reflect.GeneratedConstructorAccessor20.newInstance(Unknown Source)
	at sun.reflect.DelegatingConstructorAccessorImpl.newInstance(DelegatingConstructorAccessorImpl.java:45)
	at java.lang.reflect.Constructor.newInstance(Constructor.java:423)
	at org.openqa.selenium.remote.http.W3CHttpResponseCodec.createException(W3CHttpResponseCodec.java:187)
	at org.openqa.selenium.remote.http.W3CHttpResponseCodec.decode(W3CHttpResponseCodec.java:122)
	at org.openqa.selenium.remote.http.W3CHttpResponseCodec.decode(W3CHttpResponseCodec.java:49)
	at org.openqa.selenium.remote.HttpCommandExecutor.execute(HttpCommandExecutor.java:158)
	at org.openqa.selenium.remote.service.DriverCommandExecutor.execute(DriverCommandExecutor.java:83)
	at org.openqa.selenium.remote.RemoteWebDriver.execute(RemoteWebDriver.java:552)
	at org.openqa.selenium.remote.RemoteWebDriver.findElement(RemoteWebDriver.java:323)
	at org.openqa.selenium.remote.RemoteWebDriver.findElementByXPath(RemoteWebDriver.java:428)
	at org.openqa.selenium.By$ByXPath.findElement(By.java:353)
	at org.openqa.selenium.remote.RemoteWebDriver.findElement(RemoteWebDriver.java:315)
	at com.ei.pageObjects.BasePage$3.apply(BasePage.java:85)
	at com.ei.pageObjects.BasePage$3.apply(BasePage.java:80)
	at org.openqa.selenium.support.ui.FluentWait.until(FluentWait.java:249)
	at com.ei.pageObjects.BasePage.waitForUnusualElement(BasePage.java:80)
	at com.ei.pageObjects.common.component.TableComponent.getWebElementByColumnNameAndRowNumber(TableComponent.java:42)
	at com.ei.businessObjects.FilterOperationsBO.getRandomValue(FilterOperationsBO.java:50)
	at com.ei.util.TestUtils.getFilterResult(TestUtils.java:55)
	at com.ei.test_cases.filter.FiltersOnAlalrmsPage.textFiltersTest(FiltersOnAlalrmsPage.java:43)
	at sun.reflect.NativeMethodAccessorImpl.invoke0(Native Method)
	at sun.reflect.NativeMethodAccessorImpl.invoke(NativeMethodAccessorImpl.java:62)
	at sun.reflect.DelegatingMethodAccessorImpl.invoke(DelegatingMethodAccessorImpl.java:43)
	at java.lang.reflect.Method.invoke(Method.java:498)
	at org.testng.internal.MethodInvocationHelper.invokeMethod(MethodInvocationHelper.java:124)
	at org.testng.internal.Invoker.invokeMethod(Invoker.java:583)
	at org.testng.internal.Invoker.invokeTestMethod(Invoker.java:719)
	at org.testng.internal.Invoker.invokeTestMethods(Invoker.java:989)
	at org.testng.internal.TestMethodWorker.invokeTestMethods(TestMethodWorker.java:125)
	at org.testng.internal.TestMethodWorker.run(TestMethodWorker.java:109)
	at org.testng.TestRunner.privateRun(TestRunner.java:648)
	at org.testng.TestRunner.run(TestRunner.java:505)
	at org.testng.SuiteRunner.runTest(SuiteRunner.java:455)
	at org.testng.SuiteRunner.runSequentially(SuiteRunner.java:450)
	at org.testng.SuiteRunner.privateRun(SuiteRunner.java:415)
	at org.testng.SuiteRunner.run(SuiteRunner.java:364)
	at org.testng.SuiteRunnerWorker.runSuite(SuiteRunnerWorker.java:52)
	at org.testng.SuiteRunnerWorker.run(SuiteRunnerWorker.java:84)
	at org.testng.TestNG.runSuitesSequentially(TestNG.java:1208)
	at org.testng.TestNG.runSuitesLocally(TestNG.java:1137)
	at org.testng.TestNG.runSuites(TestNG.java:1049)
	at org.testng.TestNG.run(TestNG.java:1017)
	at org.apache.maven.surefire.testng.TestNGExecutor.run(TestNGExecutor.java:283)
	at org.apache.maven.surefire.testng.TestNGXmlTestSuite.execute(TestNGXmlTestSuite.java:75)
	at org.apache.maven.surefire.testng.TestNGProvider.invoke(TestNGProvider.java:120)
	at org.apache.maven.surefire.booter.ForkedBooter.invokeProviderInSameClassLoader(ForkedBooter.java:386)
	at org.apache.maven.surefire.booter.ForkedBooter.runSuitesInProcess(ForkedBooter.java:323)
	at org.apache.maven.surefire.booter.ForkedBooter.main(ForkedBooter.java:143)
</pre></div></td>
<td>62</td>
<td>com.ei.test_cases.filter.FiltersOnAlalrmsPage@332a7fce</td></tr>
<tr>
<td title='com.ei.test_cases.filter.FiltersOnAlarmRulesPage.textFiltersTest()'><b>textFiltersTest</b><br>Test class: com.ei.test_cases.filter.FiltersOnAlarmRulesPage</td>
<td><div><pre>java.lang.AssertionError: The following asserts failed:
	expected [true] but found [false],
	expected [true] but found [false],
	imap_client.exe (10232) doesn`t match file.exe (10232) expected [true] but found [false],
	imap_client.exe (10232) doesn`t match file.exe (10232) expected [true] but found [false],
	imap_client.exe (10232) doesn`t match file.exe (10232) expected [true] but found [false],
	imap_client.exe (10232) doesn`t match file.exe (10232) expected [true] but found [false],
	imap_client.exe (10232) doesn`t match file.exe (10232) expected [true] but found [false],
	imap_client.exe (10232) doesn`t match file.exe (10232) expected [true] but found [false],
	imap_client.exe (10232) doesn`t match file.exe (10232) expected [true] but found [false],
	imap_client.exe (10232) doesn`t match file.exe (10232) expected [true] but found [false],
	imap_client.exe (10232) doesn`t match file.exe (10232) expected [true] but found [false],
	imap_client.exe (10232) doesn`t match registry.exe (10232) expected [true] but found [false],
	imap_client.exe (10232) doesn`t match registry.exe (10232) expected [true] but found [false],
	imap_client.exe (10232) doesn`t match file.exe (10232) expected [true] but found [false],
	imap_client.exe (10232) doesn`t match file.exe (10232) expected [true] but found [false],
	imap_client.exe (10232) doesn`t match file.exe (10232) expected [true] but found [false],
	imap_client.exe (10232) doesn`t match file.exe (10232) expected [true] but found [false],
	imap_client.exe (10232) doesn`t match registry.exe (10232) expected [true] but found [false],
	imap_client.exe (10232) doesn`t match registry.exe (10232) expected [true] but found [false],
	imap_client.exe (10232) doesn`t match file.exe (10232) expected [true] but found [false],
	imap_client.exe (10232) doesn`t match file.exe (10232) expected [true] but found [false],
	imap_client.exe (10232) doesn`t match file.exe (10232) expected [true] but found [false],
	imap_client.exe (10232) doesn`t match file.exe (10232) expected [true] but found [false],
	imap_client.exe (10232) doesn`t match file.exe (10232) expected [true] but found [false],
	imap_client.exe (10232) doesn`t match file.exe (10232) expected [true] but found [false],
	imap_client.exe (10232) doesn`t match registry.exe (10232) expected [true] but found [false],
	imap_client.exe (10232) doesn`t match registry.exe (10232) expected [true] but found [false],
	imap_client.exe (10232) doesn`t match registry.exe (10232) expected [true] but found [false],
	PROCESS_NAME set to imap_client.exe (1944). 0 records returned, had to be at least 1 record expected [true] but found [false],
	PARENT_PROCESS_NAME set to Unknown. 0 records returned, had to be at least 1 record expected [true] but found [false],
	COMMAND_LINE set to files\http_request.exe http://allnod.com. 0 records returned, had to be at least 1 record expected [true] but found [false],
	USERNAME set to wserv2016ei\administrator. 0 records returned, had to be at least 1 record expected [true] but found [false],
	FULL_NAME set to Unknown. 0 records returned, had to be at least 1 record expected [true] but found [false],
	JOB_POSITION set to Unknown. 0 records returned, had to be at least 1 record expected [true] but found [false],
	USER_DEPARTMENT set to Unknown. 0 records returned, had to be at least 1 record expected [true] but found [false],
	RULE_NAME set to Certutil with -urlcache parameter executed [A0425]. 0 records returned, had to be at least 1 record expected [true] but found [false],
	LAST_CHANGE_BY set to Unknown. 0 records returned, had to be at least 1 record expected [true] but found [false]
	at com.ei.util.EISoftAssert.assertAll(EISoftAssert.java:52)
	at com.ei.test_cases.filter.FiltersOnAlarmRulesPage.textFiltersTest(FiltersOnAlarmRulesPage.java:38)
... Removed 28 stack frames</pre></div><a href='#' onClick='toggleBox("stack-trace865339994", this, "Click to show all stack frames", "Click to hide stack frames")'>Click to show all stack frames</a>
<div class='stack-trace' id='stack-trace865339994'><pre>java.lang.AssertionError: The following asserts failed:
	expected [true] but found [false],
	expected [true] but found [false],
	imap_client.exe (10232) doesn`t match file.exe (10232) expected [true] but found [false],
	imap_client.exe (10232) doesn`t match file.exe (10232) expected [true] but found [false],
	imap_client.exe (10232) doesn`t match file.exe (10232) expected [true] but found [false],
	imap_client.exe (10232) doesn`t match file.exe (10232) expected [true] but found [false],
	imap_client.exe (10232) doesn`t match file.exe (10232) expected [true] but found [false],
	imap_client.exe (10232) doesn`t match file.exe (10232) expected [true] but found [false],
	imap_client.exe (10232) doesn`t match file.exe (10232) expected [true] but found [false],
	imap_client.exe (10232) doesn`t match file.exe (10232) expected [true] but found [false],
	imap_client.exe (10232) doesn`t match file.exe (10232) expected [true] but found [false],
	imap_client.exe (10232) doesn`t match registry.exe (10232) expected [true] but found [false],
	imap_client.exe (10232) doesn`t match registry.exe (10232) expected [true] but found [false],
	imap_client.exe (10232) doesn`t match file.exe (10232) expected [true] but found [false],
	imap_client.exe (10232) doesn`t match file.exe (10232) expected [true] but found [false],
	imap_client.exe (10232) doesn`t match file.exe (10232) expected [true] but found [false],
	imap_client.exe (10232) doesn`t match file.exe (10232) expected [true] but found [false],
	imap_client.exe (10232) doesn`t match registry.exe (10232) expected [true] but found [false],
	imap_client.exe (10232) doesn`t match registry.exe (10232) expected [true] but found [false],
	imap_client.exe (10232) doesn`t match file.exe (10232) expected [true] but found [false],
	imap_client.exe (10232) doesn`t match file.exe (10232) expected [true] but found [false],
	imap_client.exe (10232) doesn`t match file.exe (10232) expected [true] but found [false],
	imap_client.exe (10232) doesn`t match file.exe (10232) expected [true] but found [false],
	imap_client.exe (10232) doesn`t match file.exe (10232) expected [true] but found [false],
	imap_client.exe (10232) doesn`t match file.exe (10232) expected [true] but found [false],
	imap_client.exe (10232) doesn`t match registry.exe (10232) expected [true] but found [false],
	imap_client.exe (10232) doesn`t match registry.exe (10232) expected [true] but found [false],
	imap_client.exe (10232) doesn`t match registry.exe (10232) expected [true] but found [false],
	PROCESS_NAME set to imap_client.exe (1944). 0 records returned, had to be at least 1 record expected [true] but found [false],
	PARENT_PROCESS_NAME set to Unknown. 0 records returned, had to be at least 1 record expected [true] but found [false],
	COMMAND_LINE set to files\http_request.exe http://allnod.com. 0 records returned, had to be at least 1 record expected [true] but found [false],
	USERNAME set to wserv2016ei\administrator. 0 records returned, had to be at least 1 record expected [true] but found [false],
	FULL_NAME set to Unknown. 0 records returned, had to be at least 1 record expected [true] but found [false],
	JOB_POSITION set to Unknown. 0 records returned, had to be at least 1 record expected [true] but found [false],
	USER_DEPARTMENT set to Unknown. 0 records returned, had to be at least 1 record expected [true] but found [false],
	RULE_NAME set to Certutil with -urlcache parameter executed [A0425]. 0 records returned, had to be at least 1 record expected [true] but found [false],
	LAST_CHANGE_BY set to Unknown. 0 records returned, had to be at least 1 record expected [true] but found [false]
	at com.ei.util.EISoftAssert.assertAll(EISoftAssert.java:52)
	at com.ei.test_cases.filter.FiltersOnAlarmRulesPage.textFiltersTest(FiltersOnAlarmRulesPage.java:38)
	at sun.reflect.NativeMethodAccessorImpl.invoke0(Native Method)
	at sun.reflect.NativeMethodAccessorImpl.invoke(NativeMethodAccessorImpl.java:62)
	at sun.reflect.DelegatingMethodAccessorImpl.invoke(DelegatingMethodAccessorImpl.java:43)
	at java.lang.reflect.Method.invoke(Method.java:498)
	at org.testng.internal.MethodInvocationHelper.invokeMethod(MethodInvocationHelper.java:124)
	at org.testng.internal.Invoker.invokeMethod(Invoker.java:583)
	at org.testng.internal.Invoker.invokeTestMethod(Invoker.java:719)
	at org.testng.internal.Invoker.invokeTestMethods(Invoker.java:989)
	at org.testng.internal.TestMethodWorker.invokeTestMethods(TestMethodWorker.java:125)
	at org.testng.internal.TestMethodWorker.run(TestMethodWorker.java:109)
	at org.testng.TestRunner.privateRun(TestRunner.java:648)
	at org.testng.TestRunner.run(TestRunner.java:505)
	at org.testng.SuiteRunner.runTest(SuiteRunner.java:455)
	at org.testng.SuiteRunner.runSequentially(SuiteRunner.java:450)
	at org.testng.SuiteRunner.privateRun(SuiteRunner.java:415)
	at org.testng.SuiteRunner.run(SuiteRunner.java:364)
	at org.testng.SuiteRunnerWorker.runSuite(SuiteRunnerWorker.java:52)
	at org.testng.SuiteRunnerWorker.run(SuiteRunnerWorker.java:84)
	at org.testng.TestNG.runSuitesSequentially(TestNG.java:1208)
	at org.testng.TestNG.runSuitesLocally(TestNG.java:1137)
	at org.testng.TestNG.runSuites(TestNG.java:1049)
	at org.testng.TestNG.run(TestNG.java:1017)
	at org.apache.maven.surefire.testng.TestNGExecutor.run(TestNGExecutor.java:283)
	at org.apache.maven.surefire.testng.TestNGXmlTestSuite.execute(TestNGXmlTestSuite.java:75)
	at org.apache.maven.surefire.testng.TestNGProvider.invoke(TestNGProvider.java:120)
	at org.apache.maven.surefire.booter.ForkedBooter.invokeProviderInSameClassLoader(ForkedBooter.java:386)
	at org.apache.maven.surefire.booter.ForkedBooter.runSuitesInProcess(ForkedBooter.java:323)
	at org.apache.maven.surefire.booter.ForkedBooter.main(ForkedBooter.java:143)
</pre></div></td>
<td>26</td>
<td>com.ei.test_cases.filter.FiltersOnAlarmRulesPage@549621f3</td></tr>
</table><p>
</body>
</html>