<?xml version="1.0" encoding="UTF-8"?>
<testng-results skipped="0" failed="11" ignored="6" total="21" passed="4">
  <reporter-output>
  </reporter-output>
  <suite name="Regression" duration-ms="400755" started-at="2019-10-04T14:21:10Z" finished-at="2019-10-04T14:27:51Z">
    <groups>
    </groups>
    <test name="Login" duration-ms="4542" started-at="2019-10-04T14:21:10Z" finished-at="2019-10-04T14:21:14Z">
      <class name="com.ei.test_cases.login.LoginTest">
        <test-method status="PASS" signature="loginAsInvalidNativeUserTest()[pri:0, instance:com.ei.test_cases.login.LoginTest@4602c2a9]" name="loginAsInvalidNativeUserTest" duration-ms="2021" started-at="2019-10-04T14:21:10Z" finished-at="2019-10-04T14:21:12Z">
          <reporter-output>
          </reporter-output>
        </test-method> <!-- loginAsInvalidNativeUserTest -->
        <test-method status="PASS" signature="loginAsValidNativeUserTest()[pri:0, instance:com.ei.test_cases.login.LoginTest@4602c2a9]" name="loginAsValidNativeUserTest" duration-ms="2275" started-at="2019-10-04T14:21:12Z" finished-at="2019-10-04T14:21:14Z">
          <reporter-output>
          </reporter-output>
        </test-method> <!-- loginAsValidNativeUserTest -->
      </class> <!-- com.ei.test_cases.login.LoginTest -->
    </test> <!-- Login -->
    <test name="Sorting" duration-ms="229324" started-at="2019-10-04T14:21:14Z" finished-at="2019-10-04T14:25:04Z">
      <class name="com.ei.test_cases.sorting.SortingOnAlarmsPage">
        <test-method status="PASS" signature="loginToEIConsole()[pri:0, instance:com.ei.test_cases.sorting.SortingOnAlarmsPage@71c5b236]" name="loginToEIConsole" is-config="true" duration-ms="457" started-at="2019-10-04T14:21:51Z" finished-at="2019-10-04T14:21:51Z">
          <reporter-output>
          </reporter-output>
        </test-method> <!-- loginToEIConsole -->
        <test-method status="FAIL" signature="sortingTextColumnsTest()[pri:0, instance:com.ei.test_cases.sorting.SortingOnAlarmsPage@71c5b236]" name="sortingTextColumnsTest" duration-ms="192617" started-at="2019-10-04T14:21:51Z" finished-at="2019-10-04T14:25:04Z">
          <exception class="java.lang.AssertionError">
            <message>
              <![CDATA[The following asserts failed:
expected [true] but found [false],
expected [true] but found [false]]]>
            </message>
            <full-stacktrace>
              <![CDATA[java.lang.AssertionError: The following asserts failed:
expected [true] but found [false],
expected [true] but found [false]
at com.ei.util.EISoftAssert.assertAll(EISoftAssert.java:52)
at com.ei.test_cases.sorting.SortingOnAlarmsPage.sortingTextColumnsTest(SortingOnAlarmsPage.java:29)
at sun.reflect.NativeMethodAccessorImpl.invoke0(Native Method)
at sun.reflect.NativeMethodAccessorImpl.invoke(NativeMethodAccessorImpl.java:62)
at sun.reflect.DelegatingMethodAccessorImpl.invoke(DelegatingMethodAccessorImpl.java:43)
at java.lang.reflect.Method.invoke(Method.java:498)
at org.testng.internal.MethodInvocationHelper.invokeMethod(MethodInvocationHelper.java:124)
at org.testng.internal.Invoker.invokeMethod(Invoker.java:583)
at org.testng.internal.Invoker.invokeTestMethod(Invoker.java:719)
at org.testng.internal.Invoker.invokeTestMethods(Invoker.java:989)
at org.testng.internal.TestMethodWorker.invokeTestMethods(TestMethodWorker.java:125)
at org.testng.internal.TestMethodWorker.run(TestMethodWorker.java:109)
at org.testng.TestRunner.privateRun(TestRunner.java:648)
at org.testng.TestRunner.run(TestRunner.java:505)
at org.testng.SuiteRunner.runTest(SuiteRunner.java:455)
at org.testng.SuiteRunner.runSequentially(SuiteRunner.java:450)
at org.testng.SuiteRunner.privateRun(SuiteRunner.java:415)
at org.testng.SuiteRunner.run(SuiteRunner.java:364)
at org.testng.SuiteRunnerWorker.runSuite(SuiteRunnerWorker.java:52)
at org.testng.SuiteRunnerWorker.run(SuiteRunnerWorker.java:84)
at org.testng.TestNG.runSuitesSequentially(TestNG.java:1208)
at org.testng.TestNG.runSuitesLocally(TestNG.java:1137)
at org.testng.TestNG.runSuites(TestNG.java:1049)
at org.testng.TestNG.run(TestNG.java:1017)
at org.apache.maven.surefire.testng.TestNGExecutor.run(TestNGExecutor.java:283)
at org.apache.maven.surefire.testng.TestNGXmlTestSuite.execute(TestNGXmlTestSuite.java:75)
at org.apache.maven.surefire.testng.TestNGProvider.invoke(TestNGProvider.java:120)
at org.apache.maven.surefire.booter.ForkedBooter.invokeProviderInSameClassLoader(ForkedBooter.java:386)
at org.apache.maven.surefire.booter.ForkedBooter.runSuitesInProcess(ForkedBooter.java:323)
at org.apache.maven.surefire.booter.ForkedBooter.main(ForkedBooter.java:143)
]]>
            </full-stacktrace>
          </exception> <!-- java.lang.AssertionError -->
          <reporter-output>
          </reporter-output>
        </test-method> <!-- sortingTextColumnsTest -->
        <test-method status="PASS" signature="logoutOfEIConsole()[pri:0, instance:com.ei.test_cases.sorting.SortingOnAlarmsPage@71c5b236]" name="logoutOfEIConsole" is-config="true" duration-ms="125" started-at="2019-10-04T14:25:04Z" finished-at="2019-10-04T14:25:04Z">
          <reporter-output>
          </reporter-output>
        </test-method> <!-- logoutOfEIConsole -->
      </class> <!-- com.ei.test_cases.sorting.SortingOnAlarmsPage -->
      <class name="com.ei.test_cases.sorting.SortingOnAdminRulesPage">
        <test-method status="PASS" signature="loginToEIConsole()[pri:0, instance:com.ei.test_cases.sorting.SortingOnAdminRulesPage@403132fc]" name="loginToEIConsole" is-config="true" duration-ms="418" started-at="2019-10-04T14:21:14Z" finished-at="2019-10-04T14:21:15Z">
          <reporter-output>
          </reporter-output>
        </test-method> <!-- loginToEIConsole -->
        <test-method status="PASS" signature="navigationToAdminRulesPageTest()[pri:0, instance:com.ei.test_cases.sorting.SortingOnAdminRulesPage@403132fc]" name="navigationToAdminRulesPageTest" duration-ms="3485" started-at="2019-10-04T14:21:15Z" finished-at="2019-10-04T14:21:18Z">
          <reporter-output>
          </reporter-output>
        </test-method> <!-- navigationToAdminRulesPageTest -->
        <test-method status="PASS" signature="logoutOfEIConsole()[pri:0, instance:com.ei.test_cases.sorting.SortingOnAdminRulesPage@403132fc]" name="logoutOfEIConsole" is-config="true" duration-ms="74" started-at="2019-10-04T14:21:18Z" finished-at="2019-10-04T14:21:18Z">
          <reporter-output>
          </reporter-output>
        </test-method> <!-- logoutOfEIConsole -->
        <test-method status="PASS" signature="loginToEIConsole()[pri:0, instance:com.ei.test_cases.sorting.SortingOnAdminRulesPage@403132fc]" name="loginToEIConsole" is-config="true" duration-ms="442" started-at="2019-10-04T14:21:18Z" finished-at="2019-10-04T14:21:19Z">
          <reporter-output>
          </reporter-output>
        </test-method> <!-- loginToEIConsole -->
        <test-method status="PASS" signature="sortingTextColumnsTest()[pri:0, instance:com.ei.test_cases.sorting.SortingOnAdminRulesPage@403132fc]" name="sortingTextColumnsTest" duration-ms="31484" started-at="2019-10-04T14:21:19Z" finished-at="2019-10-04T14:21:50Z">
          <reporter-output>
          </reporter-output>
        </test-method> <!-- sortingTextColumnsTest -->
        <test-method status="PASS" signature="logoutOfEIConsole()[pri:0, instance:com.ei.test_cases.sorting.SortingOnAdminRulesPage@403132fc]" name="logoutOfEIConsole" is-config="true" duration-ms="120" started-at="2019-10-04T14:21:50Z" finished-at="2019-10-04T14:21:51Z">
          <reporter-output>
          </reporter-output>
        </test-method> <!-- logoutOfEIConsole -->
      </class> <!-- com.ei.test_cases.sorting.SortingOnAdminRulesPage -->
    </test> <!-- Sorting -->
    <test name="Filters" duration-ms="166719" started-at="2019-10-04T14:25:04Z" finished-at="2019-10-04T14:27:51Z">
      <class name="com.ei.test_cases.filter.FiltersOnAlarmRulesPage">
        <test-method status="PASS" signature="loginToEIConsole()[pri:0, instance:com.ei.test_cases.filter.FiltersOnAlarmRulesPage@549621f3]" name="loginToEIConsole" is-config="true" duration-ms="474" started-at="2019-10-04T14:27:14Z" finished-at="2019-10-04T14:27:15Z">
          <reporter-output>
          </reporter-output>
        </test-method> <!-- loginToEIConsole -->
        <test-method status="FAIL" signature="numericFiltersTest()[pri:0, instance:com.ei.test_cases.filter.FiltersOnAlarmRulesPage@549621f3]" name="numericFiltersTest" duration-ms="8193" started-at="2019-10-04T14:27:15Z" finished-at="2019-10-04T14:27:23Z">
          <exception class="java.lang.AssertionError">
            <message>
              <![CDATA[The following asserts failed:
expected [true] but found [false],
expected [true] but found [false],
imap_client.exe (10232) doesn`t match file.exe (10232) expected [true] but found [false],
imap_client.exe (10232) doesn`t match file.exe (10232) expected [true] but found [false],
imap_client.exe (10232) doesn`t match file.exe (10232) expected [true] but found [false],
imap_client.exe (10232) doesn`t match file.exe (10232) expected [true] but found [false],
imap_client.exe (10232) doesn`t match file.exe (10232) expected [true] but found [false],
imap_client.exe (10232) doesn`t match file.exe (10232) expected [true] but found [false],
imap_client.exe (10232) doesn`t match file.exe (10232) expected [true] but found [false],
imap_client.exe (10232) doesn`t match file.exe (10232) expected [true] but found [false],
imap_client.exe (10232) doesn`t match file.exe (10232) expected [true] but found [false],
imap_client.exe (10232) doesn`t match registry.exe (10232) expected [true] but found [false],
imap_client.exe (10232) doesn`t match registry.exe (10232) expected [true] but found [false],
imap_client.exe (10232) doesn`t match file.exe (10232) expected [true] but found [false],
imap_client.exe (10232) doesn`t match file.exe (10232) expected [true] but found [false],
imap_client.exe (10232) doesn`t match file.exe (10232) expected [true] but found [false],
imap_client.exe (10232) doesn`t match file.exe (10232) expected [true] but found [false],
imap_client.exe (10232) doesn`t match registry.exe (10232) expected [true] but found [false],
imap_client.exe (10232) doesn`t match registry.exe (10232) expected [true] but found [false],
imap_client.exe (10232) doesn`t match file.exe (10232) expected [true] but found [false],
imap_client.exe (10232) doesn`t match file.exe (10232) expected [true] but found [false],
imap_client.exe (10232) doesn`t match file.exe (10232) expected [true] but found [false],
imap_client.exe (10232) doesn`t match file.exe (10232) expected [true] but found [false],
imap_client.exe (10232) doesn`t match file.exe (10232) expected [true] but found [false],
imap_client.exe (10232) doesn`t match file.exe (10232) expected [true] but found [false],
imap_client.exe (10232) doesn`t match registry.exe (10232) expected [true] but found [false],
imap_client.exe (10232) doesn`t match registry.exe (10232) expected [true] but found [false],
imap_client.exe (10232) doesn`t match registry.exe (10232) expected [true] but found [false],
PROCESS_NAME set to imap_client.exe (1944). 0 records returned, had to be at least 1 record expected [true] but found [false],
PARENT_PROCESS_NAME set to Unknown. 0 records returned, had to be at least 1 record expected [true] but found [false],
COMMAND_LINE set to files\http_request.exe http://allnod.com. 0 records returned, had to be at least 1 record expected [true] but found [false],
USERNAME set to wserv2016ei\administrator. 0 records returned, had to be at least 1 record expected [true] but found [false],
FULL_NAME set to Unknown. 0 records returned, had to be at least 1 record expected [true] but found [false],
JOB_POSITION set to Unknown. 0 records returned, had to be at least 1 record expected [true] but found [false],
USER_DEPARTMENT set to Unknown. 0 records returned, had to be at least 1 record expected [true] but found [false]]]>
            </message>
            <full-stacktrace>
              <![CDATA[java.lang.AssertionError: The following asserts failed:
expected [true] but found [false],
expected [true] but found [false],
imap_client.exe (10232) doesn`t match file.exe (10232) expected [true] but found [false],
imap_client.exe (10232) doesn`t match file.exe (10232) expected [true] but found [false],
imap_client.exe (10232) doesn`t match file.exe (10232) expected [true] but found [false],
imap_client.exe (10232) doesn`t match file.exe (10232) expected [true] but found [false],
imap_client.exe (10232) doesn`t match file.exe (10232) expected [true] but found [false],
imap_client.exe (10232) doesn`t match file.exe (10232) expected [true] but found [false],
imap_client.exe (10232) doesn`t match file.exe (10232) expected [true] but found [false],
imap_client.exe (10232) doesn`t match file.exe (10232) expected [true] but found [false],
imap_client.exe (10232) doesn`t match file.exe (10232) expected [true] but found [false],
imap_client.exe (10232) doesn`t match registry.exe (10232) expected [true] but found [false],
imap_client.exe (10232) doesn`t match registry.exe (10232) expected [true] but found [false],
imap_client.exe (10232) doesn`t match file.exe (10232) expected [true] but found [false],
imap_client.exe (10232) doesn`t match file.exe (10232) expected [true] but found [false],
imap_client.exe (10232) doesn`t match file.exe (10232) expected [true] but found [false],
imap_client.exe (10232) doesn`t match file.exe (10232) expected [true] but found [false],
imap_client.exe (10232) doesn`t match registry.exe (10232) expected [true] but found [false],
imap_client.exe (10232) doesn`t match registry.exe (10232) expected [true] but found [false],
imap_client.exe (10232) doesn`t match file.exe (10232) expected [true] but found [false],
imap_client.exe (10232) doesn`t match file.exe (10232) expected [true] but found [false],
imap_client.exe (10232) doesn`t match file.exe (10232) expected [true] but found [false],
imap_client.exe (10232) doesn`t match file.exe (10232) expected [true] but found [false],
imap_client.exe (10232) doesn`t match file.exe (10232) expected [true] but found [false],
imap_client.exe (10232) doesn`t match file.exe (10232) expected [true] but found [false],
imap_client.exe (10232) doesn`t match registry.exe (10232) expected [true] but found [false],
imap_client.exe (10232) doesn`t match registry.exe (10232) expected [true] but found [false],
imap_client.exe (10232) doesn`t match registry.exe (10232) expected [true] but found [false],
PROCESS_NAME set to imap_client.exe (1944). 0 records returned, had to be at least 1 record expected [true] but found [false],
PARENT_PROCESS_NAME set to Unknown. 0 records returned, had to be at least 1 record expected [true] but found [false],
COMMAND_LINE set to files\http_request.exe http://allnod.com. 0 records returned, had to be at least 1 record expected [true] but found [false],
USERNAME set to wserv2016ei\administrator. 0 records returned, had to be at least 1 record expected [true] but found [false],
FULL_NAME set to Unknown. 0 records returned, had to be at least 1 record expected [true] but found [false],
JOB_POSITION set to Unknown. 0 records returned, had to be at least 1 record expected [true] but found [false],
USER_DEPARTMENT set to Unknown. 0 records returned, had to be at least 1 record expected [true] but found [false]
at com.ei.util.EISoftAssert.assertAll(EISoftAssert.java:52)
at com.ei.test_cases.filter.FiltersOnAlarmRulesPage.numericFiltersTest(FiltersOnAlarmRulesPage.java:53)
at sun.reflect.NativeMethodAccessorImpl.invoke0(Native Method)
at sun.reflect.NativeMethodAccessorImpl.invoke(NativeMethodAccessorImpl.java:62)
at sun.reflect.DelegatingMethodAccessorImpl.invoke(DelegatingMethodAccessorImpl.java:43)
at java.lang.reflect.Method.invoke(Method.java:498)
at org.testng.internal.MethodInvocationHelper.invokeMethod(MethodInvocationHelper.java:124)
at org.testng.internal.Invoker.invokeMethod(Invoker.java:583)
at org.testng.internal.Invoker.invokeTestMethod(Invoker.java:719)
at org.testng.internal.Invoker.invokeTestMethods(Invoker.java:989)
at org.testng.internal.TestMethodWorker.invokeTestMethods(TestMethodWorker.java:125)
at org.testng.internal.TestMethodWorker.run(TestMethodWorker.java:109)
at org.testng.TestRunner.privateRun(TestRunner.java:648)
at org.testng.TestRunner.run(TestRunner.java:505)
at org.testng.SuiteRunner.runTest(SuiteRunner.java:455)
at org.testng.SuiteRunner.runSequentially(SuiteRunner.java:450)
at org.testng.SuiteRunner.privateRun(SuiteRunner.java:415)
at org.testng.SuiteRunner.run(SuiteRunner.java:364)
at org.testng.SuiteRunnerWorker.runSuite(SuiteRunnerWorker.java:52)
at org.testng.SuiteRunnerWorker.run(SuiteRunnerWorker.java:84)
at org.testng.TestNG.runSuitesSequentially(TestNG.java:1208)
at org.testng.TestNG.runSuitesLocally(TestNG.java:1137)
at org.testng.TestNG.runSuites(TestNG.java:1049)
at org.testng.TestNG.run(TestNG.java:1017)
at org.apache.maven.surefire.testng.TestNGExecutor.run(TestNGExecutor.java:283)
at org.apache.maven.surefire.testng.TestNGXmlTestSuite.execute(TestNGXmlTestSuite.java:75)
at org.apache.maven.surefire.testng.TestNGProvider.invoke(TestNGProvider.java:120)
at org.apache.maven.surefire.booter.ForkedBooter.invokeProviderInSameClassLoader(ForkedBooter.java:386)
at org.apache.maven.surefire.booter.ForkedBooter.runSuitesInProcess(ForkedBooter.java:323)
at org.apache.maven.surefire.booter.ForkedBooter.main(ForkedBooter.java:143)
]]>
            </full-stacktrace>
          </exception> <!-- java.lang.AssertionError -->
          <reporter-output>
          </reporter-output>
        </test-method> <!-- numericFiltersTest -->
        <test-method status="PASS" signature="logoutOfEIConsole()[pri:0, instance:com.ei.test_cases.filter.FiltersOnAlarmRulesPage@549621f3]" name="logoutOfEIConsole" is-config="true" duration-ms="73" started-at="2019-10-04T14:27:23Z" finished-at="2019-10-04T14:27:23Z">
          <reporter-output>
          </reporter-output>
        </test-method> <!-- logoutOfEIConsole -->
        <test-method status="PASS" signature="loginToEIConsole()[pri:0, instance:com.ei.test_cases.filter.FiltersOnAlarmRulesPage@549621f3]" name="loginToEIConsole" is-config="true" duration-ms="378" started-at="2019-10-04T14:27:23Z" finished-at="2019-10-04T14:27:24Z">
          <reporter-output>
          </reporter-output>
        </test-method> <!-- loginToEIConsole -->
        <test-method status="FAIL" signature="textFiltersTest()[pri:0, instance:com.ei.test_cases.filter.FiltersOnAlarmRulesPage@549621f3]" name="textFiltersTest" duration-ms="26839" started-at="2019-10-04T14:27:24Z" finished-at="2019-10-04T14:27:50Z">
          <exception class="java.lang.AssertionError">
            <message>
              <![CDATA[The following asserts failed:
expected [true] but found [false],
expected [true] but found [false],
imap_client.exe (10232) doesn`t match file.exe (10232) expected [true] but found [false],
imap_client.exe (10232) doesn`t match file.exe (10232) expected [true] but found [false],
imap_client.exe (10232) doesn`t match file.exe (10232) expected [true] but found [false],
imap_client.exe (10232) doesn`t match file.exe (10232) expected [true] but found [false],
imap_client.exe (10232) doesn`t match file.exe (10232) expected [true] but found [false],
imap_client.exe (10232) doesn`t match file.exe (10232) expected [true] but found [false],
imap_client.exe (10232) doesn`t match file.exe (10232) expected [true] but found [false],
imap_client.exe (10232) doesn`t match file.exe (10232) expected [true] but found [false],
imap_client.exe (10232) doesn`t match file.exe (10232) expected [true] but found [false],
imap_client.exe (10232) doesn`t match registry.exe (10232) expected [true] but found [false],
imap_client.exe (10232) doesn`t match registry.exe (10232) expected [true] but found [false],
imap_client.exe (10232) doesn`t match file.exe (10232) expected [true] but found [false],
imap_client.exe (10232) doesn`t match file.exe (10232) expected [true] but found [false],
imap_client.exe (10232) doesn`t match file.exe (10232) expected [true] but found [false],
imap_client.exe (10232) doesn`t match file.exe (10232) expected [true] but found [false],
imap_client.exe (10232) doesn`t match registry.exe (10232) expected [true] but found [false],
imap_client.exe (10232) doesn`t match registry.exe (10232) expected [true] but found [false],
imap_client.exe (10232) doesn`t match file.exe (10232) expected [true] but found [false],
imap_client.exe (10232) doesn`t match file.exe (10232) expected [true] but found [false],
imap_client.exe (10232) doesn`t match file.exe (10232) expected [true] but found [false],
imap_client.exe (10232) doesn`t match file.exe (10232) expected [true] but found [false],
imap_client.exe (10232) doesn`t match file.exe (10232) expected [true] but found [false],
imap_client.exe (10232) doesn`t match file.exe (10232) expected [true] but found [false],
imap_client.exe (10232) doesn`t match registry.exe (10232) expected [true] but found [false],
imap_client.exe (10232) doesn`t match registry.exe (10232) expected [true] but found [false],
imap_client.exe (10232) doesn`t match registry.exe (10232) expected [true] but found [false],
PROCESS_NAME set to imap_client.exe (1944). 0 records returned, had to be at least 1 record expected [true] but found [false],
PARENT_PROCESS_NAME set to Unknown. 0 records returned, had to be at least 1 record expected [true] but found [false],
COMMAND_LINE set to files\http_request.exe http://allnod.com. 0 records returned, had to be at least 1 record expected [true] but found [false],
USERNAME set to wserv2016ei\administrator. 0 records returned, had to be at least 1 record expected [true] but found [false],
FULL_NAME set to Unknown. 0 records returned, had to be at least 1 record expected [true] but found [false],
JOB_POSITION set to Unknown. 0 records returned, had to be at least 1 record expected [true] but found [false],
USER_DEPARTMENT set to Unknown. 0 records returned, had to be at least 1 record expected [true] but found [false],
RULE_NAME set to Certutil with -urlcache parameter executed [A0425]. 0 records returned, had to be at least 1 record expected [true] but found [false],
LAST_CHANGE_BY set to Unknown. 0 records returned, had to be at least 1 record expected [true] but found [false]]]>
            </message>
            <full-stacktrace>
              <![CDATA[java.lang.AssertionError: The following asserts failed:
expected [true] but found [false],
expected [true] but found [false],
imap_client.exe (10232) doesn`t match file.exe (10232) expected [true] but found [false],
imap_client.exe (10232) doesn`t match file.exe (10232) expected [true] but found [false],
imap_client.exe (10232) doesn`t match file.exe (10232) expected [true] but found [false],
imap_client.exe (10232) doesn`t match file.exe (10232) expected [true] but found [false],
imap_client.exe (10232) doesn`t match file.exe (10232) expected [true] but found [false],
imap_client.exe (10232) doesn`t match file.exe (10232) expected [true] but found [false],
imap_client.exe (10232) doesn`t match file.exe (10232) expected [true] but found [false],
imap_client.exe (10232) doesn`t match file.exe (10232) expected [true] but found [false],
imap_client.exe (10232) doesn`t match file.exe (10232) expected [true] but found [false],
imap_client.exe (10232) doesn`t match registry.exe (10232) expected [true] but found [false],
imap_client.exe (10232) doesn`t match registry.exe (10232) expected [true] but found [false],
imap_client.exe (10232) doesn`t match file.exe (10232) expected [true] but found [false],
imap_client.exe (10232) doesn`t match file.exe (10232) expected [true] but found [false],
imap_client.exe (10232) doesn`t match file.exe (10232) expected [true] but found [false],
imap_client.exe (10232) doesn`t match file.exe (10232) expected [true] but found [false],
imap_client.exe (10232) doesn`t match registry.exe (10232) expected [true] but found [false],
imap_client.exe (10232) doesn`t match registry.exe (10232) expected [true] but found [false],
imap_client.exe (10232) doesn`t match file.exe (10232) expected [true] but found [false],
imap_client.exe (10232) doesn`t match file.exe (10232) expected [true] but found [false],
imap_client.exe (10232) doesn`t match file.exe (10232) expected [true] but found [false],
imap_client.exe (10232) doesn`t match file.exe (10232) expected [true] but found [false],
imap_client.exe (10232) doesn`t match file.exe (10232) expected [true] but found [false],
imap_client.exe (10232) doesn`t match file.exe (10232) expected [true] but found [false],
imap_client.exe (10232) doesn`t match registry.exe (10232) expected [true] but found [false],
imap_client.exe (10232) doesn`t match registry.exe (10232) expected [true] but found [false],
imap_client.exe (10232) doesn`t match registry.exe (10232) expected [true] but found [false],
PROCESS_NAME set to imap_client.exe (1944). 0 records returned, had to be at least 1 record expected [true] but found [false],
PARENT_PROCESS_NAME set to Unknown. 0 records returned, had to be at least 1 record expected [true] but found [false],
COMMAND_LINE set to files\http_request.exe http://allnod.com. 0 records returned, had to be at least 1 record expected [true] but found [false],
USERNAME set to wserv2016ei\administrator. 0 records returned, had to be at least 1 record expected [true] but found [false],
FULL_NAME set to Unknown. 0 records returned, had to be at least 1 record expected [true] but found [false],
JOB_POSITION set to Unknown. 0 records returned, had to be at least 1 record expected [true] but found [false],
USER_DEPARTMENT set to Unknown. 0 records returned, had to be at least 1 record expected [true] but found [false],
RULE_NAME set to Certutil with -urlcache parameter executed [A0425]. 0 records returned, had to be at least 1 record expected [true] but found [false],
LAST_CHANGE_BY set to Unknown. 0 records returned, had to be at least 1 record expected [true] but found [false]
at com.ei.util.EISoftAssert.assertAll(EISoftAssert.java:52)
at com.ei.test_cases.filter.FiltersOnAlarmRulesPage.textFiltersTest(FiltersOnAlarmRulesPage.java:38)
at sun.reflect.NativeMethodAccessorImpl.invoke0(Native Method)
at sun.reflect.NativeMethodAccessorImpl.invoke(NativeMethodAccessorImpl.java:62)
at sun.reflect.DelegatingMethodAccessorImpl.invoke(DelegatingMethodAccessorImpl.java:43)
at java.lang.reflect.Method.invoke(Method.java:498)
at org.testng.internal.MethodInvocationHelper.invokeMethod(MethodInvocationHelper.java:124)
at org.testng.internal.Invoker.invokeMethod(Invoker.java:583)
at org.testng.internal.Invoker.invokeTestMethod(Invoker.java:719)
at org.testng.internal.Invoker.invokeTestMethods(Invoker.java:989)
at org.testng.internal.TestMethodWorker.invokeTestMethods(TestMethodWorker.java:125)
at org.testng.internal.TestMethodWorker.run(TestMethodWorker.java:109)
at org.testng.TestRunner.privateRun(TestRunner.java:648)
at org.testng.TestRunner.run(TestRunner.java:505)
at org.testng.SuiteRunner.runTest(SuiteRunner.java:455)
at org.testng.SuiteRunner.runSequentially(SuiteRunner.java:450)
at org.testng.SuiteRunner.privateRun(SuiteRunner.java:415)
at org.testng.SuiteRunner.run(SuiteRunner.java:364)
at org.testng.SuiteRunnerWorker.runSuite(SuiteRunnerWorker.java:52)
at org.testng.SuiteRunnerWorker.run(SuiteRunnerWorker.java:84)
at org.testng.TestNG.runSuitesSequentially(TestNG.java:1208)
at org.testng.TestNG.runSuitesLocally(TestNG.java:1137)
at org.testng.TestNG.runSuites(TestNG.java:1049)
at org.testng.TestNG.run(TestNG.java:1017)
at org.apache.maven.surefire.testng.TestNGExecutor.run(TestNGExecutor.java:283)
at org.apache.maven.surefire.testng.TestNGXmlTestSuite.execute(TestNGXmlTestSuite.java:75)
at org.apache.maven.surefire.testng.TestNGProvider.invoke(TestNGProvider.java:120)
at org.apache.maven.surefire.booter.ForkedBooter.invokeProviderInSameClassLoader(ForkedBooter.java:386)
at org.apache.maven.surefire.booter.ForkedBooter.runSuitesInProcess(ForkedBooter.java:323)
at org.apache.maven.surefire.booter.ForkedBooter.main(ForkedBooter.java:143)
]]>
            </full-stacktrace>
          </exception> <!-- java.lang.AssertionError -->
          <reporter-output>
          </reporter-output>
        </test-method> <!-- textFiltersTest -->
        <test-method status="PASS" signature="logoutOfEIConsole()[pri:0, instance:com.ei.test_cases.filter.FiltersOnAlarmRulesPage@549621f3]" name="logoutOfEIConsole" is-config="true" duration-ms="163" started-at="2019-10-04T14:27:50Z" finished-at="2019-10-04T14:27:51Z">
          <reporter-output>
          </reporter-output>
        </test-method> <!-- logoutOfEIConsole -->
      </class> <!-- com.ei.test_cases.filter.FiltersOnAlarmRulesPage -->
      <class name="com.ei.test_cases.filter.FiltersOnAlalrmsPage">
        <test-method status="PASS" signature="beforeSuite()[pri:0, instance:com.ei.test_cases.filter.FiltersOnAlalrmsPage@332a7fce]" name="beforeSuite" is-config="true" duration-ms="7975" started-at="2019-10-04T14:21:02Z" finished-at="2019-10-04T14:21:10Z">
          <reporter-output>
          </reporter-output>
        </test-method> <!-- beforeSuite -->
        <test-method status="PASS" signature="loginToEIConsole()[pri:0, instance:com.ei.test_cases.filter.FiltersOnAlalrmsPage@332a7fce]" name="loginToEIConsole" is-config="true" duration-ms="346" started-at="2019-10-04T14:25:04Z" finished-at="2019-10-04T14:25:04Z">
          <reporter-output>
          </reporter-output>
        </test-method> <!-- loginToEIConsole -->
        <test-method status="FAIL" signature="navigationToAlarmsPageTest()[pri:0, instance:com.ei.test_cases.filter.FiltersOnAlalrmsPage@332a7fce]" name="navigationToAlarmsPageTest" duration-ms="1747" started-at="2019-10-04T14:25:04Z" finished-at="2019-10-04T14:25:06Z">
          <exception class="java.lang.AssertionError">
            <message>
              <![CDATA[The following asserts failed:
expected [true] but found [false],
expected [true] but found [false]]]>
            </message>
            <full-stacktrace>
              <![CDATA[java.lang.AssertionError: The following asserts failed:
expected [true] but found [false],
expected [true] but found [false]
at com.ei.util.EISoftAssert.assertAll(EISoftAssert.java:52)
at com.ei.test_cases.filter.FiltersOnAlalrmsPage.navigationToAlarmsPageTest(FiltersOnAlalrmsPage.java:30)
at sun.reflect.NativeMethodAccessorImpl.invoke0(Native Method)
at sun.reflect.NativeMethodAccessorImpl.invoke(NativeMethodAccessorImpl.java:62)
at sun.reflect.DelegatingMethodAccessorImpl.invoke(DelegatingMethodAccessorImpl.java:43)
at java.lang.reflect.Method.invoke(Method.java:498)
at org.testng.internal.MethodInvocationHelper.invokeMethod(MethodInvocationHelper.java:124)
at org.testng.internal.Invoker.invokeMethod(Invoker.java:583)
at org.testng.internal.Invoker.invokeTestMethod(Invoker.java:719)
at org.testng.internal.Invoker.invokeTestMethods(Invoker.java:989)
at org.testng.internal.TestMethodWorker.invokeTestMethods(TestMethodWorker.java:125)
at org.testng.internal.TestMethodWorker.run(TestMethodWorker.java:109)
at org.testng.TestRunner.privateRun(TestRunner.java:648)
at org.testng.TestRunner.run(TestRunner.java:505)
at org.testng.SuiteRunner.runTest(SuiteRunner.java:455)
at org.testng.SuiteRunner.runSequentially(SuiteRunner.java:450)
at org.testng.SuiteRunner.privateRun(SuiteRunner.java:415)
at org.testng.SuiteRunner.run(SuiteRunner.java:364)
at org.testng.SuiteRunnerWorker.runSuite(SuiteRunnerWorker.java:52)
at org.testng.SuiteRunnerWorker.run(SuiteRunnerWorker.java:84)
at org.testng.TestNG.runSuitesSequentially(TestNG.java:1208)
at org.testng.TestNG.runSuitesLocally(TestNG.java:1137)
at org.testng.TestNG.runSuites(TestNG.java:1049)
at org.testng.TestNG.run(TestNG.java:1017)
at org.apache.maven.surefire.testng.TestNGExecutor.run(TestNGExecutor.java:283)
at org.apache.maven.surefire.testng.TestNGXmlTestSuite.execute(TestNGXmlTestSuite.java:75)
at org.apache.maven.surefire.testng.TestNGProvider.invoke(TestNGProvider.java:120)
at org.apache.maven.surefire.booter.ForkedBooter.invokeProviderInSameClassLoader(ForkedBooter.java:386)
at org.apache.maven.surefire.booter.ForkedBooter.runSuitesInProcess(ForkedBooter.java:323)
at org.apache.maven.surefire.booter.ForkedBooter.main(ForkedBooter.java:143)
]]>
            </full-stacktrace>
          </exception> <!-- java.lang.AssertionError -->
          <reporter-output>
          </reporter-output>
        </test-method> <!-- navigationToAlarmsPageTest -->
        <test-method status="PASS" signature="logoutOfEIConsole()[pri:0, instance:com.ei.test_cases.filter.FiltersOnAlalrmsPage@332a7fce]" name="logoutOfEIConsole" is-config="true" duration-ms="666" started-at="2019-10-04T14:25:06Z" finished-at="2019-10-04T14:25:07Z">
          <reporter-output>
          </reporter-output>
        </test-method> <!-- logoutOfEIConsole -->
        <test-method status="PASS" signature="loginToEIConsole()[pri:0, instance:com.ei.test_cases.filter.FiltersOnAlalrmsPage@332a7fce]" name="loginToEIConsole" is-config="true" duration-ms="517" started-at="2019-10-04T14:25:07Z" finished-at="2019-10-04T14:25:07Z">
          <reporter-output>
          </reporter-output>
        </test-method> <!-- loginToEIConsole -->
        <test-method status="FAIL" signature="numericFiltersTest()[pri:0, instance:com.ei.test_cases.filter.FiltersOnAlalrmsPage@332a7fce]" name="numericFiltersTest" duration-ms="28659" started-at="2019-10-04T14:25:07Z" finished-at="2019-10-04T14:25:36Z">
          <exception class="java.lang.AssertionError">
            <message>
              <![CDATA[The following asserts failed:
expected [true] but found [false],
expected [true] but found [false],
imap_client.exe (10232) doesn`t match file.exe (10232) expected [true] but found [false],
imap_client.exe (10232) doesn`t match file.exe (10232) expected [true] but found [false],
imap_client.exe (10232) doesn`t match file.exe (10232) expected [true] but found [false],
imap_client.exe (10232) doesn`t match file.exe (10232) expected [true] but found [false],
imap_client.exe (10232) doesn`t match file.exe (10232) expected [true] but found [false],
imap_client.exe (10232) doesn`t match file.exe (10232) expected [true] but found [false],
imap_client.exe (10232) doesn`t match file.exe (10232) expected [true] but found [false],
imap_client.exe (10232) doesn`t match file.exe (10232) expected [true] but found [false],
imap_client.exe (10232) doesn`t match file.exe (10232) expected [true] but found [false],
imap_client.exe (10232) doesn`t match registry.exe (10232) expected [true] but found [false],
imap_client.exe (10232) doesn`t match registry.exe (10232) expected [true] but found [false],
imap_client.exe (10232) doesn`t match file.exe (10232) expected [true] but found [false],
imap_client.exe (10232) doesn`t match file.exe (10232) expected [true] but found [false],
imap_client.exe (10232) doesn`t match file.exe (10232) expected [true] but found [false],
imap_client.exe (10232) doesn`t match file.exe (10232) expected [true] but found [false],
imap_client.exe (10232) doesn`t match registry.exe (10232) expected [true] but found [false],
imap_client.exe (10232) doesn`t match registry.exe (10232) expected [true] but found [false],
imap_client.exe (10232) doesn`t match file.exe (10232) expected [true] but found [false],
imap_client.exe (10232) doesn`t match file.exe (10232) expected [true] but found [false],
imap_client.exe (10232) doesn`t match file.exe (10232) expected [true] but found [false],
imap_client.exe (10232) doesn`t match file.exe (10232) expected [true] but found [false],
imap_client.exe (10232) doesn`t match file.exe (10232) expected [true] but found [false],
imap_client.exe (10232) doesn`t match file.exe (10232) expected [true] but found [false],
imap_client.exe (10232) doesn`t match registry.exe (10232) expected [true] but found [false],
imap_client.exe (10232) doesn`t match registry.exe (10232) expected [true] but found [false],
imap_client.exe (10232) doesn`t match registry.exe (10232) expected [true] but found [false]]]>
            </message>
            <full-stacktrace>
              <![CDATA[java.lang.AssertionError: The following asserts failed:
expected [true] but found [false],
expected [true] but found [false],
imap_client.exe (10232) doesn`t match file.exe (10232) expected [true] but found [false],
imap_client.exe (10232) doesn`t match file.exe (10232) expected [true] but found [false],
imap_client.exe (10232) doesn`t match file.exe (10232) expected [true] but found [false],
imap_client.exe (10232) doesn`t match file.exe (10232) expected [true] but found [false],
imap_client.exe (10232) doesn`t match file.exe (10232) expected [true] but found [false],
imap_client.exe (10232) doesn`t match file.exe (10232) expected [true] but found [false],
imap_client.exe (10232) doesn`t match file.exe (10232) expected [true] but found [false],
imap_client.exe (10232) doesn`t match file.exe (10232) expected [true] but found [false],
imap_client.exe (10232) doesn`t match file.exe (10232) expected [true] but found [false],
imap_client.exe (10232) doesn`t match registry.exe (10232) expected [true] but found [false],
imap_client.exe (10232) doesn`t match registry.exe (10232) expected [true] but found [false],
imap_client.exe (10232) doesn`t match file.exe (10232) expected [true] but found [false],
imap_client.exe (10232) doesn`t match file.exe (10232) expected [true] but found [false],
imap_client.exe (10232) doesn`t match file.exe (10232) expected [true] but found [false],
imap_client.exe (10232) doesn`t match file.exe (10232) expected [true] but found [false],
imap_client.exe (10232) doesn`t match registry.exe (10232) expected [true] but found [false],
imap_client.exe (10232) doesn`t match registry.exe (10232) expected [true] but found [false],
imap_client.exe (10232) doesn`t match file.exe (10232) expected [true] but found [false],
imap_client.exe (10232) doesn`t match file.exe (10232) expected [true] but found [false],
imap_client.exe (10232) doesn`t match file.exe (10232) expected [true] but found [false],
imap_client.exe (10232) doesn`t match file.exe (10232) expected [true] but found [false],
imap_client.exe (10232) doesn`t match file.exe (10232) expected [true] but found [false],
imap_client.exe (10232) doesn`t match file.exe (10232) expected [true] but found [false],
imap_client.exe (10232) doesn`t match registry.exe (10232) expected [true] but found [false],
imap_client.exe (10232) doesn`t match registry.exe (10232) expected [true] but found [false],
imap_client.exe (10232) doesn`t match registry.exe (10232) expected [true] but found [false]
at com.ei.util.EISoftAssert.assertAll(EISoftAssert.java:52)
at com.ei.test_cases.filter.FiltersOnAlalrmsPage.numericFiltersTest(FiltersOnAlalrmsPage.java:61)
at sun.reflect.NativeMethodAccessorImpl.invoke0(Native Method)
at sun.reflect.NativeMethodAccessorImpl.invoke(NativeMethodAccessorImpl.java:62)
at sun.reflect.DelegatingMethodAccessorImpl.invoke(DelegatingMethodAccessorImpl.java:43)
at java.lang.reflect.Method.invoke(Method.java:498)
at org.testng.internal.MethodInvocationHelper.invokeMethod(MethodInvocationHelper.java:124)
at org.testng.internal.Invoker.invokeMethod(Invoker.java:583)
at org.testng.internal.Invoker.invokeTestMethod(Invoker.java:719)
at org.testng.internal.Invoker.invokeTestMethods(Invoker.java:989)
at org.testng.internal.TestMethodWorker.invokeTestMethods(TestMethodWorker.java:125)
at org.testng.internal.TestMethodWorker.run(TestMethodWorker.java:109)
at org.testng.TestRunner.privateRun(TestRunner.java:648)
at org.testng.TestRunner.run(TestRunner.java:505)
at org.testng.SuiteRunner.runTest(SuiteRunner.java:455)
at org.testng.SuiteRunner.runSequentially(SuiteRunner.java:450)
at org.testng.SuiteRunner.privateRun(SuiteRunner.java:415)
at org.testng.SuiteRunner.run(SuiteRunner.java:364)
at org.testng.SuiteRunnerWorker.runSuite(SuiteRunnerWorker.java:52)
at org.testng.SuiteRunnerWorker.run(SuiteRunnerWorker.java:84)
at org.testng.TestNG.runSuitesSequentially(TestNG.java:1208)
at org.testng.TestNG.runSuitesLocally(TestNG.java:1137)
at org.testng.TestNG.runSuites(TestNG.java:1049)
at org.testng.TestNG.run(TestNG.java:1017)
at org.apache.maven.surefire.testng.TestNGExecutor.run(TestNGExecutor.java:283)
at org.apache.maven.surefire.testng.TestNGXmlTestSuite.execute(TestNGXmlTestSuite.java:75)
at org.apache.maven.surefire.testng.TestNGProvider.invoke(TestNGProvider.java:120)
at org.apache.maven.surefire.booter.ForkedBooter.invokeProviderInSameClassLoader(ForkedBooter.java:386)
at org.apache.maven.surefire.booter.ForkedBooter.runSuitesInProcess(ForkedBooter.java:323)
at org.apache.maven.surefire.booter.ForkedBooter.main(ForkedBooter.java:143)
]]>
            </full-stacktrace>
          </exception> <!-- java.lang.AssertionError -->
          <reporter-output>
          </reporter-output>
        </test-method> <!-- numericFiltersTest -->
        <test-method status="PASS" signature="logoutOfEIConsole()[pri:0, instance:com.ei.test_cases.filter.FiltersOnAlalrmsPage@332a7fce]" name="logoutOfEIConsole" is-config="true" duration-ms="92" started-at="2019-10-04T14:25:36Z" finished-at="2019-10-04T14:25:36Z">
          <reporter-output>
          </reporter-output>
        </test-method> <!-- logoutOfEIConsole -->
        <test-method status="PASS" signature="loginToEIConsole()[pri:0, instance:com.ei.test_cases.filter.FiltersOnAlalrmsPage@332a7fce]" name="loginToEIConsole" is-config="true" duration-ms="454" started-at="2019-10-04T14:25:36Z" finished-at="2019-10-04T14:25:36Z">
          <reporter-output>
          </reporter-output>
        </test-method> <!-- loginToEIConsole -->
        <test-method status="FAIL" signature="textFiltersSpecificCharactersTest(java.lang.String)[pri:0, instance:com.ei.test_cases.filter.FiltersOnAlalrmsPage@332a7fce]" name="textFiltersSpecificCharactersTest" duration-ms="5991" started-at="2019-10-04T14:25:36Z" data-provider="specificValues" finished-at="2019-10-04T14:25:42Z">
          <params>
            <param index="0">
              <value>
                <![CDATA[!]]>
              </value>
            </param>
          </params>
          <exception class="java.lang.AssertionError">
            <message>
              <![CDATA[The following asserts failed:
expected [true] but found [false],
expected [true] but found [false],
imap_client.exe (10232) doesn`t match file.exe (10232) expected [true] but found [false],
imap_client.exe (10232) doesn`t match file.exe (10232) expected [true] but found [false],
imap_client.exe (10232) doesn`t match file.exe (10232) expected [true] but found [false],
imap_client.exe (10232) doesn`t match file.exe (10232) expected [true] but found [false],
imap_client.exe (10232) doesn`t match file.exe (10232) expected [true] but found [false],
imap_client.exe (10232) doesn`t match file.exe (10232) expected [true] but found [false],
imap_client.exe (10232) doesn`t match file.exe (10232) expected [true] but found [false],
imap_client.exe (10232) doesn`t match file.exe (10232) expected [true] but found [false],
imap_client.exe (10232) doesn`t match file.exe (10232) expected [true] but found [false],
imap_client.exe (10232) doesn`t match registry.exe (10232) expected [true] but found [false],
imap_client.exe (10232) doesn`t match registry.exe (10232) expected [true] but found [false],
imap_client.exe (10232) doesn`t match file.exe (10232) expected [true] but found [false],
imap_client.exe (10232) doesn`t match file.exe (10232) expected [true] but found [false],
imap_client.exe (10232) doesn`t match file.exe (10232) expected [true] but found [false],
imap_client.exe (10232) doesn`t match file.exe (10232) expected [true] but found [false],
imap_client.exe (10232) doesn`t match registry.exe (10232) expected [true] but found [false],
imap_client.exe (10232) doesn`t match registry.exe (10232) expected [true] but found [false],
imap_client.exe (10232) doesn`t match file.exe (10232) expected [true] but found [false],
imap_client.exe (10232) doesn`t match file.exe (10232) expected [true] but found [false],
imap_client.exe (10232) doesn`t match file.exe (10232) expected [true] but found [false],
imap_client.exe (10232) doesn`t match file.exe (10232) expected [true] but found [false],
imap_client.exe (10232) doesn`t match file.exe (10232) expected [true] but found [false],
imap_client.exe (10232) doesn`t match file.exe (10232) expected [true] but found [false],
imap_client.exe (10232) doesn`t match registry.exe (10232) expected [true] but found [false],
imap_client.exe (10232) doesn`t match registry.exe (10232) expected [true] but found [false],
imap_client.exe (10232) doesn`t match registry.exe (10232) expected [true] but found [false]]]>
            </message>
            <full-stacktrace>
              <![CDATA[java.lang.AssertionError: The following asserts failed:
expected [true] but found [false],
expected [true] but found [false],
imap_client.exe (10232) doesn`t match file.exe (10232) expected [true] but found [false],
imap_client.exe (10232) doesn`t match file.exe (10232) expected [true] but found [false],
imap_client.exe (10232) doesn`t match file.exe (10232) expected [true] but found [false],
imap_client.exe (10232) doesn`t match file.exe (10232) expected [true] but found [false],
imap_client.exe (10232) doesn`t match file.exe (10232) expected [true] but found [false],
imap_client.exe (10232) doesn`t match file.exe (10232) expected [true] but found [false],
imap_client.exe (10232) doesn`t match file.exe (10232) expected [true] but found [false],
imap_client.exe (10232) doesn`t match file.exe (10232) expected [true] but found [false],
imap_client.exe (10232) doesn`t match file.exe (10232) expected [true] but found [false],
imap_client.exe (10232) doesn`t match registry.exe (10232) expected [true] but found [false],
imap_client.exe (10232) doesn`t match registry.exe (10232) expected [true] but found [false],
imap_client.exe (10232) doesn`t match file.exe (10232) expected [true] but found [false],
imap_client.exe (10232) doesn`t match file.exe (10232) expected [true] but found [false],
imap_client.exe (10232) doesn`t match file.exe (10232) expected [true] but found [false],
imap_client.exe (10232) doesn`t match file.exe (10232) expected [true] but found [false],
imap_client.exe (10232) doesn`t match registry.exe (10232) expected [true] but found [false],
imap_client.exe (10232) doesn`t match registry.exe (10232) expected [true] but found [false],
imap_client.exe (10232) doesn`t match file.exe (10232) expected [true] but found [false],
imap_client.exe (10232) doesn`t match file.exe (10232) expected [true] but found [false],
imap_client.exe (10232) doesn`t match file.exe (10232) expected [true] but found [false],
imap_client.exe (10232) doesn`t match file.exe (10232) expected [true] but found [false],
imap_client.exe (10232) doesn`t match file.exe (10232) expected [true] but found [false],
imap_client.exe (10232) doesn`t match file.exe (10232) expected [true] but found [false],
imap_client.exe (10232) doesn`t match registry.exe (10232) expected [true] but found [false],
imap_client.exe (10232) doesn`t match registry.exe (10232) expected [true] but found [false],
imap_client.exe (10232) doesn`t match registry.exe (10232) expected [true] but found [false]
at com.ei.util.EISoftAssert.assertAll(EISoftAssert.java:52)
at com.ei.test_cases.filter.FiltersOnAlalrmsPage.textFiltersSpecificCharactersTest(FiltersOnAlalrmsPage.java:72)
at sun.reflect.NativeMethodAccessorImpl.invoke0(Native Method)
at sun.reflect.NativeMethodAccessorImpl.invoke(NativeMethodAccessorImpl.java:62)
at sun.reflect.DelegatingMethodAccessorImpl.invoke(DelegatingMethodAccessorImpl.java:43)
at java.lang.reflect.Method.invoke(Method.java:498)
at org.testng.internal.MethodInvocationHelper.invokeMethod(MethodInvocationHelper.java:124)
at org.testng.internal.Invoker.invokeMethod(Invoker.java:583)
at org.testng.internal.Invoker.invokeTestMethod(Invoker.java:719)
at org.testng.internal.Invoker.invokeTestMethods(Invoker.java:989)
at org.testng.internal.TestMethodWorker.invokeTestMethods(TestMethodWorker.java:125)
at org.testng.internal.TestMethodWorker.run(TestMethodWorker.java:109)
at org.testng.TestRunner.privateRun(TestRunner.java:648)
at org.testng.TestRunner.run(TestRunner.java:505)
at org.testng.SuiteRunner.runTest(SuiteRunner.java:455)
at org.testng.SuiteRunner.runSequentially(SuiteRunner.java:450)
at org.testng.SuiteRunner.privateRun(SuiteRunner.java:415)
at org.testng.SuiteRunner.run(SuiteRunner.java:364)
at org.testng.SuiteRunnerWorker.runSuite(SuiteRunnerWorker.java:52)
at org.testng.SuiteRunnerWorker.run(SuiteRunnerWorker.java:84)
at org.testng.TestNG.runSuitesSequentially(TestNG.java:1208)
at org.testng.TestNG.runSuitesLocally(TestNG.java:1137)
at org.testng.TestNG.runSuites(TestNG.java:1049)
at org.testng.TestNG.run(TestNG.java:1017)
at org.apache.maven.surefire.testng.TestNGExecutor.run(TestNGExecutor.java:283)
at org.apache.maven.surefire.testng.TestNGXmlTestSuite.execute(TestNGXmlTestSuite.java:75)
at org.apache.maven.surefire.testng.TestNGProvider.invoke(TestNGProvider.java:120)
at org.apache.maven.surefire.booter.ForkedBooter.invokeProviderInSameClassLoader(ForkedBooter.java:386)
at org.apache.maven.surefire.booter.ForkedBooter.runSuitesInProcess(ForkedBooter.java:323)
at org.apache.maven.surefire.booter.ForkedBooter.main(ForkedBooter.java:143)
]]>
            </full-stacktrace>
          </exception> <!-- java.lang.AssertionError -->
          <reporter-output>
          </reporter-output>
        </test-method> <!-- textFiltersSpecificCharactersTest -->
        <test-method status="PASS" signature="logoutOfEIConsole()[pri:0, instance:com.ei.test_cases.filter.FiltersOnAlalrmsPage@332a7fce]" name="logoutOfEIConsole" is-config="true" duration-ms="71" started-at="2019-10-04T14:25:42Z" finished-at="2019-10-04T14:25:43Z">
          <reporter-output>
          </reporter-output>
        </test-method> <!-- logoutOfEIConsole -->
        <test-method status="PASS" signature="loginToEIConsole()[pri:0, instance:com.ei.test_cases.filter.FiltersOnAlalrmsPage@332a7fce]" name="loginToEIConsole" is-config="true" duration-ms="344" started-at="2019-10-04T14:25:43Z" finished-at="2019-10-04T14:25:43Z">
          <reporter-output>
          </reporter-output>
        </test-method> <!-- loginToEIConsole -->
        <test-method status="FAIL" signature="textFiltersSpecificCharactersTest(java.lang.String)[pri:0, instance:com.ei.test_cases.filter.FiltersOnAlalrmsPage@332a7fce]" name="textFiltersSpecificCharactersTest" duration-ms="5961" started-at="2019-10-04T14:25:43Z" data-provider="specificValues" finished-at="2019-10-04T14:25:49Z">
          <params>
            <param index="0">
              <value>
                <![CDATA[@]]>
              </value>
            </param>
          </params>
          <exception class="java.lang.AssertionError">
            <message>
              <![CDATA[The following asserts failed:
expected [true] but found [false],
expected [true] but found [false],
imap_client.exe (10232) doesn`t match file.exe (10232) expected [true] but found [false],
imap_client.exe (10232) doesn`t match file.exe (10232) expected [true] but found [false],
imap_client.exe (10232) doesn`t match file.exe (10232) expected [true] but found [false],
imap_client.exe (10232) doesn`t match file.exe (10232) expected [true] but found [false],
imap_client.exe (10232) doesn`t match file.exe (10232) expected [true] but found [false],
imap_client.exe (10232) doesn`t match file.exe (10232) expected [true] but found [false],
imap_client.exe (10232) doesn`t match file.exe (10232) expected [true] but found [false],
imap_client.exe (10232) doesn`t match file.exe (10232) expected [true] but found [false],
imap_client.exe (10232) doesn`t match file.exe (10232) expected [true] but found [false],
imap_client.exe (10232) doesn`t match registry.exe (10232) expected [true] but found [false],
imap_client.exe (10232) doesn`t match registry.exe (10232) expected [true] but found [false],
imap_client.exe (10232) doesn`t match file.exe (10232) expected [true] but found [false],
imap_client.exe (10232) doesn`t match file.exe (10232) expected [true] but found [false],
imap_client.exe (10232) doesn`t match file.exe (10232) expected [true] but found [false],
imap_client.exe (10232) doesn`t match file.exe (10232) expected [true] but found [false],
imap_client.exe (10232) doesn`t match registry.exe (10232) expected [true] but found [false],
imap_client.exe (10232) doesn`t match registry.exe (10232) expected [true] but found [false],
imap_client.exe (10232) doesn`t match file.exe (10232) expected [true] but found [false],
imap_client.exe (10232) doesn`t match file.exe (10232) expected [true] but found [false],
imap_client.exe (10232) doesn`t match file.exe (10232) expected [true] but found [false],
imap_client.exe (10232) doesn`t match file.exe (10232) expected [true] but found [false],
imap_client.exe (10232) doesn`t match file.exe (10232) expected [true] but found [false],
imap_client.exe (10232) doesn`t match file.exe (10232) expected [true] but found [false],
imap_client.exe (10232) doesn`t match registry.exe (10232) expected [true] but found [false],
imap_client.exe (10232) doesn`t match registry.exe (10232) expected [true] but found [false],
imap_client.exe (10232) doesn`t match registry.exe (10232) expected [true] but found [false]]]>
            </message>
            <full-stacktrace>
              <![CDATA[java.lang.AssertionError: The following asserts failed:
expected [true] but found [false],
expected [true] but found [false],
imap_client.exe (10232) doesn`t match file.exe (10232) expected [true] but found [false],
imap_client.exe (10232) doesn`t match file.exe (10232) expected [true] but found [false],
imap_client.exe (10232) doesn`t match file.exe (10232) expected [true] but found [false],
imap_client.exe (10232) doesn`t match file.exe (10232) expected [true] but found [false],
imap_client.exe (10232) doesn`t match file.exe (10232) expected [true] but found [false],
imap_client.exe (10232) doesn`t match file.exe (10232) expected [true] but found [false],
imap_client.exe (10232) doesn`t match file.exe (10232) expected [true] but found [false],
imap_client.exe (10232) doesn`t match file.exe (10232) expected [true] but found [false],
imap_client.exe (10232) doesn`t match file.exe (10232) expected [true] but found [false],
imap_client.exe (10232) doesn`t match registry.exe (10232) expected [true] but found [false],
imap_client.exe (10232) doesn`t match registry.exe (10232) expected [true] but found [false],
imap_client.exe (10232) doesn`t match file.exe (10232) expected [true] but found [false],
imap_client.exe (10232) doesn`t match file.exe (10232) expected [true] but found [false],
imap_client.exe (10232) doesn`t match file.exe (10232) expected [true] but found [false],
imap_client.exe (10232) doesn`t match file.exe (10232) expected [true] but found [false],
imap_client.exe (10232) doesn`t match registry.exe (10232) expected [true] but found [false],
imap_client.exe (10232) doesn`t match registry.exe (10232) expected [true] but found [false],
imap_client.exe (10232) doesn`t match file.exe (10232) expected [true] but found [false],
imap_client.exe (10232) doesn`t match file.exe (10232) expected [true] but found [false],
imap_client.exe (10232) doesn`t match file.exe (10232) expected [true] but found [false],
imap_client.exe (10232) doesn`t match file.exe (10232) expected [true] but found [false],
imap_client.exe (10232) doesn`t match file.exe (10232) expected [true] but found [false],
imap_client.exe (10232) doesn`t match file.exe (10232) expected [true] but found [false],
imap_client.exe (10232) doesn`t match registry.exe (10232) expected [true] but found [false],
imap_client.exe (10232) doesn`t match registry.exe (10232) expected [true] but found [false],
imap_client.exe (10232) doesn`t match registry.exe (10232) expected [true] but found [false]
at com.ei.util.EISoftAssert.assertAll(EISoftAssert.java:52)
at com.ei.test_cases.filter.FiltersOnAlalrmsPage.textFiltersSpecificCharactersTest(FiltersOnAlalrmsPage.java:72)
at sun.reflect.NativeMethodAccessorImpl.invoke0(Native Method)
at sun.reflect.NativeMethodAccessorImpl.invoke(NativeMethodAccessorImpl.java:62)
at sun.reflect.DelegatingMethodAccessorImpl.invoke(DelegatingMethodAccessorImpl.java:43)
at java.lang.reflect.Method.invoke(Method.java:498)
at org.testng.internal.MethodInvocationHelper.invokeMethod(MethodInvocationHelper.java:124)
at org.testng.internal.Invoker.invokeMethod(Invoker.java:583)
at org.testng.internal.Invoker.invokeTestMethod(Invoker.java:719)
at org.testng.internal.Invoker.invokeTestMethods(Invoker.java:989)
at org.testng.internal.TestMethodWorker.invokeTestMethods(TestMethodWorker.java:125)
at org.testng.internal.TestMethodWorker.run(TestMethodWorker.java:109)
at org.testng.TestRunner.privateRun(TestRunner.java:648)
at org.testng.TestRunner.run(TestRunner.java:505)
at org.testng.SuiteRunner.runTest(SuiteRunner.java:455)
at org.testng.SuiteRunner.runSequentially(SuiteRunner.java:450)
at org.testng.SuiteRunner.privateRun(SuiteRunner.java:415)
at org.testng.SuiteRunner.run(SuiteRunner.java:364)
at org.testng.SuiteRunnerWorker.runSuite(SuiteRunnerWorker.java:52)
at org.testng.SuiteRunnerWorker.run(SuiteRunnerWorker.java:84)
at org.testng.TestNG.runSuitesSequentially(TestNG.java:1208)
at org.testng.TestNG.runSuitesLocally(TestNG.java:1137)
at org.testng.TestNG.runSuites(TestNG.java:1049)
at org.testng.TestNG.run(TestNG.java:1017)
at org.apache.maven.surefire.testng.TestNGExecutor.run(TestNGExecutor.java:283)
at org.apache.maven.surefire.testng.TestNGXmlTestSuite.execute(TestNGXmlTestSuite.java:75)
at org.apache.maven.surefire.testng.TestNGProvider.invoke(TestNGProvider.java:120)
at org.apache.maven.surefire.booter.ForkedBooter.invokeProviderInSameClassLoader(ForkedBooter.java:386)
at org.apache.maven.surefire.booter.ForkedBooter.runSuitesInProcess(ForkedBooter.java:323)
at org.apache.maven.surefire.booter.ForkedBooter.main(ForkedBooter.java:143)
]]>
            </full-stacktrace>
          </exception> <!-- java.lang.AssertionError -->
          <reporter-output>
          </reporter-output>
        </test-method> <!-- textFiltersSpecificCharactersTest -->
        <test-method status="PASS" signature="logoutOfEIConsole()[pri:0, instance:com.ei.test_cases.filter.FiltersOnAlalrmsPage@332a7fce]" name="logoutOfEIConsole" is-config="true" duration-ms="65" started-at="2019-10-04T14:25:49Z" finished-at="2019-10-04T14:25:49Z">
          <reporter-output>
          </reporter-output>
        </test-method> <!-- logoutOfEIConsole -->
        <test-method status="PASS" signature="loginToEIConsole()[pri:0, instance:com.ei.test_cases.filter.FiltersOnAlalrmsPage@332a7fce]" name="loginToEIConsole" is-config="true" duration-ms="326" started-at="2019-10-04T14:25:49Z" finished-at="2019-10-04T14:25:49Z">
          <reporter-output>
          </reporter-output>
        </test-method> <!-- loginToEIConsole -->
        <test-method status="FAIL" signature="textFiltersSpecificCharactersTest(java.lang.String)[pri:0, instance:com.ei.test_cases.filter.FiltersOnAlalrmsPage@332a7fce]" name="textFiltersSpecificCharactersTest" duration-ms="6556" started-at="2019-10-04T14:25:49Z" data-provider="specificValues" finished-at="2019-10-04T14:25:56Z">
          <params>
            <param index="0">
              <value>
                <![CDATA[#]]>
              </value>
            </param>
          </params>
          <exception class="java.lang.AssertionError">
            <message>
              <![CDATA[The following asserts failed:
expected [true] but found [false],
expected [true] but found [false],
imap_client.exe (10232) doesn`t match file.exe (10232) expected [true] but found [false],
imap_client.exe (10232) doesn`t match file.exe (10232) expected [true] but found [false],
imap_client.exe (10232) doesn`t match file.exe (10232) expected [true] but found [false],
imap_client.exe (10232) doesn`t match file.exe (10232) expected [true] but found [false],
imap_client.exe (10232) doesn`t match file.exe (10232) expected [true] but found [false],
imap_client.exe (10232) doesn`t match file.exe (10232) expected [true] but found [false],
imap_client.exe (10232) doesn`t match file.exe (10232) expected [true] but found [false],
imap_client.exe (10232) doesn`t match file.exe (10232) expected [true] but found [false],
imap_client.exe (10232) doesn`t match file.exe (10232) expected [true] but found [false],
imap_client.exe (10232) doesn`t match registry.exe (10232) expected [true] but found [false],
imap_client.exe (10232) doesn`t match registry.exe (10232) expected [true] but found [false],
imap_client.exe (10232) doesn`t match file.exe (10232) expected [true] but found [false],
imap_client.exe (10232) doesn`t match file.exe (10232) expected [true] but found [false],
imap_client.exe (10232) doesn`t match file.exe (10232) expected [true] but found [false],
imap_client.exe (10232) doesn`t match file.exe (10232) expected [true] but found [false],
imap_client.exe (10232) doesn`t match registry.exe (10232) expected [true] but found [false],
imap_client.exe (10232) doesn`t match registry.exe (10232) expected [true] but found [false],
imap_client.exe (10232) doesn`t match file.exe (10232) expected [true] but found [false],
imap_client.exe (10232) doesn`t match file.exe (10232) expected [true] but found [false],
imap_client.exe (10232) doesn`t match file.exe (10232) expected [true] but found [false],
imap_client.exe (10232) doesn`t match file.exe (10232) expected [true] but found [false],
imap_client.exe (10232) doesn`t match file.exe (10232) expected [true] but found [false],
imap_client.exe (10232) doesn`t match file.exe (10232) expected [true] but found [false],
imap_client.exe (10232) doesn`t match registry.exe (10232) expected [true] but found [false],
imap_client.exe (10232) doesn`t match registry.exe (10232) expected [true] but found [false],
imap_client.exe (10232) doesn`t match registry.exe (10232) expected [true] but found [false]]]>
            </message>
            <full-stacktrace>
              <![CDATA[java.lang.AssertionError: The following asserts failed:
expected [true] but found [false],
expected [true] but found [false],
imap_client.exe (10232) doesn`t match file.exe (10232) expected [true] but found [false],
imap_client.exe (10232) doesn`t match file.exe (10232) expected [true] but found [false],
imap_client.exe (10232) doesn`t match file.exe (10232) expected [true] but found [false],
imap_client.exe (10232) doesn`t match file.exe (10232) expected [true] but found [false],
imap_client.exe (10232) doesn`t match file.exe (10232) expected [true] but found [false],
imap_client.exe (10232) doesn`t match file.exe (10232) expected [true] but found [false],
imap_client.exe (10232) doesn`t match file.exe (10232) expected [true] but found [false],
imap_client.exe (10232) doesn`t match file.exe (10232) expected [true] but found [false],
imap_client.exe (10232) doesn`t match file.exe (10232) expected [true] but found [false],
imap_client.exe (10232) doesn`t match registry.exe (10232) expected [true] but found [false],
imap_client.exe (10232) doesn`t match registry.exe (10232) expected [true] but found [false],
imap_client.exe (10232) doesn`t match file.exe (10232) expected [true] but found [false],
imap_client.exe (10232) doesn`t match file.exe (10232) expected [true] but found [false],
imap_client.exe (10232) doesn`t match file.exe (10232) expected [true] but found [false],
imap_client.exe (10232) doesn`t match file.exe (10232) expected [true] but found [false],
imap_client.exe (10232) doesn`t match registry.exe (10232) expected [true] but found [false],
imap_client.exe (10232) doesn`t match registry.exe (10232) expected [true] but found [false],
imap_client.exe (10232) doesn`t match file.exe (10232) expected [true] but found [false],
imap_client.exe (10232) doesn`t match file.exe (10232) expected [true] but found [false],
imap_client.exe (10232) doesn`t match file.exe (10232) expected [true] but found [false],
imap_client.exe (10232) doesn`t match file.exe (10232) expected [true] but found [false],
imap_client.exe (10232) doesn`t match file.exe (10232) expected [true] but found [false],
imap_client.exe (10232) doesn`t match file.exe (10232) expected [true] but found [false],
imap_client.exe (10232) doesn`t match registry.exe (10232) expected [true] but found [false],
imap_client.exe (10232) doesn`t match registry.exe (10232) expected [true] but found [false],
imap_client.exe (10232) doesn`t match registry.exe (10232) expected [true] but found [false]
at com.ei.util.EISoftAssert.assertAll(EISoftAssert.java:52)
at com.ei.test_cases.filter.FiltersOnAlalrmsPage.textFiltersSpecificCharactersTest(FiltersOnAlalrmsPage.java:72)
at sun.reflect.NativeMethodAccessorImpl.invoke0(Native Method)
at sun.reflect.NativeMethodAccessorImpl.invoke(NativeMethodAccessorImpl.java:62)
at sun.reflect.DelegatingMethodAccessorImpl.invoke(DelegatingMethodAccessorImpl.java:43)
at java.lang.reflect.Method.invoke(Method.java:498)
at org.testng.internal.MethodInvocationHelper.invokeMethod(MethodInvocationHelper.java:124)
at org.testng.internal.Invoker.invokeMethod(Invoker.java:583)
at org.testng.internal.Invoker.invokeTestMethod(Invoker.java:719)
at org.testng.internal.Invoker.invokeTestMethods(Invoker.java:989)
at org.testng.internal.TestMethodWorker.invokeTestMethods(TestMethodWorker.java:125)
at org.testng.internal.TestMethodWorker.run(TestMethodWorker.java:109)
at org.testng.TestRunner.privateRun(TestRunner.java:648)
at org.testng.TestRunner.run(TestRunner.java:505)
at org.testng.SuiteRunner.runTest(SuiteRunner.java:455)
at org.testng.SuiteRunner.runSequentially(SuiteRunner.java:450)
at org.testng.SuiteRunner.privateRun(SuiteRunner.java:415)
at org.testng.SuiteRunner.run(SuiteRunner.java:364)
at org.testng.SuiteRunnerWorker.runSuite(SuiteRunnerWorker.java:52)
at org.testng.SuiteRunnerWorker.run(SuiteRunnerWorker.java:84)
at org.testng.TestNG.runSuitesSequentially(TestNG.java:1208)
at org.testng.TestNG.runSuitesLocally(TestNG.java:1137)
at org.testng.TestNG.runSuites(TestNG.java:1049)
at org.testng.TestNG.run(TestNG.java:1017)
at org.apache.maven.surefire.testng.TestNGExecutor.run(TestNGExecutor.java:283)
at org.apache.maven.surefire.testng.TestNGXmlTestSuite.execute(TestNGXmlTestSuite.java:75)
at org.apache.maven.surefire.testng.TestNGProvider.invoke(TestNGProvider.java:120)
at org.apache.maven.surefire.booter.ForkedBooter.invokeProviderInSameClassLoader(ForkedBooter.java:386)
at org.apache.maven.surefire.booter.ForkedBooter.runSuitesInProcess(ForkedBooter.java:323)
at org.apache.maven.surefire.booter.ForkedBooter.main(ForkedBooter.java:143)
]]>
            </full-stacktrace>
          </exception> <!-- java.lang.AssertionError -->
          <reporter-output>
          </reporter-output>
        </test-method> <!-- textFiltersSpecificCharactersTest -->
        <test-method status="PASS" signature="logoutOfEIConsole()[pri:0, instance:com.ei.test_cases.filter.FiltersOnAlalrmsPage@332a7fce]" name="logoutOfEIConsole" is-config="true" duration-ms="72" started-at="2019-10-04T14:25:56Z" finished-at="2019-10-04T14:25:56Z">
          <reporter-output>
          </reporter-output>
        </test-method> <!-- logoutOfEIConsole -->
        <test-method status="PASS" signature="loginToEIConsole()[pri:0, instance:com.ei.test_cases.filter.FiltersOnAlalrmsPage@332a7fce]" name="loginToEIConsole" is-config="true" duration-ms="368" started-at="2019-10-04T14:25:56Z" finished-at="2019-10-04T14:25:56Z">
          <reporter-output>
          </reporter-output>
        </test-method> <!-- loginToEIConsole -->
        <test-method status="FAIL" signature="textFiltersSpecificCharactersTest(java.lang.String)[pri:0, instance:com.ei.test_cases.filter.FiltersOnAlalrmsPage@332a7fce]" name="textFiltersSpecificCharactersTest" duration-ms="7259" started-at="2019-10-04T14:25:56Z" data-provider="specificValues" finished-at="2019-10-04T14:26:04Z">
          <params>
            <param index="0">
              <value>
                <![CDATA[$]]>
              </value>
            </param>
          </params>
          <exception class="java.lang.AssertionError">
            <message>
              <![CDATA[The following asserts failed:
expected [true] but found [false],
expected [true] but found [false],
imap_client.exe (10232) doesn`t match file.exe (10232) expected [true] but found [false],
imap_client.exe (10232) doesn`t match file.exe (10232) expected [true] but found [false],
imap_client.exe (10232) doesn`t match file.exe (10232) expected [true] but found [false],
imap_client.exe (10232) doesn`t match file.exe (10232) expected [true] but found [false],
imap_client.exe (10232) doesn`t match file.exe (10232) expected [true] but found [false],
imap_client.exe (10232) doesn`t match file.exe (10232) expected [true] but found [false],
imap_client.exe (10232) doesn`t match file.exe (10232) expected [true] but found [false],
imap_client.exe (10232) doesn`t match file.exe (10232) expected [true] but found [false],
imap_client.exe (10232) doesn`t match file.exe (10232) expected [true] but found [false],
imap_client.exe (10232) doesn`t match registry.exe (10232) expected [true] but found [false],
imap_client.exe (10232) doesn`t match registry.exe (10232) expected [true] but found [false],
imap_client.exe (10232) doesn`t match file.exe (10232) expected [true] but found [false],
imap_client.exe (10232) doesn`t match file.exe (10232) expected [true] but found [false],
imap_client.exe (10232) doesn`t match file.exe (10232) expected [true] but found [false],
imap_client.exe (10232) doesn`t match file.exe (10232) expected [true] but found [false],
imap_client.exe (10232) doesn`t match registry.exe (10232) expected [true] but found [false],
imap_client.exe (10232) doesn`t match registry.exe (10232) expected [true] but found [false],
imap_client.exe (10232) doesn`t match file.exe (10232) expected [true] but found [false],
imap_client.exe (10232) doesn`t match file.exe (10232) expected [true] but found [false],
imap_client.exe (10232) doesn`t match file.exe (10232) expected [true] but found [false],
imap_client.exe (10232) doesn`t match file.exe (10232) expected [true] but found [false],
imap_client.exe (10232) doesn`t match file.exe (10232) expected [true] but found [false],
imap_client.exe (10232) doesn`t match file.exe (10232) expected [true] but found [false],
imap_client.exe (10232) doesn`t match registry.exe (10232) expected [true] but found [false],
imap_client.exe (10232) doesn`t match registry.exe (10232) expected [true] but found [false],
imap_client.exe (10232) doesn`t match registry.exe (10232) expected [true] but found [false]]]>
            </message>
            <full-stacktrace>
              <![CDATA[java.lang.AssertionError: The following asserts failed:
expected [true] but found [false],
expected [true] but found [false],
imap_client.exe (10232) doesn`t match file.exe (10232) expected [true] but found [false],
imap_client.exe (10232) doesn`t match file.exe (10232) expected [true] but found [false],
imap_client.exe (10232) doesn`t match file.exe (10232) expected [true] but found [false],
imap_client.exe (10232) doesn`t match file.exe (10232) expected [true] but found [false],
imap_client.exe (10232) doesn`t match file.exe (10232) expected [true] but found [false],
imap_client.exe (10232) doesn`t match file.exe (10232) expected [true] but found [false],
imap_client.exe (10232) doesn`t match file.exe (10232) expected [true] but found [false],
imap_client.exe (10232) doesn`t match file.exe (10232) expected [true] but found [false],
imap_client.exe (10232) doesn`t match file.exe (10232) expected [true] but found [false],
imap_client.exe (10232) doesn`t match registry.exe (10232) expected [true] but found [false],
imap_client.exe (10232) doesn`t match registry.exe (10232) expected [true] but found [false],
imap_client.exe (10232) doesn`t match file.exe (10232) expected [true] but found [false],
imap_client.exe (10232) doesn`t match file.exe (10232) expected [true] but found [false],
imap_client.exe (10232) doesn`t match file.exe (10232) expected [true] but found [false],
imap_client.exe (10232) doesn`t match file.exe (10232) expected [true] but found [false],
imap_client.exe (10232) doesn`t match registry.exe (10232) expected [true] but found [false],
imap_client.exe (10232) doesn`t match registry.exe (10232) expected [true] but found [false],
imap_client.exe (10232) doesn`t match file.exe (10232) expected [true] but found [false],
imap_client.exe (10232) doesn`t match file.exe (10232) expected [true] but found [false],
imap_client.exe (10232) doesn`t match file.exe (10232) expected [true] but found [false],
imap_client.exe (10232) doesn`t match file.exe (10232) expected [true] but found [false],
imap_client.exe (10232) doesn`t match file.exe (10232) expected [true] but found [false],
imap_client.exe (10232) doesn`t match file.exe (10232) expected [true] but found [false],
imap_client.exe (10232) doesn`t match registry.exe (10232) expected [true] but found [false],
imap_client.exe (10232) doesn`t match registry.exe (10232) expected [true] but found [false],
imap_client.exe (10232) doesn`t match registry.exe (10232) expected [true] but found [false]
at com.ei.util.EISoftAssert.assertAll(EISoftAssert.java:52)
at com.ei.test_cases.filter.FiltersOnAlalrmsPage.textFiltersSpecificCharactersTest(FiltersOnAlalrmsPage.java:72)
at sun.reflect.NativeMethodAccessorImpl.invoke0(Native Method)
at sun.reflect.NativeMethodAccessorImpl.invoke(NativeMethodAccessorImpl.java:62)
at sun.reflect.DelegatingMethodAccessorImpl.invoke(DelegatingMethodAccessorImpl.java:43)
at java.lang.reflect.Method.invoke(Method.java:498)
at org.testng.internal.MethodInvocationHelper.invokeMethod(MethodInvocationHelper.java:124)
at org.testng.internal.Invoker.invokeMethod(Invoker.java:583)
at org.testng.internal.Invoker.invokeTestMethod(Invoker.java:719)
at org.testng.internal.Invoker.invokeTestMethods(Invoker.java:989)
at org.testng.internal.TestMethodWorker.invokeTestMethods(TestMethodWorker.java:125)
at org.testng.internal.TestMethodWorker.run(TestMethodWorker.java:109)
at org.testng.TestRunner.privateRun(TestRunner.java:648)
at org.testng.TestRunner.run(TestRunner.java:505)
at org.testng.SuiteRunner.runTest(SuiteRunner.java:455)
at org.testng.SuiteRunner.runSequentially(SuiteRunner.java:450)
at org.testng.SuiteRunner.privateRun(SuiteRunner.java:415)
at org.testng.SuiteRunner.run(SuiteRunner.java:364)
at org.testng.SuiteRunnerWorker.runSuite(SuiteRunnerWorker.java:52)
at org.testng.SuiteRunnerWorker.run(SuiteRunnerWorker.java:84)
at org.testng.TestNG.runSuitesSequentially(TestNG.java:1208)
at org.testng.TestNG.runSuitesLocally(TestNG.java:1137)
at org.testng.TestNG.runSuites(TestNG.java:1049)
at org.testng.TestNG.run(TestNG.java:1017)
at org.apache.maven.surefire.testng.TestNGExecutor.run(TestNGExecutor.java:283)
at org.apache.maven.surefire.testng.TestNGXmlTestSuite.execute(TestNGXmlTestSuite.java:75)
at org.apache.maven.surefire.testng.TestNGProvider.invoke(TestNGProvider.java:120)
at org.apache.maven.surefire.booter.ForkedBooter.invokeProviderInSameClassLoader(ForkedBooter.java:386)
at org.apache.maven.surefire.booter.ForkedBooter.runSuitesInProcess(ForkedBooter.java:323)
at org.apache.maven.surefire.booter.ForkedBooter.main(ForkedBooter.java:143)
]]>
            </full-stacktrace>
          </exception> <!-- java.lang.AssertionError -->
          <reporter-output>
          </reporter-output>
        </test-method> <!-- textFiltersSpecificCharactersTest -->
        <test-method status="PASS" signature="logoutOfEIConsole()[pri:0, instance:com.ei.test_cases.filter.FiltersOnAlalrmsPage@332a7fce]" name="logoutOfEIConsole" is-config="true" duration-ms="81" started-at="2019-10-04T14:26:04Z" finished-at="2019-10-04T14:26:04Z">
          <reporter-output>
          </reporter-output>
        </test-method> <!-- logoutOfEIConsole -->
        <test-method status="PASS" signature="loginToEIConsole()[pri:0, instance:com.ei.test_cases.filter.FiltersOnAlalrmsPage@332a7fce]" name="loginToEIConsole" is-config="true" duration-ms="394" started-at="2019-10-04T14:26:04Z" finished-at="2019-10-04T14:26:04Z">
          <reporter-output>
          </reporter-output>
        </test-method> <!-- loginToEIConsole -->
        <test-method status="FAIL" signature="textFiltersSpecificCharactersTest(java.lang.String)[pri:0, instance:com.ei.test_cases.filter.FiltersOnAlalrmsPage@332a7fce]" name="textFiltersSpecificCharactersTest" duration-ms="6862" started-at="2019-10-04T14:26:04Z" data-provider="specificValues" finished-at="2019-10-04T14:26:11Z">
          <params>
            <param index="0">
              <value>
                <![CDATA[\]]>
              </value>
            </param>
          </params>
          <exception class="java.lang.AssertionError">
            <message>
              <![CDATA[The following asserts failed:
expected [true] but found [false],
expected [true] but found [false],
imap_client.exe (10232) doesn`t match file.exe (10232) expected [true] but found [false],
imap_client.exe (10232) doesn`t match file.exe (10232) expected [true] but found [false],
imap_client.exe (10232) doesn`t match file.exe (10232) expected [true] but found [false],
imap_client.exe (10232) doesn`t match file.exe (10232) expected [true] but found [false],
imap_client.exe (10232) doesn`t match file.exe (10232) expected [true] but found [false],
imap_client.exe (10232) doesn`t match file.exe (10232) expected [true] but found [false],
imap_client.exe (10232) doesn`t match file.exe (10232) expected [true] but found [false],
imap_client.exe (10232) doesn`t match file.exe (10232) expected [true] but found [false],
imap_client.exe (10232) doesn`t match file.exe (10232) expected [true] but found [false],
imap_client.exe (10232) doesn`t match registry.exe (10232) expected [true] but found [false],
imap_client.exe (10232) doesn`t match registry.exe (10232) expected [true] but found [false],
imap_client.exe (10232) doesn`t match file.exe (10232) expected [true] but found [false],
imap_client.exe (10232) doesn`t match file.exe (10232) expected [true] but found [false],
imap_client.exe (10232) doesn`t match file.exe (10232) expected [true] but found [false],
imap_client.exe (10232) doesn`t match file.exe (10232) expected [true] but found [false],
imap_client.exe (10232) doesn`t match registry.exe (10232) expected [true] but found [false],
imap_client.exe (10232) doesn`t match registry.exe (10232) expected [true] but found [false],
imap_client.exe (10232) doesn`t match file.exe (10232) expected [true] but found [false],
imap_client.exe (10232) doesn`t match file.exe (10232) expected [true] but found [false],
imap_client.exe (10232) doesn`t match file.exe (10232) expected [true] but found [false],
imap_client.exe (10232) doesn`t match file.exe (10232) expected [true] but found [false],
imap_client.exe (10232) doesn`t match file.exe (10232) expected [true] but found [false],
imap_client.exe (10232) doesn`t match file.exe (10232) expected [true] but found [false],
imap_client.exe (10232) doesn`t match registry.exe (10232) expected [true] but found [false],
imap_client.exe (10232) doesn`t match registry.exe (10232) expected [true] but found [false],
imap_client.exe (10232) doesn`t match registry.exe (10232) expected [true] but found [false]]]>
            </message>
            <full-stacktrace>
              <![CDATA[java.lang.AssertionError: The following asserts failed:
expected [true] but found [false],
expected [true] but found [false],
imap_client.exe (10232) doesn`t match file.exe (10232) expected [true] but found [false],
imap_client.exe (10232) doesn`t match file.exe (10232) expected [true] but found [false],
imap_client.exe (10232) doesn`t match file.exe (10232) expected [true] but found [false],
imap_client.exe (10232) doesn`t match file.exe (10232) expected [true] but found [false],
imap_client.exe (10232) doesn`t match file.exe (10232) expected [true] but found [false],
imap_client.exe (10232) doesn`t match file.exe (10232) expected [true] but found [false],
imap_client.exe (10232) doesn`t match file.exe (10232) expected [true] but found [false],
imap_client.exe (10232) doesn`t match file.exe (10232) expected [true] but found [false],
imap_client.exe (10232) doesn`t match file.exe (10232) expected [true] but found [false],
imap_client.exe (10232) doesn`t match registry.exe (10232) expected [true] but found [false],
imap_client.exe (10232) doesn`t match registry.exe (10232) expected [true] but found [false],
imap_client.exe (10232) doesn`t match file.exe (10232) expected [true] but found [false],
imap_client.exe (10232) doesn`t match file.exe (10232) expected [true] but found [false],
imap_client.exe (10232) doesn`t match file.exe (10232) expected [true] but found [false],
imap_client.exe (10232) doesn`t match file.exe (10232) expected [true] but found [false],
imap_client.exe (10232) doesn`t match registry.exe (10232) expected [true] but found [false],
imap_client.exe (10232) doesn`t match registry.exe (10232) expected [true] but found [false],
imap_client.exe (10232) doesn`t match file.exe (10232) expected [true] but found [false],
imap_client.exe (10232) doesn`t match file.exe (10232) expected [true] but found [false],
imap_client.exe (10232) doesn`t match file.exe (10232) expected [true] but found [false],
imap_client.exe (10232) doesn`t match file.exe (10232) expected [true] but found [false],
imap_client.exe (10232) doesn`t match file.exe (10232) expected [true] but found [false],
imap_client.exe (10232) doesn`t match file.exe (10232) expected [true] but found [false],
imap_client.exe (10232) doesn`t match registry.exe (10232) expected [true] but found [false],
imap_client.exe (10232) doesn`t match registry.exe (10232) expected [true] but found [false],
imap_client.exe (10232) doesn`t match registry.exe (10232) expected [true] but found [false]
at com.ei.util.EISoftAssert.assertAll(EISoftAssert.java:52)
at com.ei.test_cases.filter.FiltersOnAlalrmsPage.textFiltersSpecificCharactersTest(FiltersOnAlalrmsPage.java:72)
at sun.reflect.NativeMethodAccessorImpl.invoke0(Native Method)
at sun.reflect.NativeMethodAccessorImpl.invoke(NativeMethodAccessorImpl.java:62)
at sun.reflect.DelegatingMethodAccessorImpl.invoke(DelegatingMethodAccessorImpl.java:43)
at java.lang.reflect.Method.invoke(Method.java:498)
at org.testng.internal.MethodInvocationHelper.invokeMethod(MethodInvocationHelper.java:124)
at org.testng.internal.Invoker.invokeMethod(Invoker.java:583)
at org.testng.internal.Invoker.invokeTestMethod(Invoker.java:719)
at org.testng.internal.Invoker.invokeTestMethods(Invoker.java:989)
at org.testng.internal.TestMethodWorker.invokeTestMethods(TestMethodWorker.java:125)
at org.testng.internal.TestMethodWorker.run(TestMethodWorker.java:109)
at org.testng.TestRunner.privateRun(TestRunner.java:648)
at org.testng.TestRunner.run(TestRunner.java:505)
at org.testng.SuiteRunner.runTest(SuiteRunner.java:455)
at org.testng.SuiteRunner.runSequentially(SuiteRunner.java:450)
at org.testng.SuiteRunner.privateRun(SuiteRunner.java:415)
at org.testng.SuiteRunner.run(SuiteRunner.java:364)
at org.testng.SuiteRunnerWorker.runSuite(SuiteRunnerWorker.java:52)
at org.testng.SuiteRunnerWorker.run(SuiteRunnerWorker.java:84)
at org.testng.TestNG.runSuitesSequentially(TestNG.java:1208)
at org.testng.TestNG.runSuitesLocally(TestNG.java:1137)
at org.testng.TestNG.runSuites(TestNG.java:1049)
at org.testng.TestNG.run(TestNG.java:1017)
at org.apache.maven.surefire.testng.TestNGExecutor.run(TestNGExecutor.java:283)
at org.apache.maven.surefire.testng.TestNGXmlTestSuite.execute(TestNGXmlTestSuite.java:75)
at org.apache.maven.surefire.testng.TestNGProvider.invoke(TestNGProvider.java:120)
at org.apache.maven.surefire.booter.ForkedBooter.invokeProviderInSameClassLoader(ForkedBooter.java:386)
at org.apache.maven.surefire.booter.ForkedBooter.runSuitesInProcess(ForkedBooter.java:323)
at org.apache.maven.surefire.booter.ForkedBooter.main(ForkedBooter.java:143)
]]>
            </full-stacktrace>
          </exception> <!-- java.lang.AssertionError -->
          <reporter-output>
          </reporter-output>
        </test-method> <!-- textFiltersSpecificCharactersTest -->
        <test-method status="PASS" signature="logoutOfEIConsole()[pri:0, instance:com.ei.test_cases.filter.FiltersOnAlalrmsPage@332a7fce]" name="logoutOfEIConsole" is-config="true" duration-ms="90" started-at="2019-10-04T14:26:11Z" finished-at="2019-10-04T14:26:11Z">
          <reporter-output>
          </reporter-output>
        </test-method> <!-- logoutOfEIConsole -->
        <test-method status="PASS" signature="loginToEIConsole()[pri:0, instance:com.ei.test_cases.filter.FiltersOnAlalrmsPage@332a7fce]" name="loginToEIConsole" is-config="true" duration-ms="524" started-at="2019-10-04T14:26:11Z" finished-at="2019-10-04T14:26:12Z">
          <reporter-output>
          </reporter-output>
        </test-method> <!-- loginToEIConsole -->
        <test-method status="FAIL" signature="textFiltersTest()[pri:0, instance:com.ei.test_cases.filter.FiltersOnAlalrmsPage@332a7fce]" name="textFiltersTest" duration-ms="62260" started-at="2019-10-04T14:26:12Z" finished-at="2019-10-04T14:27:14Z">
          <exception class="org.openqa.selenium.NoSuchElementException">
            <message>
              <![CDATA[no such element: Unable to locate element: {"method":"xpath","selector":"//div[contains(@id, 'r:0, c:17')]"}
  (Session info: chrome=77.0.3865.90)
For documentation on this error, please visit: https://www.seleniumhq.org/exceptions/no_such_element.html
Build info: version: '3.141.59', revision: 'e82be7d358', time: '2018-11-14T08:17:03'
System info: host: 'WS-LV-CP1904', ip: '172.25.116.48', os.name: 'Windows 10', os.arch: 'amd64', os.version: '10.0', java.version: '1.8.0_181'
Driver info: org.openqa.selenium.chrome.ChromeDriver
Capabilities {acceptInsecureCerts: false, browserName: chrome, browserVersion: 77.0.3865.90, chrome: {chromedriverVersion: 76.0.3809.68 (420c9498db8ce..., userDataDir: C:\Users\VITALI~1.OME\AppDa...}, goog:chromeOptions: {debuggerAddress: localhost:12335}, javascriptEnabled: true, networkConnectionEnabled: false, pageLoadStrategy: normal, platform: XP, platformName: XP, proxy: Proxy(), setWindowRect: true, strictFileInteractability: false, timeouts: {implicit: 0, pageLoad: 300000, script: 30000}, unhandledPromptBehavior: dismiss and notify}
Session ID: 6c1142abbf9f2a57edb1fb91846b6ae0
*** Element info: {Using=xpath, value=//div[contains(@id, 'r:0, c:17')]}]]>
            </message>
            <full-stacktrace>
              <![CDATA[org.openqa.selenium.NoSuchElementException: no such element: Unable to locate element: {"method":"xpath","selector":"//div[contains(@id, 'r:0, c:17')]"}
  (Session info: chrome=77.0.3865.90)
For documentation on this error, please visit: https://www.seleniumhq.org/exceptions/no_such_element.html
Build info: version: '3.141.59', revision: 'e82be7d358', time: '2018-11-14T08:17:03'
System info: host: 'WS-LV-CP1904', ip: '172.25.116.48', os.name: 'Windows 10', os.arch: 'amd64', os.version: '10.0', java.version: '1.8.0_181'
Driver info: org.openqa.selenium.chrome.ChromeDriver
Capabilities {acceptInsecureCerts: false, browserName: chrome, browserVersion: 77.0.3865.90, chrome: {chromedriverVersion: 76.0.3809.68 (420c9498db8ce..., userDataDir: C:\Users\VITALI~1.OME\AppDa...}, goog:chromeOptions: {debuggerAddress: localhost:12335}, javascriptEnabled: true, networkConnectionEnabled: false, pageLoadStrategy: normal, platform: XP, platformName: XP, proxy: Proxy(), setWindowRect: true, strictFileInteractability: false, timeouts: {implicit: 0, pageLoad: 300000, script: 30000}, unhandledPromptBehavior: dismiss and notify}
Session ID: 6c1142abbf9f2a57edb1fb91846b6ae0
*** Element info: {Using=xpath, value=//div[contains(@id, 'r:0, c:17')]}
at sun.reflect.GeneratedConstructorAccessor20.newInstance(Unknown Source)
at sun.reflect.DelegatingConstructorAccessorImpl.newInstance(DelegatingConstructorAccessorImpl.java:45)
at java.lang.reflect.Constructor.newInstance(Constructor.java:423)
at org.openqa.selenium.remote.http.W3CHttpResponseCodec.createException(W3CHttpResponseCodec.java:187)
at org.openqa.selenium.remote.http.W3CHttpResponseCodec.decode(W3CHttpResponseCodec.java:122)
at org.openqa.selenium.remote.http.W3CHttpResponseCodec.decode(W3CHttpResponseCodec.java:49)
at org.openqa.selenium.remote.HttpCommandExecutor.execute(HttpCommandExecutor.java:158)
at org.openqa.selenium.remote.service.DriverCommandExecutor.execute(DriverCommandExecutor.java:83)
at org.openqa.selenium.remote.RemoteWebDriver.execute(RemoteWebDriver.java:552)
at org.openqa.selenium.remote.RemoteWebDriver.findElement(RemoteWebDriver.java:323)
at org.openqa.selenium.remote.RemoteWebDriver.findElementByXPath(RemoteWebDriver.java:428)
at org.openqa.selenium.By$ByXPath.findElement(By.java:353)
at org.openqa.selenium.remote.RemoteWebDriver.findElement(RemoteWebDriver.java:315)
at com.ei.pageObjects.BasePage$3.apply(BasePage.java:85)
at com.ei.pageObjects.BasePage$3.apply(BasePage.java:80)
at org.openqa.selenium.support.ui.FluentWait.until(FluentWait.java:249)
at com.ei.pageObjects.BasePage.waitForUnusualElement(BasePage.java:80)
at com.ei.pageObjects.common.component.TableComponent.getWebElementByColumnNameAndRowNumber(TableComponent.java:42)
at com.ei.businessObjects.FilterOperationsBO.getRandomValue(FilterOperationsBO.java:50)
at com.ei.util.TestUtils.getFilterResult(TestUtils.java:55)
at com.ei.test_cases.filter.FiltersOnAlalrmsPage.textFiltersTest(FiltersOnAlalrmsPage.java:43)
at sun.reflect.NativeMethodAccessorImpl.invoke0(Native Method)
at sun.reflect.NativeMethodAccessorImpl.invoke(NativeMethodAccessorImpl.java:62)
at sun.reflect.DelegatingMethodAccessorImpl.invoke(DelegatingMethodAccessorImpl.java:43)
at java.lang.reflect.Method.invoke(Method.java:498)
at org.testng.internal.MethodInvocationHelper.invokeMethod(MethodInvocationHelper.java:124)
at org.testng.internal.Invoker.invokeMethod(Invoker.java:583)
at org.testng.internal.Invoker.invokeTestMethod(Invoker.java:719)
at org.testng.internal.Invoker.invokeTestMethods(Invoker.java:989)
at org.testng.internal.TestMethodWorker.invokeTestMethods(TestMethodWorker.java:125)
at org.testng.internal.TestMethodWorker.run(TestMethodWorker.java:109)
at org.testng.TestRunner.privateRun(TestRunner.java:648)
at org.testng.TestRunner.run(TestRunner.java:505)
at org.testng.SuiteRunner.runTest(SuiteRunner.java:455)
at org.testng.SuiteRunner.runSequentially(SuiteRunner.java:450)
at org.testng.SuiteRunner.privateRun(SuiteRunner.java:415)
at org.testng.SuiteRunner.run(SuiteRunner.java:364)
at org.testng.SuiteRunnerWorker.runSuite(SuiteRunnerWorker.java:52)
at org.testng.SuiteRunnerWorker.run(SuiteRunnerWorker.java:84)
at org.testng.TestNG.runSuitesSequentially(TestNG.java:1208)
at org.testng.TestNG.runSuitesLocally(TestNG.java:1137)
at org.testng.TestNG.runSuites(TestNG.java:1049)
at org.testng.TestNG.run(TestNG.java:1017)
at org.apache.maven.surefire.testng.TestNGExecutor.run(TestNGExecutor.java:283)
at org.apache.maven.surefire.testng.TestNGXmlTestSuite.execute(TestNGXmlTestSuite.java:75)
at org.apache.maven.surefire.testng.TestNGProvider.invoke(TestNGProvider.java:120)
at org.apache.maven.surefire.booter.ForkedBooter.invokeProviderInSameClassLoader(ForkedBooter.java:386)
at org.apache.maven.surefire.booter.ForkedBooter.runSuitesInProcess(ForkedBooter.java:323)
at org.apache.maven.surefire.booter.ForkedBooter.main(ForkedBooter.java:143)
]]>
            </full-stacktrace>
          </exception> <!-- org.openqa.selenium.NoSuchElementException -->
          <reporter-output>
          </reporter-output>
        </test-method> <!-- textFiltersTest -->
        <test-method status="PASS" signature="logoutOfEIConsole()[pri:0, instance:com.ei.test_cases.filter.FiltersOnAlalrmsPage@332a7fce]" name="logoutOfEIConsole" is-config="true" duration-ms="483" started-at="2019-10-04T14:27:14Z" finished-at="2019-10-04T14:27:14Z">
          <reporter-output>
          </reporter-output>
        </test-method> <!-- logoutOfEIConsole -->
        <test-method status="PASS" signature="afterSuite()[pri:0, instance:com.ei.test_cases.filter.FiltersOnAlalrmsPage@332a7fce]" name="afterSuite" is-config="true" duration-ms="742" started-at="2019-10-04T14:27:51Z" finished-at="2019-10-04T14:27:51Z">
          <reporter-output>
          </reporter-output>
        </test-method> <!-- afterSuite -->
      </class> <!-- com.ei.test_cases.filter.FiltersOnAlalrmsPage -->
    </test> <!-- Filters -->
  </suite> <!-- Regression -->
</testng-results>
