<?xml version="1.0" encoding="UTF-8"?>
<!-- Generated by org.testng.reporters.JUnitReportReporter -->
<testsuite skipped="0" hostname="ws-lv-cp1904" name="com.ei.test_cases.filter.FiltersOnAlalrmsPage" tests="8" failures="7" timestamp="04 жовт. 2019 14:27:52 GMT" time="130.188" errors="1">
  <testcase name="navigationToAlarmsPageTest" time="2.574" classname="com.ei.test_cases.filter.FiltersOnAlalrmsPage">
    <failure type="java.lang.AssertionError" message="The following asserts failed:
	expected [true] but found [false],
	expected [true] but found [false]">
      <![CDATA[java.lang.AssertionError: The following asserts failed:
expected [true] but found [false],
expected [true] but found [false]
at com.ei.util.EISoftAssert.assertAll(EISoftAssert.java:52)
at com.ei.test_cases.filter.FiltersOnAlalrmsPage.navigationToAlarmsPageTest(FiltersOnAlalrmsPage.java:30)
at sun.reflect.NativeMethodAccessorImpl.invoke0(Native Method)
at sun.reflect.NativeMethodAccessorImpl.invoke(NativeMethodAccessorImpl.java:62)
at sun.reflect.DelegatingMethodAccessorImpl.invoke(DelegatingMethodAccessorImpl.java:43)
at java.lang.reflect.Method.invoke(Method.java:498)
at org.testng.internal.MethodInvocationHelper.invokeMethod(MethodInvocationHelper.java:124)
at org.testng.internal.Invoker.invokeMethod(Invoker.java:583)
at org.testng.internal.Invoker.invokeTestMethod(Invoker.java:719)
at org.testng.internal.Invoker.invokeTestMethods(Invoker.java:989)
at org.testng.internal.TestMethodWorker.invokeTestMethods(TestMethodWorker.java:125)
at org.testng.internal.TestMethodWorker.run(TestMethodWorker.java:109)
at org.testng.TestRunner.privateRun(TestRunner.java:648)
at org.testng.TestRunner.run(TestRunner.java:505)
at org.testng.SuiteRunner.runTest(SuiteRunner.java:455)
at org.testng.SuiteRunner.runSequentially(SuiteRunner.java:450)
at org.testng.SuiteRunner.privateRun(SuiteRunner.java:415)
at org.testng.SuiteRunner.run(SuiteRunner.java:364)
at org.testng.SuiteRunnerWorker.runSuite(SuiteRunnerWorker.java:52)
at org.testng.SuiteRunnerWorker.run(SuiteRunnerWorker.java:84)
at org.testng.TestNG.runSuitesSequentially(TestNG.java:1208)
at org.testng.TestNG.runSuitesLocally(TestNG.java:1137)
at org.testng.TestNG.runSuites(TestNG.java:1049)
at org.testng.TestNG.run(TestNG.java:1017)
at org.apache.maven.surefire.testng.TestNGExecutor.run(TestNGExecutor.java:283)
at org.apache.maven.surefire.testng.TestNGXmlTestSuite.execute(TestNGXmlTestSuite.java:75)
at org.apache.maven.surefire.testng.TestNGProvider.invoke(TestNGProvider.java:120)
at org.apache.maven.surefire.booter.ForkedBooter.invokeProviderInSameClassLoader(ForkedBooter.java:386)
at org.apache.maven.surefire.booter.ForkedBooter.runSuitesInProcess(ForkedBooter.java:323)
at org.apache.maven.surefire.booter.ForkedBooter.main(ForkedBooter.java:143)
]]>
    </failure>
  </testcase> <!-- navigationToAlarmsPageTest -->
  <testcase name="textFiltersSpecificCharactersTest" time="6.430" classname="com.ei.test_cases.filter.FiltersOnAlalrmsPage">
    <failure type="java.lang.AssertionError" message="The following asserts failed:
	expected [true] but found [false],
	expected [true] but found [false],
	imap_client.exe (10232) doesn`t match file.exe (10232) expected [true] but found [false],
	imap_client.exe (10232) doesn`t match file.exe (10232) expected [true] but found [false],
	imap_client.exe (10232) doesn`t match file.exe (10232) expected [true] but found [false],
	imap_client.exe (10232) doesn`t match file.exe (10232) expected [true] but found [false],
	imap_client.exe (10232) doesn`t match file.exe (10232) expected [true] but found [false],
	imap_client.exe (10232) doesn`t match file.exe (10232) expected [true] but found [false],
	imap_client.exe (10232) doesn`t match file.exe (10232) expected [true] but found [false],
	imap_client.exe (10232) doesn`t match file.exe (10232) expected [true] but found [false],
	imap_client.exe (10232) doesn`t match file.exe (10232) expected [true] but found [false],
	imap_client.exe (10232) doesn`t match registry.exe (10232) expected [true] but found [false],
	imap_client.exe (10232) doesn`t match registry.exe (10232) expected [true] but found [false],
	imap_client.exe (10232) doesn`t match file.exe (10232) expected [true] but found [false],
	imap_client.exe (10232) doesn`t match file.exe (10232) expected [true] but found [false],
	imap_client.exe (10232) doesn`t match file.exe (10232) expected [true] but found [false],
	imap_client.exe (10232) doesn`t match file.exe (10232) expected [true] but found [false],
	imap_client.exe (10232) doesn`t match registry.exe (10232) expected [true] but found [false],
	imap_client.exe (10232) doesn`t match registry.exe (10232) expected [true] but found [false],
	imap_client.exe (10232) doesn`t match file.exe (10232) expected [true] but found [false],
	imap_client.exe (10232) doesn`t match file.exe (10232) expected [true] but found [false],
	imap_client.exe (10232) doesn`t match file.exe (10232) expected [true] but found [false],
	imap_client.exe (10232) doesn`t match file.exe (10232) expected [true] but found [false],
	imap_client.exe (10232) doesn`t match file.exe (10232) expected [true] but found [false],
	imap_client.exe (10232) doesn`t match file.exe (10232) expected [true] but found [false],
	imap_client.exe (10232) doesn`t match registry.exe (10232) expected [true] but found [false],
	imap_client.exe (10232) doesn`t match registry.exe (10232) expected [true] but found [false],
	imap_client.exe (10232) doesn`t match registry.exe (10232) expected [true] but found [false]">
      <![CDATA[java.lang.AssertionError: The following asserts failed:
expected [true] but found [false],
expected [true] but found [false],
imap_client.exe (10232) doesn`t match file.exe (10232) expected [true] but found [false],
imap_client.exe (10232) doesn`t match file.exe (10232) expected [true] but found [false],
imap_client.exe (10232) doesn`t match file.exe (10232) expected [true] but found [false],
imap_client.exe (10232) doesn`t match file.exe (10232) expected [true] but found [false],
imap_client.exe (10232) doesn`t match file.exe (10232) expected [true] but found [false],
imap_client.exe (10232) doesn`t match file.exe (10232) expected [true] but found [false],
imap_client.exe (10232) doesn`t match file.exe (10232) expected [true] but found [false],
imap_client.exe (10232) doesn`t match file.exe (10232) expected [true] but found [false],
imap_client.exe (10232) doesn`t match file.exe (10232) expected [true] but found [false],
imap_client.exe (10232) doesn`t match registry.exe (10232) expected [true] but found [false],
imap_client.exe (10232) doesn`t match registry.exe (10232) expected [true] but found [false],
imap_client.exe (10232) doesn`t match file.exe (10232) expected [true] but found [false],
imap_client.exe (10232) doesn`t match file.exe (10232) expected [true] but found [false],
imap_client.exe (10232) doesn`t match file.exe (10232) expected [true] but found [false],
imap_client.exe (10232) doesn`t match file.exe (10232) expected [true] but found [false],
imap_client.exe (10232) doesn`t match registry.exe (10232) expected [true] but found [false],
imap_client.exe (10232) doesn`t match registry.exe (10232) expected [true] but found [false],
imap_client.exe (10232) doesn`t match file.exe (10232) expected [true] but found [false],
imap_client.exe (10232) doesn`t match file.exe (10232) expected [true] but found [false],
imap_client.exe (10232) doesn`t match file.exe (10232) expected [true] but found [false],
imap_client.exe (10232) doesn`t match file.exe (10232) expected [true] but found [false],
imap_client.exe (10232) doesn`t match file.exe (10232) expected [true] but found [false],
imap_client.exe (10232) doesn`t match file.exe (10232) expected [true] but found [false],
imap_client.exe (10232) doesn`t match registry.exe (10232) expected [true] but found [false],
imap_client.exe (10232) doesn`t match registry.exe (10232) expected [true] but found [false],
imap_client.exe (10232) doesn`t match registry.exe (10232) expected [true] but found [false]
at com.ei.util.EISoftAssert.assertAll(EISoftAssert.java:52)
at com.ei.test_cases.filter.FiltersOnAlalrmsPage.textFiltersSpecificCharactersTest(FiltersOnAlalrmsPage.java:72)
at sun.reflect.NativeMethodAccessorImpl.invoke0(Native Method)
at sun.reflect.NativeMethodAccessorImpl.invoke(NativeMethodAccessorImpl.java:62)
at sun.reflect.DelegatingMethodAccessorImpl.invoke(DelegatingMethodAccessorImpl.java:43)
at java.lang.reflect.Method.invoke(Method.java:498)
at org.testng.internal.MethodInvocationHelper.invokeMethod(MethodInvocationHelper.java:124)
at org.testng.internal.Invoker.invokeMethod(Invoker.java:583)
at org.testng.internal.Invoker.invokeTestMethod(Invoker.java:719)
at org.testng.internal.Invoker.invokeTestMethods(Invoker.java:989)
at org.testng.internal.TestMethodWorker.invokeTestMethods(TestMethodWorker.java:125)
at org.testng.internal.TestMethodWorker.run(TestMethodWorker.java:109)
at org.testng.TestRunner.privateRun(TestRunner.java:648)
at org.testng.TestRunner.run(TestRunner.java:505)
at org.testng.SuiteRunner.runTest(SuiteRunner.java:455)
at org.testng.SuiteRunner.runSequentially(SuiteRunner.java:450)
at org.testng.SuiteRunner.privateRun(SuiteRunner.java:415)
at org.testng.SuiteRunner.run(SuiteRunner.java:364)
at org.testng.SuiteRunnerWorker.runSuite(SuiteRunnerWorker.java:52)
at org.testng.SuiteRunnerWorker.run(SuiteRunnerWorker.java:84)
at org.testng.TestNG.runSuitesSequentially(TestNG.java:1208)
at org.testng.TestNG.runSuitesLocally(TestNG.java:1137)
at org.testng.TestNG.runSuites(TestNG.java:1049)
at org.testng.TestNG.run(TestNG.java:1017)
at org.apache.maven.surefire.testng.TestNGExecutor.run(TestNGExecutor.java:283)
at org.apache.maven.surefire.testng.TestNGXmlTestSuite.execute(TestNGXmlTestSuite.java:75)
at org.apache.maven.surefire.testng.TestNGProvider.invoke(TestNGProvider.java:120)
at org.apache.maven.surefire.booter.ForkedBooter.invokeProviderInSameClassLoader(ForkedBooter.java:386)
at org.apache.maven.surefire.booter.ForkedBooter.runSuitesInProcess(ForkedBooter.java:323)
at org.apache.maven.surefire.booter.ForkedBooter.main(ForkedBooter.java:143)
]]>
    </failure>
  </testcase> <!-- textFiltersSpecificCharactersTest -->
  <testcase name="numericFiltersTest" time="29.057" classname="com.ei.test_cases.filter.FiltersOnAlalrmsPage">
    <failure type="java.lang.AssertionError" message="The following asserts failed:
	expected [true] but found [false],
	expected [true] but found [false],
	imap_client.exe (10232) doesn`t match file.exe (10232) expected [true] but found [false],
	imap_client.exe (10232) doesn`t match file.exe (10232) expected [true] but found [false],
	imap_client.exe (10232) doesn`t match file.exe (10232) expected [true] but found [false],
	imap_client.exe (10232) doesn`t match file.exe (10232) expected [true] but found [false],
	imap_client.exe (10232) doesn`t match file.exe (10232) expected [true] but found [false],
	imap_client.exe (10232) doesn`t match file.exe (10232) expected [true] but found [false],
	imap_client.exe (10232) doesn`t match file.exe (10232) expected [true] but found [false],
	imap_client.exe (10232) doesn`t match file.exe (10232) expected [true] but found [false],
	imap_client.exe (10232) doesn`t match file.exe (10232) expected [true] but found [false],
	imap_client.exe (10232) doesn`t match registry.exe (10232) expected [true] but found [false],
	imap_client.exe (10232) doesn`t match registry.exe (10232) expected [true] but found [false],
	imap_client.exe (10232) doesn`t match file.exe (10232) expected [true] but found [false],
	imap_client.exe (10232) doesn`t match file.exe (10232) expected [true] but found [false],
	imap_client.exe (10232) doesn`t match file.exe (10232) expected [true] but found [false],
	imap_client.exe (10232) doesn`t match file.exe (10232) expected [true] but found [false],
	imap_client.exe (10232) doesn`t match registry.exe (10232) expected [true] but found [false],
	imap_client.exe (10232) doesn`t match registry.exe (10232) expected [true] but found [false],
	imap_client.exe (10232) doesn`t match file.exe (10232) expected [true] but found [false],
	imap_client.exe (10232) doesn`t match file.exe (10232) expected [true] but found [false],
	imap_client.exe (10232) doesn`t match file.exe (10232) expected [true] but found [false],
	imap_client.exe (10232) doesn`t match file.exe (10232) expected [true] but found [false],
	imap_client.exe (10232) doesn`t match file.exe (10232) expected [true] but found [false],
	imap_client.exe (10232) doesn`t match file.exe (10232) expected [true] but found [false],
	imap_client.exe (10232) doesn`t match registry.exe (10232) expected [true] but found [false],
	imap_client.exe (10232) doesn`t match registry.exe (10232) expected [true] but found [false],
	imap_client.exe (10232) doesn`t match registry.exe (10232) expected [true] but found [false]">
      <![CDATA[java.lang.AssertionError: The following asserts failed:
expected [true] but found [false],
expected [true] but found [false],
imap_client.exe (10232) doesn`t match file.exe (10232) expected [true] but found [false],
imap_client.exe (10232) doesn`t match file.exe (10232) expected [true] but found [false],
imap_client.exe (10232) doesn`t match file.exe (10232) expected [true] but found [false],
imap_client.exe (10232) doesn`t match file.exe (10232) expected [true] but found [false],
imap_client.exe (10232) doesn`t match file.exe (10232) expected [true] but found [false],
imap_client.exe (10232) doesn`t match file.exe (10232) expected [true] but found [false],
imap_client.exe (10232) doesn`t match file.exe (10232) expected [true] but found [false],
imap_client.exe (10232) doesn`t match file.exe (10232) expected [true] but found [false],
imap_client.exe (10232) doesn`t match file.exe (10232) expected [true] but found [false],
imap_client.exe (10232) doesn`t match registry.exe (10232) expected [true] but found [false],
imap_client.exe (10232) doesn`t match registry.exe (10232) expected [true] but found [false],
imap_client.exe (10232) doesn`t match file.exe (10232) expected [true] but found [false],
imap_client.exe (10232) doesn`t match file.exe (10232) expected [true] but found [false],
imap_client.exe (10232) doesn`t match file.exe (10232) expected [true] but found [false],
imap_client.exe (10232) doesn`t match file.exe (10232) expected [true] but found [false],
imap_client.exe (10232) doesn`t match registry.exe (10232) expected [true] but found [false],
imap_client.exe (10232) doesn`t match registry.exe (10232) expected [true] but found [false],
imap_client.exe (10232) doesn`t match file.exe (10232) expected [true] but found [false],
imap_client.exe (10232) doesn`t match file.exe (10232) expected [true] but found [false],
imap_client.exe (10232) doesn`t match file.exe (10232) expected [true] but found [false],
imap_client.exe (10232) doesn`t match file.exe (10232) expected [true] but found [false],
imap_client.exe (10232) doesn`t match file.exe (10232) expected [true] but found [false],
imap_client.exe (10232) doesn`t match file.exe (10232) expected [true] but found [false],
imap_client.exe (10232) doesn`t match registry.exe (10232) expected [true] but found [false],
imap_client.exe (10232) doesn`t match registry.exe (10232) expected [true] but found [false],
imap_client.exe (10232) doesn`t match registry.exe (10232) expected [true] but found [false]
at com.ei.util.EISoftAssert.assertAll(EISoftAssert.java:52)
at com.ei.test_cases.filter.FiltersOnAlalrmsPage.numericFiltersTest(FiltersOnAlalrmsPage.java:61)
at sun.reflect.NativeMethodAccessorImpl.invoke0(Native Method)
at sun.reflect.NativeMethodAccessorImpl.invoke(NativeMethodAccessorImpl.java:62)
at sun.reflect.DelegatingMethodAccessorImpl.invoke(DelegatingMethodAccessorImpl.java:43)
at java.lang.reflect.Method.invoke(Method.java:498)
at org.testng.internal.MethodInvocationHelper.invokeMethod(MethodInvocationHelper.java:124)
at org.testng.internal.Invoker.invokeMethod(Invoker.java:583)
at org.testng.internal.Invoker.invokeTestMethod(Invoker.java:719)
at org.testng.internal.Invoker.invokeTestMethods(Invoker.java:989)
at org.testng.internal.TestMethodWorker.invokeTestMethods(TestMethodWorker.java:125)
at org.testng.internal.TestMethodWorker.run(TestMethodWorker.java:109)
at org.testng.TestRunner.privateRun(TestRunner.java:648)
at org.testng.TestRunner.run(TestRunner.java:505)
at org.testng.SuiteRunner.runTest(SuiteRunner.java:455)
at org.testng.SuiteRunner.runSequentially(SuiteRunner.java:450)
at org.testng.SuiteRunner.privateRun(SuiteRunner.java:415)
at org.testng.SuiteRunner.run(SuiteRunner.java:364)
at org.testng.SuiteRunnerWorker.runSuite(SuiteRunnerWorker.java:52)
at org.testng.SuiteRunnerWorker.run(SuiteRunnerWorker.java:84)
at org.testng.TestNG.runSuitesSequentially(TestNG.java:1208)
at org.testng.TestNG.runSuitesLocally(TestNG.java:1137)
at org.testng.TestNG.runSuites(TestNG.java:1049)
at org.testng.TestNG.run(TestNG.java:1017)
at org.apache.maven.surefire.testng.TestNGExecutor.run(TestNGExecutor.java:283)
at org.apache.maven.surefire.testng.TestNGXmlTestSuite.execute(TestNGXmlTestSuite.java:75)
at org.apache.maven.surefire.testng.TestNGProvider.invoke(TestNGProvider.java:120)
at org.apache.maven.surefire.booter.ForkedBooter.invokeProviderInSameClassLoader(ForkedBooter.java:386)
at org.apache.maven.surefire.booter.ForkedBooter.runSuitesInProcess(ForkedBooter.java:323)
at org.apache.maven.surefire.booter.ForkedBooter.main(ForkedBooter.java:143)
]]>
    </failure>
  </testcase> <!-- numericFiltersTest -->
  <testcase name="textFiltersSpecificCharactersTest" time="7.091" classname="com.ei.test_cases.filter.FiltersOnAlalrmsPage">
    <failure type="java.lang.AssertionError" message="The following asserts failed:
	expected [true] but found [false],
	expected [true] but found [false],
	imap_client.exe (10232) doesn`t match file.exe (10232) expected [true] but found [false],
	imap_client.exe (10232) doesn`t match file.exe (10232) expected [true] but found [false],
	imap_client.exe (10232) doesn`t match file.exe (10232) expected [true] but found [false],
	imap_client.exe (10232) doesn`t match file.exe (10232) expected [true] but found [false],
	imap_client.exe (10232) doesn`t match file.exe (10232) expected [true] but found [false],
	imap_client.exe (10232) doesn`t match file.exe (10232) expected [true] but found [false],
	imap_client.exe (10232) doesn`t match file.exe (10232) expected [true] but found [false],
	imap_client.exe (10232) doesn`t match file.exe (10232) expected [true] but found [false],
	imap_client.exe (10232) doesn`t match file.exe (10232) expected [true] but found [false],
	imap_client.exe (10232) doesn`t match registry.exe (10232) expected [true] but found [false],
	imap_client.exe (10232) doesn`t match registry.exe (10232) expected [true] but found [false],
	imap_client.exe (10232) doesn`t match file.exe (10232) expected [true] but found [false],
	imap_client.exe (10232) doesn`t match file.exe (10232) expected [true] but found [false],
	imap_client.exe (10232) doesn`t match file.exe (10232) expected [true] but found [false],
	imap_client.exe (10232) doesn`t match file.exe (10232) expected [true] but found [false],
	imap_client.exe (10232) doesn`t match registry.exe (10232) expected [true] but found [false],
	imap_client.exe (10232) doesn`t match registry.exe (10232) expected [true] but found [false],
	imap_client.exe (10232) doesn`t match file.exe (10232) expected [true] but found [false],
	imap_client.exe (10232) doesn`t match file.exe (10232) expected [true] but found [false],
	imap_client.exe (10232) doesn`t match file.exe (10232) expected [true] but found [false],
	imap_client.exe (10232) doesn`t match file.exe (10232) expected [true] but found [false],
	imap_client.exe (10232) doesn`t match file.exe (10232) expected [true] but found [false],
	imap_client.exe (10232) doesn`t match file.exe (10232) expected [true] but found [false],
	imap_client.exe (10232) doesn`t match registry.exe (10232) expected [true] but found [false],
	imap_client.exe (10232) doesn`t match registry.exe (10232) expected [true] but found [false],
	imap_client.exe (10232) doesn`t match registry.exe (10232) expected [true] but found [false]">
      <![CDATA[java.lang.AssertionError: The following asserts failed:
expected [true] but found [false],
expected [true] but found [false],
imap_client.exe (10232) doesn`t match file.exe (10232) expected [true] but found [false],
imap_client.exe (10232) doesn`t match file.exe (10232) expected [true] but found [false],
imap_client.exe (10232) doesn`t match file.exe (10232) expected [true] but found [false],
imap_client.exe (10232) doesn`t match file.exe (10232) expected [true] but found [false],
imap_client.exe (10232) doesn`t match file.exe (10232) expected [true] but found [false],
imap_client.exe (10232) doesn`t match file.exe (10232) expected [true] but found [false],
imap_client.exe (10232) doesn`t match file.exe (10232) expected [true] but found [false],
imap_client.exe (10232) doesn`t match file.exe (10232) expected [true] but found [false],
imap_client.exe (10232) doesn`t match file.exe (10232) expected [true] but found [false],
imap_client.exe (10232) doesn`t match registry.exe (10232) expected [true] but found [false],
imap_client.exe (10232) doesn`t match registry.exe (10232) expected [true] but found [false],
imap_client.exe (10232) doesn`t match file.exe (10232) expected [true] but found [false],
imap_client.exe (10232) doesn`t match file.exe (10232) expected [true] but found [false],
imap_client.exe (10232) doesn`t match file.exe (10232) expected [true] but found [false],
imap_client.exe (10232) doesn`t match file.exe (10232) expected [true] but found [false],
imap_client.exe (10232) doesn`t match registry.exe (10232) expected [true] but found [false],
imap_client.exe (10232) doesn`t match registry.exe (10232) expected [true] but found [false],
imap_client.exe (10232) doesn`t match file.exe (10232) expected [true] but found [false],
imap_client.exe (10232) doesn`t match file.exe (10232) expected [true] but found [false],
imap_client.exe (10232) doesn`t match file.exe (10232) expected [true] but found [false],
imap_client.exe (10232) doesn`t match file.exe (10232) expected [true] but found [false],
imap_client.exe (10232) doesn`t match file.exe (10232) expected [true] but found [false],
imap_client.exe (10232) doesn`t match file.exe (10232) expected [true] but found [false],
imap_client.exe (10232) doesn`t match registry.exe (10232) expected [true] but found [false],
imap_client.exe (10232) doesn`t match registry.exe (10232) expected [true] but found [false],
imap_client.exe (10232) doesn`t match registry.exe (10232) expected [true] but found [false]
at com.ei.util.EISoftAssert.assertAll(EISoftAssert.java:52)
at com.ei.test_cases.filter.FiltersOnAlalrmsPage.textFiltersSpecificCharactersTest(FiltersOnAlalrmsPage.java:72)
at sun.reflect.NativeMethodAccessorImpl.invoke0(Native Method)
at sun.reflect.NativeMethodAccessorImpl.invoke(NativeMethodAccessorImpl.java:62)
at sun.reflect.DelegatingMethodAccessorImpl.invoke(DelegatingMethodAccessorImpl.java:43)
at java.lang.reflect.Method.invoke(Method.java:498)
at org.testng.internal.MethodInvocationHelper.invokeMethod(MethodInvocationHelper.java:124)
at org.testng.internal.Invoker.invokeMethod(Invoker.java:583)
at org.testng.internal.Invoker.invokeTestMethod(Invoker.java:719)
at org.testng.internal.Invoker.invokeTestMethods(Invoker.java:989)
at org.testng.internal.TestMethodWorker.invokeTestMethods(TestMethodWorker.java:125)
at org.testng.internal.TestMethodWorker.run(TestMethodWorker.java:109)
at org.testng.TestRunner.privateRun(TestRunner.java:648)
at org.testng.TestRunner.run(TestRunner.java:505)
at org.testng.SuiteRunner.runTest(SuiteRunner.java:455)
at org.testng.SuiteRunner.runSequentially(SuiteRunner.java:450)
at org.testng.SuiteRunner.privateRun(SuiteRunner.java:415)
at org.testng.SuiteRunner.run(SuiteRunner.java:364)
at org.testng.SuiteRunnerWorker.runSuite(SuiteRunnerWorker.java:52)
at org.testng.SuiteRunnerWorker.run(SuiteRunnerWorker.java:84)
at org.testng.TestNG.runSuitesSequentially(TestNG.java:1208)
at org.testng.TestNG.runSuitesLocally(TestNG.java:1137)
at org.testng.TestNG.runSuites(TestNG.java:1049)
at org.testng.TestNG.run(TestNG.java:1017)
at org.apache.maven.surefire.testng.TestNGExecutor.run(TestNGExecutor.java:283)
at org.apache.maven.surefire.testng.TestNGXmlTestSuite.execute(TestNGXmlTestSuite.java:75)
at org.apache.maven.surefire.testng.TestNGProvider.invoke(TestNGProvider.java:120)
at org.apache.maven.surefire.booter.ForkedBooter.invokeProviderInSameClassLoader(ForkedBooter.java:386)
at org.apache.maven.surefire.booter.ForkedBooter.runSuitesInProcess(ForkedBooter.java:323)
at org.apache.maven.surefire.booter.ForkedBooter.main(ForkedBooter.java:143)
]]>
    </failure>
  </testcase> <!-- textFiltersSpecificCharactersTest -->
  <testcase name="textFiltersSpecificCharactersTest" time="8.442" classname="com.ei.test_cases.filter.FiltersOnAlalrmsPage">
    <failure type="java.lang.AssertionError" message="The following asserts failed:
	expected [true] but found [false],
	expected [true] but found [false],
	imap_client.exe (10232) doesn`t match file.exe (10232) expected [true] but found [false],
	imap_client.exe (10232) doesn`t match file.exe (10232) expected [true] but found [false],
	imap_client.exe (10232) doesn`t match file.exe (10232) expected [true] but found [false],
	imap_client.exe (10232) doesn`t match file.exe (10232) expected [true] but found [false],
	imap_client.exe (10232) doesn`t match file.exe (10232) expected [true] but found [false],
	imap_client.exe (10232) doesn`t match file.exe (10232) expected [true] but found [false],
	imap_client.exe (10232) doesn`t match file.exe (10232) expected [true] but found [false],
	imap_client.exe (10232) doesn`t match file.exe (10232) expected [true] but found [false],
	imap_client.exe (10232) doesn`t match file.exe (10232) expected [true] but found [false],
	imap_client.exe (10232) doesn`t match registry.exe (10232) expected [true] but found [false],
	imap_client.exe (10232) doesn`t match registry.exe (10232) expected [true] but found [false],
	imap_client.exe (10232) doesn`t match file.exe (10232) expected [true] but found [false],
	imap_client.exe (10232) doesn`t match file.exe (10232) expected [true] but found [false],
	imap_client.exe (10232) doesn`t match file.exe (10232) expected [true] but found [false],
	imap_client.exe (10232) doesn`t match file.exe (10232) expected [true] but found [false],
	imap_client.exe (10232) doesn`t match registry.exe (10232) expected [true] but found [false],
	imap_client.exe (10232) doesn`t match registry.exe (10232) expected [true] but found [false],
	imap_client.exe (10232) doesn`t match file.exe (10232) expected [true] but found [false],
	imap_client.exe (10232) doesn`t match file.exe (10232) expected [true] but found [false],
	imap_client.exe (10232) doesn`t match file.exe (10232) expected [true] but found [false],
	imap_client.exe (10232) doesn`t match file.exe (10232) expected [true] but found [false],
	imap_client.exe (10232) doesn`t match file.exe (10232) expected [true] but found [false],
	imap_client.exe (10232) doesn`t match file.exe (10232) expected [true] but found [false],
	imap_client.exe (10232) doesn`t match registry.exe (10232) expected [true] but found [false],
	imap_client.exe (10232) doesn`t match registry.exe (10232) expected [true] but found [false],
	imap_client.exe (10232) doesn`t match registry.exe (10232) expected [true] but found [false]">
      <![CDATA[java.lang.AssertionError: The following asserts failed:
expected [true] but found [false],
expected [true] but found [false],
imap_client.exe (10232) doesn`t match file.exe (10232) expected [true] but found [false],
imap_client.exe (10232) doesn`t match file.exe (10232) expected [true] but found [false],
imap_client.exe (10232) doesn`t match file.exe (10232) expected [true] but found [false],
imap_client.exe (10232) doesn`t match file.exe (10232) expected [true] but found [false],
imap_client.exe (10232) doesn`t match file.exe (10232) expected [true] but found [false],
imap_client.exe (10232) doesn`t match file.exe (10232) expected [true] but found [false],
imap_client.exe (10232) doesn`t match file.exe (10232) expected [true] but found [false],
imap_client.exe (10232) doesn`t match file.exe (10232) expected [true] but found [false],
imap_client.exe (10232) doesn`t match file.exe (10232) expected [true] but found [false],
imap_client.exe (10232) doesn`t match registry.exe (10232) expected [true] but found [false],
imap_client.exe (10232) doesn`t match registry.exe (10232) expected [true] but found [false],
imap_client.exe (10232) doesn`t match file.exe (10232) expected [true] but found [false],
imap_client.exe (10232) doesn`t match file.exe (10232) expected [true] but found [false],
imap_client.exe (10232) doesn`t match file.exe (10232) expected [true] but found [false],
imap_client.exe (10232) doesn`t match file.exe (10232) expected [true] but found [false],
imap_client.exe (10232) doesn`t match registry.exe (10232) expected [true] but found [false],
imap_client.exe (10232) doesn`t match registry.exe (10232) expected [true] but found [false],
imap_client.exe (10232) doesn`t match file.exe (10232) expected [true] but found [false],
imap_client.exe (10232) doesn`t match file.exe (10232) expected [true] but found [false],
imap_client.exe (10232) doesn`t match file.exe (10232) expected [true] but found [false],
imap_client.exe (10232) doesn`t match file.exe (10232) expected [true] but found [false],
imap_client.exe (10232) doesn`t match file.exe (10232) expected [true] but found [false],
imap_client.exe (10232) doesn`t match file.exe (10232) expected [true] but found [false],
imap_client.exe (10232) doesn`t match registry.exe (10232) expected [true] but found [false],
imap_client.exe (10232) doesn`t match registry.exe (10232) expected [true] but found [false],
imap_client.exe (10232) doesn`t match registry.exe (10232) expected [true] but found [false]
at com.ei.util.EISoftAssert.assertAll(EISoftAssert.java:52)
at com.ei.test_cases.filter.FiltersOnAlalrmsPage.textFiltersSpecificCharactersTest(FiltersOnAlalrmsPage.java:72)
at sun.reflect.NativeMethodAccessorImpl.invoke0(Native Method)
at sun.reflect.NativeMethodAccessorImpl.invoke(NativeMethodAccessorImpl.java:62)
at sun.reflect.DelegatingMethodAccessorImpl.invoke(DelegatingMethodAccessorImpl.java:43)
at java.lang.reflect.Method.invoke(Method.java:498)
at org.testng.internal.MethodInvocationHelper.invokeMethod(MethodInvocationHelper.java:124)
at org.testng.internal.Invoker.invokeMethod(Invoker.java:583)
at org.testng.internal.Invoker.invokeTestMethod(Invoker.java:719)
at org.testng.internal.Invoker.invokeTestMethods(Invoker.java:989)
at org.testng.internal.TestMethodWorker.invokeTestMethods(TestMethodWorker.java:125)
at org.testng.internal.TestMethodWorker.run(TestMethodWorker.java:109)
at org.testng.TestRunner.privateRun(TestRunner.java:648)
at org.testng.TestRunner.run(TestRunner.java:505)
at org.testng.SuiteRunner.runTest(SuiteRunner.java:455)
at org.testng.SuiteRunner.runSequentially(SuiteRunner.java:450)
at org.testng.SuiteRunner.privateRun(SuiteRunner.java:415)
at org.testng.SuiteRunner.run(SuiteRunner.java:364)
at org.testng.SuiteRunnerWorker.runSuite(SuiteRunnerWorker.java:52)
at org.testng.SuiteRunnerWorker.run(SuiteRunnerWorker.java:84)
at org.testng.TestNG.runSuitesSequentially(TestNG.java:1208)
at org.testng.TestNG.runSuitesLocally(TestNG.java:1137)
at org.testng.TestNG.runSuites(TestNG.java:1049)
at org.testng.TestNG.run(TestNG.java:1017)
at org.apache.maven.surefire.testng.TestNGExecutor.run(TestNGExecutor.java:283)
at org.apache.maven.surefire.testng.TestNGXmlTestSuite.execute(TestNGXmlTestSuite.java:75)
at org.apache.maven.surefire.testng.TestNGProvider.invoke(TestNGProvider.java:120)
at org.apache.maven.surefire.booter.ForkedBooter.invokeProviderInSameClassLoader(ForkedBooter.java:386)
at org.apache.maven.surefire.booter.ForkedBooter.runSuitesInProcess(ForkedBooter.java:323)
at org.apache.maven.surefire.booter.ForkedBooter.main(ForkedBooter.java:143)
]]>
    </failure>
  </testcase> <!-- textFiltersSpecificCharactersTest -->
  <testcase name="textFiltersTest" time="62.696" classname="com.ei.test_cases.filter.FiltersOnAlalrmsPage">
    <error type="org.openqa.selenium.NoSuchElementException" message="no such element: Unable to locate element: {&quot;method&quot;:&quot;xpath&quot;,&quot;selector&quot;:&quot;//div[contains(@id, &#039;r:0, c:17&#039;)]&quot;}
  (Session info: chrome=77.0.3865.90)
For documentation on this error, please visit: https://www.seleniumhq.org/exceptions/no_such_element.html
Build info: version: &#039;3.141.59&#039;, revision: &#039;e82be7d358&#039;, time: &#039;2018-11-14T08:17:03&#039;
System info: host: &#039;WS-LV-CP1904&#039;, ip: &#039;172.25.116.48&#039;, os.name: &#039;Windows 10&#039;, os.arch: &#039;amd64&#039;, os.version: &#039;10.0&#039;, java.version: &#039;1.8.0_181&#039;
Driver info: org.openqa.selenium.chrome.ChromeDriver
Capabilities {acceptInsecureCerts: false, browserName: chrome, browserVersion: 77.0.3865.90, chrome: {chromedriverVersion: 76.0.3809.68 (420c9498db8ce..., userDataDir: C:\Users\VITALI~1.OME\AppDa...}, goog:chromeOptions: {debuggerAddress: localhost:12335}, javascriptEnabled: true, networkConnectionEnabled: false, pageLoadStrategy: normal, platform: XP, platformName: XP, proxy: Proxy(), setWindowRect: true, strictFileInteractability: false, timeouts: {implicit: 0, pageLoad: 300000, script: 30000}, unhandledPromptBehavior: dismiss and notify}
Session ID: 6c1142abbf9f2a57edb1fb91846b6ae0
*** Element info: {Using=xpath, value=//div[contains(@id, &#039;r:0, c:17&#039;)]}">
      <![CDATA[org.openqa.selenium.NoSuchElementException: no such element: Unable to locate element: {"method":"xpath","selector":"//div[contains(@id, 'r:0, c:17')]"}
  (Session info: chrome=77.0.3865.90)
For documentation on this error, please visit: https://www.seleniumhq.org/exceptions/no_such_element.html
Build info: version: '3.141.59', revision: 'e82be7d358', time: '2018-11-14T08:17:03'
System info: host: 'WS-LV-CP1904', ip: '172.25.116.48', os.name: 'Windows 10', os.arch: 'amd64', os.version: '10.0', java.version: '1.8.0_181'
Driver info: org.openqa.selenium.chrome.ChromeDriver
Capabilities {acceptInsecureCerts: false, browserName: chrome, browserVersion: 77.0.3865.90, chrome: {chromedriverVersion: 76.0.3809.68 (420c9498db8ce..., userDataDir: C:\Users\VITALI~1.OME\AppDa...}, goog:chromeOptions: {debuggerAddress: localhost:12335}, javascriptEnabled: true, networkConnectionEnabled: false, pageLoadStrategy: normal, platform: XP, platformName: XP, proxy: Proxy(), setWindowRect: true, strictFileInteractability: false, timeouts: {implicit: 0, pageLoad: 300000, script: 30000}, unhandledPromptBehavior: dismiss and notify}
Session ID: 6c1142abbf9f2a57edb1fb91846b6ae0
*** Element info: {Using=xpath, value=//div[contains(@id, 'r:0, c:17')]}
at sun.reflect.GeneratedConstructorAccessor20.newInstance(Unknown Source)
at sun.reflect.DelegatingConstructorAccessorImpl.newInstance(DelegatingConstructorAccessorImpl.java:45)
at java.lang.reflect.Constructor.newInstance(Constructor.java:423)
at org.openqa.selenium.remote.http.W3CHttpResponseCodec.createException(W3CHttpResponseCodec.java:187)
at org.openqa.selenium.remote.http.W3CHttpResponseCodec.decode(W3CHttpResponseCodec.java:122)
at org.openqa.selenium.remote.http.W3CHttpResponseCodec.decode(W3CHttpResponseCodec.java:49)
at org.openqa.selenium.remote.HttpCommandExecutor.execute(HttpCommandExecutor.java:158)
at org.openqa.selenium.remote.service.DriverCommandExecutor.execute(DriverCommandExecutor.java:83)
at org.openqa.selenium.remote.RemoteWebDriver.execute(RemoteWebDriver.java:552)
at org.openqa.selenium.remote.RemoteWebDriver.findElement(RemoteWebDriver.java:323)
at org.openqa.selenium.remote.RemoteWebDriver.findElementByXPath(RemoteWebDriver.java:428)
at org.openqa.selenium.By$ByXPath.findElement(By.java:353)
at org.openqa.selenium.remote.RemoteWebDriver.findElement(RemoteWebDriver.java:315)
at com.ei.pageObjects.BasePage$3.apply(BasePage.java:85)
at com.ei.pageObjects.BasePage$3.apply(BasePage.java:80)
at org.openqa.selenium.support.ui.FluentWait.until(FluentWait.java:249)
at com.ei.pageObjects.BasePage.waitForUnusualElement(BasePage.java:80)
at com.ei.pageObjects.common.component.TableComponent.getWebElementByColumnNameAndRowNumber(TableComponent.java:42)
at com.ei.businessObjects.FilterOperationsBO.getRandomValue(FilterOperationsBO.java:50)
at com.ei.util.TestUtils.getFilterResult(TestUtils.java:55)
at com.ei.test_cases.filter.FiltersOnAlalrmsPage.textFiltersTest(FiltersOnAlalrmsPage.java:43)
at sun.reflect.NativeMethodAccessorImpl.invoke0(Native Method)
at sun.reflect.NativeMethodAccessorImpl.invoke(NativeMethodAccessorImpl.java:62)
at sun.reflect.DelegatingMethodAccessorImpl.invoke(DelegatingMethodAccessorImpl.java:43)
at java.lang.reflect.Method.invoke(Method.java:498)
at org.testng.internal.MethodInvocationHelper.invokeMethod(MethodInvocationHelper.java:124)
at org.testng.internal.Invoker.invokeMethod(Invoker.java:583)
at org.testng.internal.Invoker.invokeTestMethod(Invoker.java:719)
at org.testng.internal.Invoker.invokeTestMethods(Invoker.java:989)
at org.testng.internal.TestMethodWorker.invokeTestMethods(TestMethodWorker.java:125)
at org.testng.internal.TestMethodWorker.run(TestMethodWorker.java:109)
at org.testng.TestRunner.privateRun(TestRunner.java:648)
at org.testng.TestRunner.run(TestRunner.java:505)
at org.testng.SuiteRunner.runTest(SuiteRunner.java:455)
at org.testng.SuiteRunner.runSequentially(SuiteRunner.java:450)
at org.testng.SuiteRunner.privateRun(SuiteRunner.java:415)
at org.testng.SuiteRunner.run(SuiteRunner.java:364)
at org.testng.SuiteRunnerWorker.runSuite(SuiteRunnerWorker.java:52)
at org.testng.SuiteRunnerWorker.run(SuiteRunnerWorker.java:84)
at org.testng.TestNG.runSuitesSequentially(TestNG.java:1208)
at org.testng.TestNG.runSuitesLocally(TestNG.java:1137)
at org.testng.TestNG.runSuites(TestNG.java:1049)
at org.testng.TestNG.run(TestNG.java:1017)
at org.apache.maven.surefire.testng.TestNGExecutor.run(TestNGExecutor.java:283)
at org.apache.maven.surefire.testng.TestNGXmlTestSuite.execute(TestNGXmlTestSuite.java:75)
at org.apache.maven.surefire.testng.TestNGProvider.invoke(TestNGProvider.java:120)
at org.apache.maven.surefire.booter.ForkedBooter.invokeProviderInSameClassLoader(ForkedBooter.java:386)
at org.apache.maven.surefire.booter.ForkedBooter.runSuitesInProcess(ForkedBooter.java:323)
at org.apache.maven.surefire.booter.ForkedBooter.main(ForkedBooter.java:143)
]]>
    </error>
  </testcase> <!-- textFiltersTest -->
  <testcase name="textFiltersSpecificCharactersTest" time="6.550" classname="com.ei.test_cases.filter.FiltersOnAlalrmsPage">
    <failure type="java.lang.AssertionError" message="The following asserts failed:
	expected [true] but found [false],
	expected [true] but found [false],
	imap_client.exe (10232) doesn`t match file.exe (10232) expected [true] but found [false],
	imap_client.exe (10232) doesn`t match file.exe (10232) expected [true] but found [false],
	imap_client.exe (10232) doesn`t match file.exe (10232) expected [true] but found [false],
	imap_client.exe (10232) doesn`t match file.exe (10232) expected [true] but found [false],
	imap_client.exe (10232) doesn`t match file.exe (10232) expected [true] but found [false],
	imap_client.exe (10232) doesn`t match file.exe (10232) expected [true] but found [false],
	imap_client.exe (10232) doesn`t match file.exe (10232) expected [true] but found [false],
	imap_client.exe (10232) doesn`t match file.exe (10232) expected [true] but found [false],
	imap_client.exe (10232) doesn`t match file.exe (10232) expected [true] but found [false],
	imap_client.exe (10232) doesn`t match registry.exe (10232) expected [true] but found [false],
	imap_client.exe (10232) doesn`t match registry.exe (10232) expected [true] but found [false],
	imap_client.exe (10232) doesn`t match file.exe (10232) expected [true] but found [false],
	imap_client.exe (10232) doesn`t match file.exe (10232) expected [true] but found [false],
	imap_client.exe (10232) doesn`t match file.exe (10232) expected [true] but found [false],
	imap_client.exe (10232) doesn`t match file.exe (10232) expected [true] but found [false],
	imap_client.exe (10232) doesn`t match registry.exe (10232) expected [true] but found [false],
	imap_client.exe (10232) doesn`t match registry.exe (10232) expected [true] but found [false],
	imap_client.exe (10232) doesn`t match file.exe (10232) expected [true] but found [false],
	imap_client.exe (10232) doesn`t match file.exe (10232) expected [true] but found [false],
	imap_client.exe (10232) doesn`t match file.exe (10232) expected [true] but found [false],
	imap_client.exe (10232) doesn`t match file.exe (10232) expected [true] but found [false],
	imap_client.exe (10232) doesn`t match file.exe (10232) expected [true] but found [false],
	imap_client.exe (10232) doesn`t match file.exe (10232) expected [true] but found [false],
	imap_client.exe (10232) doesn`t match registry.exe (10232) expected [true] but found [false],
	imap_client.exe (10232) doesn`t match registry.exe (10232) expected [true] but found [false],
	imap_client.exe (10232) doesn`t match registry.exe (10232) expected [true] but found [false]">
      <![CDATA[java.lang.AssertionError: The following asserts failed:
expected [true] but found [false],
expected [true] but found [false],
imap_client.exe (10232) doesn`t match file.exe (10232) expected [true] but found [false],
imap_client.exe (10232) doesn`t match file.exe (10232) expected [true] but found [false],
imap_client.exe (10232) doesn`t match file.exe (10232) expected [true] but found [false],
imap_client.exe (10232) doesn`t match file.exe (10232) expected [true] but found [false],
imap_client.exe (10232) doesn`t match file.exe (10232) expected [true] but found [false],
imap_client.exe (10232) doesn`t match file.exe (10232) expected [true] but found [false],
imap_client.exe (10232) doesn`t match file.exe (10232) expected [true] but found [false],
imap_client.exe (10232) doesn`t match file.exe (10232) expected [true] but found [false],
imap_client.exe (10232) doesn`t match file.exe (10232) expected [true] but found [false],
imap_client.exe (10232) doesn`t match registry.exe (10232) expected [true] but found [false],
imap_client.exe (10232) doesn`t match registry.exe (10232) expected [true] but found [false],
imap_client.exe (10232) doesn`t match file.exe (10232) expected [true] but found [false],
imap_client.exe (10232) doesn`t match file.exe (10232) expected [true] but found [false],
imap_client.exe (10232) doesn`t match file.exe (10232) expected [true] but found [false],
imap_client.exe (10232) doesn`t match file.exe (10232) expected [true] but found [false],
imap_client.exe (10232) doesn`t match registry.exe (10232) expected [true] but found [false],
imap_client.exe (10232) doesn`t match registry.exe (10232) expected [true] but found [false],
imap_client.exe (10232) doesn`t match file.exe (10232) expected [true] but found [false],
imap_client.exe (10232) doesn`t match file.exe (10232) expected [true] but found [false],
imap_client.exe (10232) doesn`t match file.exe (10232) expected [true] but found [false],
imap_client.exe (10232) doesn`t match file.exe (10232) expected [true] but found [false],
imap_client.exe (10232) doesn`t match file.exe (10232) expected [true] but found [false],
imap_client.exe (10232) doesn`t match file.exe (10232) expected [true] but found [false],
imap_client.exe (10232) doesn`t match registry.exe (10232) expected [true] but found [false],
imap_client.exe (10232) doesn`t match registry.exe (10232) expected [true] but found [false],
imap_client.exe (10232) doesn`t match registry.exe (10232) expected [true] but found [false]
at com.ei.util.EISoftAssert.assertAll(EISoftAssert.java:52)
at com.ei.test_cases.filter.FiltersOnAlalrmsPage.textFiltersSpecificCharactersTest(FiltersOnAlalrmsPage.java:72)
at sun.reflect.NativeMethodAccessorImpl.invoke0(Native Method)
at sun.reflect.NativeMethodAccessorImpl.invoke(NativeMethodAccessorImpl.java:62)
at sun.reflect.DelegatingMethodAccessorImpl.invoke(DelegatingMethodAccessorImpl.java:43)
at java.lang.reflect.Method.invoke(Method.java:498)
at org.testng.internal.MethodInvocationHelper.invokeMethod(MethodInvocationHelper.java:124)
at org.testng.internal.Invoker.invokeMethod(Invoker.java:583)
at org.testng.internal.Invoker.invokeTestMethod(Invoker.java:719)
at org.testng.internal.Invoker.invokeTestMethods(Invoker.java:989)
at org.testng.internal.TestMethodWorker.invokeTestMethods(TestMethodWorker.java:125)
at org.testng.internal.TestMethodWorker.run(TestMethodWorker.java:109)
at org.testng.TestRunner.privateRun(TestRunner.java:648)
at org.testng.TestRunner.run(TestRunner.java:505)
at org.testng.SuiteRunner.runTest(SuiteRunner.java:455)
at org.testng.SuiteRunner.runSequentially(SuiteRunner.java:450)
at org.testng.SuiteRunner.privateRun(SuiteRunner.java:415)
at org.testng.SuiteRunner.run(SuiteRunner.java:364)
at org.testng.SuiteRunnerWorker.runSuite(SuiteRunnerWorker.java:52)
at org.testng.SuiteRunnerWorker.run(SuiteRunnerWorker.java:84)
at org.testng.TestNG.runSuitesSequentially(TestNG.java:1208)
at org.testng.TestNG.runSuitesLocally(TestNG.java:1137)
at org.testng.TestNG.runSuites(TestNG.java:1049)
at org.testng.TestNG.run(TestNG.java:1017)
at org.apache.maven.surefire.testng.TestNGExecutor.run(TestNGExecutor.java:283)
at org.apache.maven.surefire.testng.TestNGXmlTestSuite.execute(TestNGXmlTestSuite.java:75)
at org.apache.maven.surefire.testng.TestNGProvider.invoke(TestNGProvider.java:120)
at org.apache.maven.surefire.booter.ForkedBooter.invokeProviderInSameClassLoader(ForkedBooter.java:386)
at org.apache.maven.surefire.booter.ForkedBooter.runSuitesInProcess(ForkedBooter.java:323)
at org.apache.maven.surefire.booter.ForkedBooter.main(ForkedBooter.java:143)
]]>
    </failure>
  </testcase> <!-- textFiltersSpecificCharactersTest -->
  <testcase name="textFiltersSpecificCharactersTest" time="7.348" classname="com.ei.test_cases.filter.FiltersOnAlalrmsPage">
    <failure type="java.lang.AssertionError" message="The following asserts failed:
	expected [true] but found [false],
	expected [true] but found [false],
	imap_client.exe (10232) doesn`t match file.exe (10232) expected [true] but found [false],
	imap_client.exe (10232) doesn`t match file.exe (10232) expected [true] but found [false],
	imap_client.exe (10232) doesn`t match file.exe (10232) expected [true] but found [false],
	imap_client.exe (10232) doesn`t match file.exe (10232) expected [true] but found [false],
	imap_client.exe (10232) doesn`t match file.exe (10232) expected [true] but found [false],
	imap_client.exe (10232) doesn`t match file.exe (10232) expected [true] but found [false],
	imap_client.exe (10232) doesn`t match file.exe (10232) expected [true] but found [false],
	imap_client.exe (10232) doesn`t match file.exe (10232) expected [true] but found [false],
	imap_client.exe (10232) doesn`t match file.exe (10232) expected [true] but found [false],
	imap_client.exe (10232) doesn`t match registry.exe (10232) expected [true] but found [false],
	imap_client.exe (10232) doesn`t match registry.exe (10232) expected [true] but found [false],
	imap_client.exe (10232) doesn`t match file.exe (10232) expected [true] but found [false],
	imap_client.exe (10232) doesn`t match file.exe (10232) expected [true] but found [false],
	imap_client.exe (10232) doesn`t match file.exe (10232) expected [true] but found [false],
	imap_client.exe (10232) doesn`t match file.exe (10232) expected [true] but found [false],
	imap_client.exe (10232) doesn`t match registry.exe (10232) expected [true] but found [false],
	imap_client.exe (10232) doesn`t match registry.exe (10232) expected [true] but found [false],
	imap_client.exe (10232) doesn`t match file.exe (10232) expected [true] but found [false],
	imap_client.exe (10232) doesn`t match file.exe (10232) expected [true] but found [false],
	imap_client.exe (10232) doesn`t match file.exe (10232) expected [true] but found [false],
	imap_client.exe (10232) doesn`t match file.exe (10232) expected [true] but found [false],
	imap_client.exe (10232) doesn`t match file.exe (10232) expected [true] but found [false],
	imap_client.exe (10232) doesn`t match file.exe (10232) expected [true] but found [false],
	imap_client.exe (10232) doesn`t match registry.exe (10232) expected [true] but found [false],
	imap_client.exe (10232) doesn`t match registry.exe (10232) expected [true] but found [false],
	imap_client.exe (10232) doesn`t match registry.exe (10232) expected [true] but found [false]">
      <![CDATA[java.lang.AssertionError: The following asserts failed:
expected [true] but found [false],
expected [true] but found [false],
imap_client.exe (10232) doesn`t match file.exe (10232) expected [true] but found [false],
imap_client.exe (10232) doesn`t match file.exe (10232) expected [true] but found [false],
imap_client.exe (10232) doesn`t match file.exe (10232) expected [true] but found [false],
imap_client.exe (10232) doesn`t match file.exe (10232) expected [true] but found [false],
imap_client.exe (10232) doesn`t match file.exe (10232) expected [true] but found [false],
imap_client.exe (10232) doesn`t match file.exe (10232) expected [true] but found [false],
imap_client.exe (10232) doesn`t match file.exe (10232) expected [true] but found [false],
imap_client.exe (10232) doesn`t match file.exe (10232) expected [true] but found [false],
imap_client.exe (10232) doesn`t match file.exe (10232) expected [true] but found [false],
imap_client.exe (10232) doesn`t match registry.exe (10232) expected [true] but found [false],
imap_client.exe (10232) doesn`t match registry.exe (10232) expected [true] but found [false],
imap_client.exe (10232) doesn`t match file.exe (10232) expected [true] but found [false],
imap_client.exe (10232) doesn`t match file.exe (10232) expected [true] but found [false],
imap_client.exe (10232) doesn`t match file.exe (10232) expected [true] but found [false],
imap_client.exe (10232) doesn`t match file.exe (10232) expected [true] but found [false],
imap_client.exe (10232) doesn`t match registry.exe (10232) expected [true] but found [false],
imap_client.exe (10232) doesn`t match registry.exe (10232) expected [true] but found [false],
imap_client.exe (10232) doesn`t match file.exe (10232) expected [true] but found [false],
imap_client.exe (10232) doesn`t match file.exe (10232) expected [true] but found [false],
imap_client.exe (10232) doesn`t match file.exe (10232) expected [true] but found [false],
imap_client.exe (10232) doesn`t match file.exe (10232) expected [true] but found [false],
imap_client.exe (10232) doesn`t match file.exe (10232) expected [true] but found [false],
imap_client.exe (10232) doesn`t match file.exe (10232) expected [true] but found [false],
imap_client.exe (10232) doesn`t match registry.exe (10232) expected [true] but found [false],
imap_client.exe (10232) doesn`t match registry.exe (10232) expected [true] but found [false],
imap_client.exe (10232) doesn`t match registry.exe (10232) expected [true] but found [false]
at com.ei.util.EISoftAssert.assertAll(EISoftAssert.java:52)
at com.ei.test_cases.filter.FiltersOnAlalrmsPage.textFiltersSpecificCharactersTest(FiltersOnAlalrmsPage.java:72)
at sun.reflect.NativeMethodAccessorImpl.invoke0(Native Method)
at sun.reflect.NativeMethodAccessorImpl.invoke(NativeMethodAccessorImpl.java:62)
at sun.reflect.DelegatingMethodAccessorImpl.invoke(DelegatingMethodAccessorImpl.java:43)
at java.lang.reflect.Method.invoke(Method.java:498)
at org.testng.internal.MethodInvocationHelper.invokeMethod(MethodInvocationHelper.java:124)
at org.testng.internal.Invoker.invokeMethod(Invoker.java:583)
at org.testng.internal.Invoker.invokeTestMethod(Invoker.java:719)
at org.testng.internal.Invoker.invokeTestMethods(Invoker.java:989)
at org.testng.internal.TestMethodWorker.invokeTestMethods(TestMethodWorker.java:125)
at org.testng.internal.TestMethodWorker.run(TestMethodWorker.java:109)
at org.testng.TestRunner.privateRun(TestRunner.java:648)
at org.testng.TestRunner.run(TestRunner.java:505)
at org.testng.SuiteRunner.runTest(SuiteRunner.java:455)
at org.testng.SuiteRunner.runSequentially(SuiteRunner.java:450)
at org.testng.SuiteRunner.privateRun(SuiteRunner.java:415)
at org.testng.SuiteRunner.run(SuiteRunner.java:364)
at org.testng.SuiteRunnerWorker.runSuite(SuiteRunnerWorker.java:52)
at org.testng.SuiteRunnerWorker.run(SuiteRunnerWorker.java:84)
at org.testng.TestNG.runSuitesSequentially(TestNG.java:1208)
at org.testng.TestNG.runSuitesLocally(TestNG.java:1137)
at org.testng.TestNG.runSuites(TestNG.java:1049)
at org.testng.TestNG.run(TestNG.java:1017)
at org.apache.maven.surefire.testng.TestNGExecutor.run(TestNGExecutor.java:283)
at org.apache.maven.surefire.testng.TestNGXmlTestSuite.execute(TestNGXmlTestSuite.java:75)
at org.apache.maven.surefire.testng.TestNGProvider.invoke(TestNGProvider.java:120)
at org.apache.maven.surefire.booter.ForkedBooter.invokeProviderInSameClassLoader(ForkedBooter.java:386)
at org.apache.maven.surefire.booter.ForkedBooter.runSuitesInProcess(ForkedBooter.java:323)
at org.apache.maven.surefire.booter.ForkedBooter.main(ForkedBooter.java:143)
]]>
    </failure>
  </testcase> <!-- textFiltersSpecificCharactersTest -->
</testsuite> <!-- com.ei.test_cases.filter.FiltersOnAlalrmsPage -->
